2022-09-21 18:00:28,667 | INFO | Threshold of 18.00 provides Large bucket size: 18, Small Bucket size: 46, Extra Bucket size: 9

2022-09-21 18:00:28,678 | INFO | SVC with RBF Kernel Results:

2022-09-21 18:00:33,897 | INFO | Best parameter set: {'C': 56, 'break_ties': False, 'class_weight': 'balanced', 'gamma': 0.001}
2022-09-21 18:00:33,897 | INFO | -------------------------

2022-09-21 18:00:33,898 | INFO | Train MCC Score: 0.904.  StDev for Train MCC: 0.045.  Test MCC Score: 0.340.  StDev for Test MCC: 0.166.

2022-09-21 18:00:33,915 | INFO | Training Accuracy: 0.948, Training MCC: 0.900, Validation Accuracy: 0.667, Validation MCC: 0.330, Fold: 1
2022-09-21 18:00:33,929 | INFO | Training Accuracy: 0.948, Training MCC: 0.903, Validation Accuracy: 0.533, Validation MCC: 0.185, Fold: 2
2022-09-21 18:00:33,944 | INFO | Training Accuracy: 0.931, Training MCC: 0.868, Validation Accuracy: 0.533, Validation MCC: 0.136, Fold: 3
2022-09-21 18:00:33,965 | INFO | Training Accuracy: 0.948, Training MCC: 0.900, Validation Accuracy: 0.600, Validation MCC: 0.125, Fold: 4
2022-09-21 18:00:33,986 | INFO | Training Accuracy: 0.948, Training MCC: 0.901, Validation Accuracy: 0.533, Validation MCC: -0.062, Fold: 5
2022-09-21 18:00:33,986 | INFO | AVG Training Accuracy: 0.945, AVG Training MCC: 0.894, AVG Validation Accuracy: 0.573, AVG Validation MCC: 0.143

2022-09-21 18:11:24,022 | INFO | SFS only results:

2022-09-21 18:11:24,916 | INFO | Best parameter set: {'C': 51, 'break_ties': False, 'class_weight': 'balanced', 'gamma': 0.001}
2022-09-21 18:11:24,916 | INFO | -------------------------

2022-09-21 18:11:24,917 | INFO | Train MCC Score: 0.865.  StDev for Train MCC: 0.038.  Test MCC Score: 0.611.  StDev for Test MCC: 0.123.

2022-09-21 18:11:24,923 | INFO | Training Accuracy: 0.914, Training MCC: 0.834, Validation Accuracy: 0.733, Validation MCC: 0.484, Fold: 1
2022-09-21 18:11:24,927 | INFO | Training Accuracy: 0.931, Training MCC: 0.868, Validation Accuracy: 0.467, Validation MCC: -0.055, Fold: 2
2022-09-21 18:11:24,931 | INFO | Training Accuracy: 0.931, Training MCC: 0.868, Validation Accuracy: 0.533, Validation MCC: 0.168, Fold: 3
2022-09-21 18:11:24,935 | INFO | Training Accuracy: 0.931, Training MCC: 0.866, Validation Accuracy: 0.667, Validation MCC: 0.389, Fold: 4
2022-09-21 18:11:24,939 | INFO | Training Accuracy: 0.931, Training MCC: 0.868, Validation Accuracy: 0.667, Validation MCC: 0.330, Fold: 5
2022-09-21 18:11:24,939 | INFO | AVG Training Accuracy: 0.928, AVG Training MCC: 0.861, AVG Validation Accuracy: 0.613, AVG Validation MCC: 0.263

2022-09-21 18:11:24,946 | INFO | Results after PCA:
2022-09-21 18:11:24,947 | INFO | ------------------

2022-09-21 18:11:24,957 | INFO | Selecting 24 principal components making up 75% of the variance.

2022-09-21 18:11:25,738 | INFO | Best parameter set: {'C': 66, 'break_ties': False, 'class_weight': 'balanced', 'gamma': 0.001}
2022-09-21 18:11:25,738 | INFO | -------------------------

2022-09-21 18:11:25,739 | INFO | Train MCC Score: 0.755.  StDev for Train MCC: 0.045.  Test MCC Score: 0.581.  StDev for Test MCC: 0.218.

2022-09-21 18:11:25,745 | INFO | Training Accuracy: 0.793, Training MCC: 0.627, Validation Accuracy: 0.800, Validation MCC: 0.628, Fold: 1
2022-09-21 18:11:25,748 | INFO | Training Accuracy: 0.828, Training MCC: 0.673, Validation Accuracy: 0.600, Validation MCC: 0.222, Fold: 2
2022-09-21 18:11:25,752 | INFO | Training Accuracy: 0.862, Training MCC: 0.748, Validation Accuracy: 0.667, Validation MCC: 0.380, Fold: 3
2022-09-21 18:11:25,755 | INFO | Training Accuracy: 0.845, Training MCC: 0.701, Validation Accuracy: 0.867, Validation MCC: 0.758, Fold: 4
2022-09-21 18:11:25,758 | INFO | Training Accuracy: 0.845, Training MCC: 0.718, Validation Accuracy: 0.600, Validation MCC: 0.196, Fold: 5
2022-09-21 18:11:25,759 | INFO | AVG Training Accuracy: 0.834, AVG Training MCC: 0.693, AVG Validation Accuracy: 0.707, AVG Validation MCC: 0.437

2022-09-21 18:11:25,773 | INFO | Selecting 28 principal components making up 80% of the variance.

2022-09-21 18:11:26,556 | INFO | Best parameter set: {'C': 76, 'break_ties': False, 'class_weight': 'balanced', 'gamma': 0.001}
2022-09-21 18:11:26,557 | INFO | -------------------------

2022-09-21 18:11:26,558 | INFO | Train MCC Score: 0.787.  StDev for Train MCC: 0.035.  Test MCC Score: 0.614.  StDev for Test MCC: 0.219.

2022-09-21 18:11:26,563 | INFO | Training Accuracy: 0.810, Training MCC: 0.659, Validation Accuracy: 0.800, Validation MCC: 0.628, Fold: 1
2022-09-21 18:11:26,567 | INFO | Training Accuracy: 0.862, Training MCC: 0.740, Validation Accuracy: 0.667, Validation MCC: 0.415, Fold: 2
2022-09-21 18:11:26,570 | INFO | Training Accuracy: 0.948, Training MCC: 0.900, Validation Accuracy: 0.533, Validation MCC: 0.200, Fold: 3
2022-09-21 18:11:26,574 | INFO | Training Accuracy: 0.914, Training MCC: 0.834, Validation Accuracy: 0.667, Validation MCC: 0.422, Fold: 4
2022-09-21 18:11:26,577 | INFO | Training Accuracy: 0.879, Training MCC: 0.778, Validation Accuracy: 0.533, Validation MCC: 0.082, Fold: 5
2022-09-21 18:11:26,577 | INFO | AVG Training Accuracy: 0.883, AVG Training MCC: 0.782, AVG Validation Accuracy: 0.640, AVG Validation MCC: 0.349

2022-09-21 18:11:26,590 | INFO | Selecting 32 principal components making up 85% of the variance.

2022-09-21 18:11:27,398 | INFO | Best parameter set: {'C': 6, 'break_ties': False, 'class_weight': 'balanced', 'gamma': 0.01}
2022-09-21 18:11:27,399 | INFO | -------------------------

2022-09-21 18:11:27,400 | INFO | Train MCC Score: 0.818.  StDev for Train MCC: 0.039.  Test MCC Score: 0.568.  StDev for Test MCC: 0.254.

2022-09-21 18:11:27,405 | INFO | Training Accuracy: 0.897, Training MCC: 0.803, Validation Accuracy: 0.733, Validation MCC: 0.484, Fold: 1
2022-09-21 18:11:27,408 | INFO | Training Accuracy: 0.914, Training MCC: 0.838, Validation Accuracy: 0.467, Validation MCC: -0.055, Fold: 2
2022-09-21 18:11:27,412 | INFO | Training Accuracy: 0.931, Training MCC: 0.865, Validation Accuracy: 0.533, Validation MCC: 0.168, Fold: 3
2022-09-21 18:11:27,415 | INFO | Training Accuracy: 0.897, Training MCC: 0.803, Validation Accuracy: 0.733, Validation MCC: 0.540, Fold: 4
2022-09-21 18:11:27,419 | INFO | Training Accuracy: 0.897, Training MCC: 0.807, Validation Accuracy: 0.533, Validation MCC: 0.082, Fold: 5
2022-09-21 18:11:27,419 | INFO | AVG Training Accuracy: 0.907, AVG Training MCC: 0.823, AVG Validation Accuracy: 0.600, AVG Validation MCC: 0.244

2022-09-21 18:11:27,432 | INFO | Selecting 38 principal components making up 90% of the variance.

2022-09-21 18:11:28,265 | INFO | Best parameter set: {'C': 46, 'break_ties': False, 'class_weight': 'balanced', 'gamma': 0.001}
2022-09-21 18:11:28,265 | INFO | -------------------------

2022-09-21 18:11:28,266 | INFO | Train MCC Score: 0.829.  StDev for Train MCC: 0.031.  Test MCC Score: 0.573.  StDev for Test MCC: 0.174.

2022-09-21 18:11:28,272 | INFO | Training Accuracy: 0.897, Training MCC: 0.803, Validation Accuracy: 0.733, Validation MCC: 0.484, Fold: 1
2022-09-21 18:11:28,275 | INFO | Training Accuracy: 0.914, Training MCC: 0.833, Validation Accuracy: 0.467, Validation MCC: -0.055, Fold: 2
2022-09-21 18:11:28,278 | INFO | Training Accuracy: 0.931, Training MCC: 0.865, Validation Accuracy: 0.533, Validation MCC: 0.168, Fold: 3
2022-09-21 18:11:28,282 | INFO | Training Accuracy: 0.914, Training MCC: 0.834, Validation Accuracy: 0.733, Validation MCC: 0.540, Fold: 4
2022-09-21 18:11:28,285 | INFO | Training Accuracy: 0.897, Training MCC: 0.807, Validation Accuracy: 0.600, Validation MCC: 0.220, Fold: 5
2022-09-21 18:11:28,285 | INFO | AVG Training Accuracy: 0.910, AVG Training MCC: 0.829, AVG Validation Accuracy: 0.613, AVG Validation MCC: 0.271

2022-09-21 18:11:28,297 | INFO | Selecting 46 principal components making up 95% of the variance.

2022-09-21 18:11:29,094 | INFO | Best parameter set: {'C': 51, 'break_ties': False, 'class_weight': 'balanced', 'gamma': 0.001}
2022-09-21 18:11:29,094 | INFO | -------------------------

2022-09-21 18:11:29,095 | INFO | Train MCC Score: 0.871.  StDev for Train MCC: 0.036.  Test MCC Score: 0.583.  StDev for Test MCC: 0.096.

2022-09-21 18:11:29,101 | INFO | Training Accuracy: 0.914, Training MCC: 0.834, Validation Accuracy: 0.733, Validation MCC: 0.484, Fold: 1
2022-09-21 18:11:29,105 | INFO | Training Accuracy: 0.931, Training MCC: 0.868, Validation Accuracy: 0.600, Validation MCC: 0.241, Fold: 2
2022-09-21 18:11:29,110 | INFO | Training Accuracy: 0.948, Training MCC: 0.900, Validation Accuracy: 0.533, Validation MCC: 0.168, Fold: 3
2022-09-21 18:11:29,113 | INFO | Training Accuracy: 0.931, Training MCC: 0.866, Validation Accuracy: 0.667, Validation MCC: 0.389, Fold: 4
2022-09-21 18:11:29,117 | INFO | Training Accuracy: 0.931, Training MCC: 0.870, Validation Accuracy: 0.600, Validation MCC: 0.196, Fold: 5
2022-09-21 18:11:29,118 | INFO | AVG Training Accuracy: 0.931, AVG Training MCC: 0.868, AVG Validation Accuracy: 0.627, AVG Validation MCC: 0.296

2022-09-21 18:11:29,131 | INFO | Selecting 73 principal components making up 100% of the variance.

2022-09-21 18:11:29,960 | INFO | Best parameter set: {'C': 51, 'break_ties': False, 'class_weight': 'balanced', 'gamma': 0.001}
2022-09-21 18:11:29,961 | INFO | -------------------------

2022-09-21 18:11:29,962 | INFO | Train MCC Score: 0.865.  StDev for Train MCC: 0.038.  Test MCC Score: 0.611.  StDev for Test MCC: 0.123.

2022-09-21 18:11:29,968 | INFO | Training Accuracy: 0.914, Training MCC: 0.834, Validation Accuracy: 0.733, Validation MCC: 0.484, Fold: 1
2022-09-21 18:11:29,972 | INFO | Training Accuracy: 0.931, Training MCC: 0.868, Validation Accuracy: 0.467, Validation MCC: -0.055, Fold: 2
2022-09-21 18:11:29,976 | INFO | Training Accuracy: 0.931, Training MCC: 0.868, Validation Accuracy: 0.533, Validation MCC: 0.168, Fold: 3
2022-09-21 18:11:29,980 | INFO | Training Accuracy: 0.931, Training MCC: 0.866, Validation Accuracy: 0.667, Validation MCC: 0.389, Fold: 4
2022-09-21 18:11:29,984 | INFO | Training Accuracy: 0.931, Training MCC: 0.868, Validation Accuracy: 0.667, Validation MCC: 0.330, Fold: 5
2022-09-21 18:11:29,985 | INFO | AVG Training Accuracy: 0.928, AVG Training MCC: 0.861, AVG Validation Accuracy: 0.613, AVG Validation MCC: 0.263

2022-09-21 18:11:30,002 | INFO | XGBoost Classifier Results:

2022-09-21 18:28:36,789 | INFO | Best parameter set: {'alpha': 0.6000000000000001, 'gamma': 2, 'lambda': 1, 'max_depth': 2, 'n_estimators': 1, 'subsample': 0.5}
2022-09-21 18:28:36,789 | INFO | -------------------------

2022-09-21 18:28:36,798 | INFO | Train MCC Score: 0.492.  StDev for Train MCC: 0.084.  Test MCC Score: 0.357.  StDev for Test MCC: 0.097.

2022-09-21 18:28:36,860 | INFO | Training Accuracy: 0.707, Training MCC: 0.369, Validation Accuracy: 0.533, Validation MCC: 0.048, Fold: 1
2022-09-21 18:28:36,898 | INFO | Training Accuracy: 0.741, Training MCC: 0.452, Validation Accuracy: 0.667, Validation MCC: 0.311, Fold: 2
2022-09-21 18:28:36,936 | INFO | Training Accuracy: 0.724, Training MCC: 0.404, Validation Accuracy: 0.600, Validation MCC: 0.159, Fold: 3
2022-09-21 18:28:36,976 | INFO | Training Accuracy: 0.672, Training MCC: 0.260, Validation Accuracy: 0.467, Validation MCC: -0.096, Fold: 4
2022-09-21 18:28:37,016 | INFO | Training Accuracy: 0.690, Training MCC: 0.303, Validation Accuracy: 0.667, Validation MCC: 0.311, Fold: 5
2022-09-21 18:28:37,017 | INFO | AVG Training Accuracy: 0.707, AVG Training MCC: 0.358, AVG Validation Accuracy: 0.587, AVG Validation MCC: 0.147

2022-09-21 18:48:52,760 | INFO | SFS only results:

2022-09-21 18:55:41,427 | INFO | Best parameter set: {'alpha': 0.0, 'gamma': 2, 'lambda': 1, 'max_depth': 2, 'n_estimators': 1, 'subsample': 0.5}
2022-09-21 18:55:41,428 | INFO | -------------------------

2022-09-21 18:55:41,436 | INFO | Train MCC Score: 0.471.  StDev for Train MCC: 0.063.  Test MCC Score: 0.547.  StDev for Test MCC: 0.102.

2022-09-21 18:55:41,466 | INFO | Training Accuracy: 0.724, Training MCC: 0.431, Validation Accuracy: 0.600, Validation MCC: 0.119, Fold: 1
2022-09-21 18:55:41,477 | INFO | Training Accuracy: 0.741, Training MCC: 0.461, Validation Accuracy: 0.600, Validation MCC: 0.159, Fold: 2
2022-09-21 18:55:41,492 | INFO | Training Accuracy: 0.621, Training MCC: 0.246, Validation Accuracy: 0.600, Validation MCC: 0.191, Fold: 3
2022-09-21 18:55:41,503 | INFO | Training Accuracy: 0.672, Training MCC: 0.259, Validation Accuracy: 0.600, Validation MCC: 0.000, Fold: 4
2022-09-21 18:55:41,513 | INFO | Training Accuracy: 0.707, Training MCC: 0.374, Validation Accuracy: 0.600, Validation MCC: 0.196, Fold: 5
2022-09-21 18:55:41,513 | INFO | AVG Training Accuracy: 0.693, AVG Training MCC: 0.354, AVG Validation Accuracy: 0.600, AVG Validation MCC: 0.133

2022-09-21 18:55:41,526 | INFO | Results after PCA:
2022-09-21 18:55:41,526 | INFO | ------------------

2022-09-21 18:55:41,530 | INFO | Selecting 20 principal components making up 75% of the variance.

2022-09-21 18:58:19,074 | INFO | Best parameter set: {'alpha': 0.0, 'gamma': 0, 'lambda': 1, 'max_depth': 4, 'n_estimators': 14, 'subsample': 0.5}
2022-09-21 18:58:19,074 | INFO | -------------------------

2022-09-21 18:58:19,082 | INFO | Train MCC Score: 0.895.  StDev for Train MCC: 0.048.  Test MCC Score: 0.238.  StDev for Test MCC: 0.177.

2022-09-21 18:58:19,123 | INFO | Training Accuracy: 0.931, Training MCC: 0.865, Validation Accuracy: 0.733, Validation MCC: 0.498, Fold: 1
2022-09-21 18:58:19,152 | INFO | Training Accuracy: 0.931, Training MCC: 0.865, Validation Accuracy: 0.667, Validation MCC: 0.380, Fold: 2
2022-09-21 18:58:19,166 | INFO | Training Accuracy: 0.931, Training MCC: 0.868, Validation Accuracy: 0.667, Validation MCC: 0.361, Fold: 3
2022-09-21 18:58:19,180 | INFO | Training Accuracy: 0.879, Training MCC: 0.762, Validation Accuracy: 0.600, Validation MCC: 0.000, Fold: 4
2022-09-21 18:58:19,199 | INFO | Training Accuracy: 0.931, Training MCC: 0.868, Validation Accuracy: 0.533, Validation MCC: -0.170, Fold: 5
2022-09-21 18:58:19,199 | INFO | AVG Training Accuracy: 0.921, AVG Training MCC: 0.846, AVG Validation Accuracy: 0.640, AVG Validation MCC: 0.214

2022-09-21 18:58:19,216 | INFO | Selecting 24 principal components making up 80% of the variance.

2022-09-21 19:01:01,955 | INFO | Best parameter set: {'alpha': 0.0, 'gamma': 0, 'lambda': 1, 'max_depth': 4, 'n_estimators': 4, 'subsample': 1}
2022-09-21 19:01:01,955 | INFO | -------------------------

2022-09-21 19:01:01,963 | INFO | Train MCC Score: 0.981.  StDev for Train MCC: 0.016.  Test MCC Score: 0.255.  StDev for Test MCC: 0.173.

2022-09-21 19:01:01,994 | INFO | Training Accuracy: 0.966, Training MCC: 0.934, Validation Accuracy: 0.800, Validation MCC: 0.628, Fold: 1
2022-09-21 19:01:02,006 | INFO | Training Accuracy: 0.983, Training MCC: 0.967, Validation Accuracy: 0.400, Validation MCC: -0.065, Fold: 2
2022-09-21 19:01:02,020 | INFO | Training Accuracy: 0.983, Training MCC: 0.967, Validation Accuracy: 0.600, Validation MCC: 0.191, Fold: 3
2022-09-21 19:01:02,033 | INFO | Training Accuracy: 0.966, Training MCC: 0.934, Validation Accuracy: 0.733, Validation MCC: 0.498, Fold: 4
2022-09-21 19:01:02,043 | INFO | Training Accuracy: 0.983, Training MCC: 0.968, Validation Accuracy: 0.600, Validation MCC: 0.191, Fold: 5
2022-09-21 19:01:02,043 | INFO | AVG Training Accuracy: 0.976, AVG Training MCC: 0.954, AVG Validation Accuracy: 0.627, AVG Validation MCC: 0.289

2022-09-21 19:01:02,059 | INFO | Selecting 29 principal components making up 85% of the variance.

2022-09-21 19:03:54,822 | INFO | Best parameter set: {'alpha': 0.0, 'gamma': 0, 'lambda': 1, 'max_depth': 5, 'n_estimators': 4, 'subsample': 1}
2022-09-21 19:03:54,823 | INFO | -------------------------

2022-09-21 19:03:54,831 | INFO | Train MCC Score: 0.975.  StDev for Train MCC: 0.024.  Test MCC Score: 0.315.  StDev for Test MCC: 0.142.

2022-09-21 19:03:54,863 | INFO | Training Accuracy: 0.966, Training MCC: 0.934, Validation Accuracy: 0.800, Validation MCC: 0.632, Fold: 1
2022-09-21 19:03:54,875 | INFO | Training Accuracy: 0.983, Training MCC: 0.967, Validation Accuracy: 0.400, Validation MCC: -0.047, Fold: 2
2022-09-21 19:03:54,889 | INFO | Training Accuracy: 0.966, Training MCC: 0.934, Validation Accuracy: 0.600, Validation MCC: 0.191, Fold: 3
2022-09-21 19:03:54,901 | INFO | Training Accuracy: 0.948, Training MCC: 0.902, Validation Accuracy: 0.600, Validation MCC: 0.000, Fold: 4
2022-09-21 19:03:54,914 | INFO | Training Accuracy: 0.983, Training MCC: 0.968, Validation Accuracy: 0.600, Validation MCC: 0.191, Fold: 5
2022-09-21 19:03:54,914 | INFO | AVG Training Accuracy: 0.969, AVG Training MCC: 0.941, AVG Validation Accuracy: 0.600, AVG Validation MCC: 0.194

2022-09-21 19:03:54,931 | INFO | Selecting 35 principal components making up 90% of the variance.

2022-09-21 19:07:00,964 | INFO | Best parameter set: {'alpha': 0.0, 'gamma': 0, 'lambda': 1, 'max_depth': 4, 'n_estimators': 1, 'subsample': 1}
2022-09-21 19:07:00,965 | INFO | -------------------------

2022-09-21 19:07:00,973 | INFO | Train MCC Score: 0.911.  StDev for Train MCC: 0.047.  Test MCC Score: 0.210.  StDev for Test MCC: 0.192.

2022-09-21 19:07:01,003 | INFO | Training Accuracy: 0.966, Training MCC: 0.935, Validation Accuracy: 0.800, Validation MCC: 0.639, Fold: 1
2022-09-21 19:07:01,012 | INFO | Training Accuracy: 0.983, Training MCC: 0.967, Validation Accuracy: 0.400, Validation MCC: -0.047, Fold: 2
2022-09-21 19:07:01,026 | INFO | Training Accuracy: 0.931, Training MCC: 0.866, Validation Accuracy: 0.667, Validation MCC: 0.380, Fold: 3
2022-09-21 19:07:01,037 | INFO | Training Accuracy: 0.879, Training MCC: 0.766, Validation Accuracy: 0.400, Validation MCC: -0.239, Fold: 4
2022-09-21 19:07:01,050 | INFO | Training Accuracy: 0.879, Training MCC: 0.771, Validation Accuracy: 0.667, Validation MCC: 0.389, Fold: 5
2022-09-21 19:07:01,050 | INFO | AVG Training Accuracy: 0.928, AVG Training MCC: 0.861, AVG Validation Accuracy: 0.587, AVG Validation MCC: 0.224

2022-09-21 19:07:01,066 | INFO | Selecting 43 principal components making up 95% of the variance.

2022-09-21 19:10:18,090 | INFO | Best parameter set: {'alpha': 0.0, 'gamma': 0, 'lambda': 1, 'max_depth': 2, 'n_estimators': 8, 'subsample': 0.5}
2022-09-21 19:10:18,090 | INFO | -------------------------

2022-09-21 19:10:18,099 | INFO | Train MCC Score: 0.790.  StDev for Train MCC: 0.027.  Test MCC Score: 0.237.  StDev for Test MCC: 0.097.

2022-09-21 19:10:18,137 | INFO | Training Accuracy: 0.914, Training MCC: 0.836, Validation Accuracy: 0.600, Validation MCC: 0.147, Fold: 1
2022-09-21 19:10:18,150 | INFO | Training Accuracy: 0.862, Training MCC: 0.732, Validation Accuracy: 0.533, Validation MCC: 0.104, Fold: 2
2022-09-21 19:10:18,163 | INFO | Training Accuracy: 0.862, Training MCC: 0.732, Validation Accuracy: 0.667, Validation MCC: 0.311, Fold: 3
2022-09-21 19:10:18,174 | INFO | Training Accuracy: 0.845, Training MCC: 0.692, Validation Accuracy: 0.533, Validation MCC: -0.170, Fold: 4
2022-09-21 19:10:18,185 | INFO | Training Accuracy: 0.897, Training MCC: 0.802, Validation Accuracy: 0.600, Validation MCC: 0.000, Fold: 5
2022-09-21 19:10:18,185 | INFO | AVG Training Accuracy: 0.876, AVG Training MCC: 0.759, AVG Validation Accuracy: 0.587, AVG Validation MCC: 0.078

2022-09-21 19:10:18,203 | INFO | Selecting 69 principal components making up 100% of the variance.

2022-09-21 19:14:21,979 | INFO | Best parameter set: {'alpha': 0.0, 'gamma': 2, 'lambda': 1, 'max_depth': 3, 'n_estimators': 2, 'subsample': 1}
2022-09-21 19:14:21,980 | INFO | -------------------------

2022-09-21 19:14:21,989 | INFO | Train MCC Score: 0.807.  StDev for Train MCC: 0.049.  Test MCC Score: 0.258.  StDev for Test MCC: 0.183.

2022-09-21 19:14:22,021 | INFO | Training Accuracy: 0.897, Training MCC: 0.798, Validation Accuracy: 0.600, Validation MCC: 0.119, Fold: 1
2022-09-21 19:14:22,033 | INFO | Training Accuracy: 0.897, Training MCC: 0.798, Validation Accuracy: 0.667, Validation MCC: 0.330, Fold: 2
2022-09-21 19:14:22,044 | INFO | Training Accuracy: 0.914, Training MCC: 0.831, Validation Accuracy: 0.667, Validation MCC: 0.380, Fold: 3
2022-09-21 19:14:22,058 | INFO | Training Accuracy: 0.914, Training MCC: 0.835, Validation Accuracy: 0.533, Validation MCC: -0.170, Fold: 4
2022-09-21 19:14:22,069 | INFO | Training Accuracy: 0.914, Training MCC: 0.836, Validation Accuracy: 0.600, Validation MCC: 0.159, Fold: 5
2022-09-21 19:14:22,069 | INFO | AVG Training Accuracy: 0.907, AVG Training MCC: 0.820, AVG Validation Accuracy: 0.613, AVG Validation MCC: 0.163

2022-09-21 19:14:22,091 | INFO | Random Forest Classifier Results:

2022-09-21 19:15:35,878 | INFO | Best parameter set: {'ccp_alpha': 0.1, 'criterion': 'entropy', 'max_depth': 9, 'max_features': 1.0, 'n_estimators': 15}
2022-09-21 19:15:35,878 | INFO | -------------------------

2022-09-21 19:15:35,880 | INFO | Train MCC Score: 0.935.  StDev for Train MCC: 0.041.  Test MCC Score: 0.407.  StDev for Test MCC: 0.271.

2022-09-21 19:15:35,936 | INFO | Training Accuracy: 0.948, Training MCC: 0.903, Validation Accuracy: 0.667, Validation MCC: 0.330, Fold: 1
2022-09-21 19:15:35,990 | INFO | Training Accuracy: 0.966, Training MCC: 0.934, Validation Accuracy: 0.467, Validation MCC: -0.095, Fold: 2
2022-09-21 19:15:36,044 | INFO | Training Accuracy: 0.966, Training MCC: 0.934, Validation Accuracy: 0.667, Validation MCC: 0.380, Fold: 3
2022-09-21 19:15:36,096 | INFO | Training Accuracy: 0.966, Training MCC: 0.934, Validation Accuracy: 0.667, Validation MCC: 0.318, Fold: 4
2022-09-21 19:15:36,148 | INFO | Training Accuracy: 0.983, Training MCC: 0.967, Validation Accuracy: 0.533, Validation MCC: 0.000, Fold: 5
2022-09-21 19:15:36,149 | INFO | AVG Training Accuracy: 0.966, AVG Training MCC: 0.934, AVG Validation Accuracy: 0.600, AVG Validation MCC: 0.186

2022-09-21 20:10:52,225 | INFO | SFS only results:

2022-09-21 20:11:35,551 | INFO | Best parameter set: {'ccp_alpha': 0.0, 'criterion': 'gini', 'max_depth': 3, 'max_features': 0.3, 'n_estimators': 3}
2022-09-21 20:11:35,551 | INFO | -------------------------

2022-09-21 20:11:35,554 | INFO | Train MCC Score: 0.685.  StDev for Train MCC: 0.051.  Test MCC Score: 0.457.  StDev for Test MCC: 0.220.

2022-09-21 20:11:35,564 | INFO | Training Accuracy: 0.776, Training MCC: 0.535, Validation Accuracy: 0.667, Validation MCC: 0.339, Fold: 1
2022-09-21 20:11:35,571 | INFO | Training Accuracy: 0.879, Training MCC: 0.761, Validation Accuracy: 0.533, Validation MCC: 0.090, Fold: 2
2022-09-21 20:11:35,577 | INFO | Training Accuracy: 0.879, Training MCC: 0.768, Validation Accuracy: 0.533, Validation MCC: 0.168, Fold: 3
2022-09-21 20:11:35,583 | INFO | Training Accuracy: 0.845, Training MCC: 0.700, Validation Accuracy: 0.600, Validation MCC: 0.159, Fold: 4
2022-09-21 20:11:35,591 | INFO | Training Accuracy: 0.879, Training MCC: 0.761, Validation Accuracy: 0.467, Validation MCC: -0.074, Fold: 5
2022-09-21 20:11:35,591 | INFO | AVG Training Accuracy: 0.852, AVG Training MCC: 0.705, AVG Validation Accuracy: 0.560, AVG Validation MCC: 0.136

2022-09-21 20:11:35,612 | INFO | Results after PCA:
2022-09-21 20:11:35,612 | INFO | ------------------

2022-09-21 20:11:35,615 | INFO | Selecting 23 principal components making up 75% of the variance.

2022-09-21 20:12:12,932 | INFO | Best parameter set: {'ccp_alpha': 0.0, 'criterion': 'entropy', 'max_depth': 4, 'max_features': 1.0, 'n_estimators': 17}
2022-09-21 20:12:12,932 | INFO | -------------------------

2022-09-21 20:12:12,934 | INFO | Train MCC Score: 0.917.  StDev for Train MCC: 0.032.  Test MCC Score: 0.399.  StDev for Test MCC: 0.088.

2022-09-21 20:12:12,958 | INFO | Training Accuracy: 0.948, Training MCC: 0.902, Validation Accuracy: 0.600, Validation MCC: 0.125, Fold: 1
2022-09-21 20:12:12,978 | INFO | Training Accuracy: 0.966, Training MCC: 0.935, Validation Accuracy: 0.467, Validation MCC: -0.220, Fold: 2
2022-09-21 20:12:13,000 | INFO | Training Accuracy: 0.966, Training MCC: 0.934, Validation Accuracy: 0.667, Validation MCC: 0.330, Fold: 3
2022-09-21 20:12:13,022 | INFO | Training Accuracy: 0.931, Training MCC: 0.870, Validation Accuracy: 0.600, Validation MCC: 0.000, Fold: 4
2022-09-21 20:12:13,044 | INFO | Training Accuracy: 0.983, Training MCC: 0.967, Validation Accuracy: 0.600, Validation MCC: 0.191, Fold: 5
2022-09-21 20:12:13,044 | INFO | AVG Training Accuracy: 0.959, AVG Training MCC: 0.922, AVG Validation Accuracy: 0.587, AVG Validation MCC: 0.085

2022-09-21 20:12:13,059 | INFO | Selecting 27 principal components making up 80% of the variance.

2022-09-21 20:12:50,287 | INFO | Best parameter set: {'ccp_alpha': 0.1, 'criterion': 'entropy', 'max_depth': 6, 'max_features': 1.0, 'n_estimators': 3}
2022-09-21 20:12:50,287 | INFO | -------------------------

2022-09-21 20:12:50,289 | INFO | Train MCC Score: 0.748.  StDev for Train MCC: 0.080.  Test MCC Score: 0.473.  StDev for Test MCC: 0.107.

2022-09-21 20:12:50,299 | INFO | Training Accuracy: 0.914, Training MCC: 0.835, Validation Accuracy: 0.467, Validation MCC: -0.096, Fold: 1
2022-09-21 20:12:50,306 | INFO | Training Accuracy: 0.897, Training MCC: 0.798, Validation Accuracy: 0.667, Validation MCC: 0.330, Fold: 2
2022-09-21 20:12:50,312 | INFO | Training Accuracy: 0.828, Training MCC: 0.663, Validation Accuracy: 0.533, Validation MCC: -0.062, Fold: 3
2022-09-21 20:12:50,320 | INFO | Training Accuracy: 0.845, Training MCC: 0.697, Validation Accuracy: 0.667, Validation MCC: 0.343, Fold: 4
2022-09-21 20:12:50,329 | INFO | Training Accuracy: 0.897, Training MCC: 0.796, Validation Accuracy: 0.667, Validation MCC: 0.318, Fold: 5
2022-09-21 20:12:50,329 | INFO | AVG Training Accuracy: 0.876, AVG Training MCC: 0.758, AVG Validation Accuracy: 0.600, AVG Validation MCC: 0.166

2022-09-21 20:12:50,359 | INFO | Selecting 32 principal components making up 85% of the variance.

2022-09-21 20:13:28,597 | INFO | Best parameter set: {'ccp_alpha': 0.0, 'criterion': 'gini', 'max_depth': 10, 'max_features': 1.0, 'n_estimators': 11}
2022-09-21 20:13:28,597 | INFO | -------------------------

2022-09-21 20:13:28,599 | INFO | Train MCC Score: 0.968.  StDev for Train MCC: 0.021.  Test MCC Score: 0.471.  StDev for Test MCC: 0.090.

2022-09-21 20:13:28,616 | INFO | Training Accuracy: 0.983, Training MCC: 0.967, Validation Accuracy: 0.733, Validation MCC: 0.498, Fold: 1
2022-09-21 20:13:28,638 | INFO | Training Accuracy: 0.983, Training MCC: 0.968, Validation Accuracy: 0.600, Validation MCC: 0.220, Fold: 2
2022-09-21 20:13:28,655 | INFO | Training Accuracy: 0.948, Training MCC: 0.902, Validation Accuracy: 0.600, Validation MCC: 0.241, Fold: 3
2022-09-21 20:13:28,669 | INFO | Training Accuracy: 0.966, Training MCC: 0.934, Validation Accuracy: 0.600, Validation MCC: 0.204, Fold: 4
2022-09-21 20:13:28,683 | INFO | Training Accuracy: 1.000, Training MCC: 1.000, Validation Accuracy: 0.467, Validation MCC: -0.249, Fold: 5
2022-09-21 20:13:28,684 | INFO | AVG Training Accuracy: 0.976, AVG Training MCC: 0.954, AVG Validation Accuracy: 0.600, AVG Validation MCC: 0.183

2022-09-21 20:13:28,701 | INFO | Selecting 38 principal components making up 90% of the variance.

2022-09-21 20:14:07,290 | INFO | Best parameter set: {'ccp_alpha': 0.1, 'criterion': 'entropy', 'max_depth': 6, 'max_features': 0.3, 'n_estimators': 5}
2022-09-21 20:14:07,290 | INFO | -------------------------

2022-09-21 20:14:07,292 | INFO | Train MCC Score: 0.850.  StDev for Train MCC: 0.026.  Test MCC Score: 0.458.  StDev for Test MCC: 0.193.

2022-09-21 20:14:07,304 | INFO | Training Accuracy: 0.914, Training MCC: 0.833, Validation Accuracy: 0.733, Validation MCC: 0.484, Fold: 1
2022-09-21 20:14:07,313 | INFO | Training Accuracy: 0.914, Training MCC: 0.833, Validation Accuracy: 0.533, Validation MCC: 0.082, Fold: 2
2022-09-21 20:14:07,320 | INFO | Training Accuracy: 0.862, Training MCC: 0.730, Validation Accuracy: 0.733, Validation MCC: 0.513, Fold: 3
2022-09-21 20:14:07,331 | INFO | Training Accuracy: 0.828, Training MCC: 0.655, Validation Accuracy: 0.667, Validation MCC: 0.339, Fold: 4
2022-09-21 20:14:07,339 | INFO | Training Accuracy: 0.879, Training MCC: 0.763, Validation Accuracy: 0.600, Validation MCC: 0.125, Fold: 5
2022-09-21 20:14:07,340 | INFO | AVG Training Accuracy: 0.879, AVG Training MCC: 0.763, AVG Validation Accuracy: 0.653, AVG Validation MCC: 0.309

2022-09-21 20:14:07,358 | INFO | Selecting 46 principal components making up 95% of the variance.

2022-09-21 20:14:46,908 | INFO | Best parameter set: {'ccp_alpha': 0.1, 'criterion': 'gini', 'max_depth': 2, 'max_features': 1.0, 'n_estimators': 11}
2022-09-21 20:14:46,908 | INFO | -------------------------

2022-09-21 20:14:46,910 | INFO | Train MCC Score: 0.572.  StDev for Train MCC: 0.057.  Test MCC Score: 0.465.  StDev for Test MCC: 0.176.

2022-09-21 20:14:46,928 | INFO | Training Accuracy: 0.828, Training MCC: 0.657, Validation Accuracy: 0.733, Validation MCC: 0.498, Fold: 1
2022-09-21 20:14:46,943 | INFO | Training Accuracy: 0.828, Training MCC: 0.662, Validation Accuracy: 0.600, Validation MCC: 0.147, Fold: 2
2022-09-21 20:14:46,958 | INFO | Training Accuracy: 0.759, Training MCC: 0.513, Validation Accuracy: 0.667, Validation MCC: 0.350, Fold: 3
2022-09-21 20:14:46,973 | INFO | Training Accuracy: 0.845, Training MCC: 0.698, Validation Accuracy: 0.600, Validation MCC: 0.000, Fold: 4
2022-09-21 20:14:46,988 | INFO | Training Accuracy: 0.793, Training MCC: 0.576, Validation Accuracy: 0.533, Validation MCC: -0.170, Fold: 5
2022-09-21 20:14:46,988 | INFO | AVG Training Accuracy: 0.810, AVG Training MCC: 0.621, AVG Validation Accuracy: 0.627, AVG Validation MCC: 0.165

2022-09-21 20:14:47,005 | INFO | Selecting 73 principal components making up 100% of the variance.

2022-09-21 20:15:27,201 | INFO | Best parameter set: {'ccp_alpha': 0.1, 'criterion': 'gini', 'max_depth': 7, 'max_features': 1.0, 'n_estimators': 13}
2022-09-21 20:15:27,201 | INFO | -------------------------

2022-09-21 20:15:27,203 | INFO | Train MCC Score: 0.672.  StDev for Train MCC: 0.049.  Test MCC Score: 0.398.  StDev for Test MCC: 0.166.

2022-09-21 20:15:27,226 | INFO | Training Accuracy: 0.759, Training MCC: 0.517, Validation Accuracy: 0.667, Validation MCC: 0.339, Fold: 1
2022-09-21 20:15:27,253 | INFO | Training Accuracy: 0.879, Training MCC: 0.764, Validation Accuracy: 0.600, Validation MCC: 0.147, Fold: 2
2022-09-21 20:15:27,272 | INFO | Training Accuracy: 0.793, Training MCC: 0.589, Validation Accuracy: 0.667, Validation MCC: 0.359, Fold: 3
2022-09-21 20:15:27,290 | INFO | Training Accuracy: 0.776, Training MCC: 0.535, Validation Accuracy: 0.667, Validation MCC: 0.339, Fold: 4
2022-09-21 20:15:27,311 | INFO | Training Accuracy: 0.793, Training MCC: 0.586, Validation Accuracy: 0.600, Validation MCC: 0.000, Fold: 5
2022-09-21 20:15:27,311 | INFO | AVG Training Accuracy: 0.800, AVG Training MCC: 0.598, AVG Validation Accuracy: 0.640, AVG Validation MCC: 0.237

2022-09-21 20:15:27,329 | INFO | KNN Classifier Results:

2022-09-21 20:16:09,322 | INFO | Best parameter set: {'leaf_size': 5, 'n_neighbors': 1, 'p': 1, 'weights': 'uniform'}
2022-09-21 20:16:09,323 | INFO | -------------------------

2022-09-21 20:16:09,324 | INFO | Train MCC Score: 0.981.  StDev for Train MCC: 0.015.  Test MCC Score: 0.101.  StDev for Test MCC: 0.168.

2022-09-21 20:16:09,428 | INFO | Training Accuracy: 0.983, Training MCC: 0.967, Validation Accuracy: 0.733, Validation MCC: 0.479, Fold: 1
2022-09-21 20:16:09,478 | INFO | Training Accuracy: 0.983, Training MCC: 0.968, Validation Accuracy: 0.600, Validation MCC: 0.263, Fold: 2
2022-09-21 20:16:09,536 | INFO | Training Accuracy: 0.983, Training MCC: 0.967, Validation Accuracy: 0.533, Validation MCC: 0.153, Fold: 3
2022-09-21 20:16:09,588 | INFO | Training Accuracy: 0.983, Training MCC: 0.967, Validation Accuracy: 0.600, Validation MCC: 0.125, Fold: 4
2022-09-21 20:16:09,644 | INFO | Training Accuracy: 1.000, Training MCC: 1.000, Validation Accuracy: 0.600, Validation MCC: 0.191, Fold: 5
2022-09-21 20:16:09,644 | INFO | AVG Training Accuracy: 0.986, AVG Training MCC: 0.974, AVG Validation Accuracy: 0.613, AVG Validation MCC: 0.242

2022-09-21 21:00:36,971 | INFO | SFS only results:

2022-09-21 21:01:08,296 | INFO | Best parameter set: {'leaf_size': 5, 'n_neighbors': 1, 'p': 1, 'weights': 'uniform'}
2022-09-21 21:01:08,296 | INFO | -------------------------

2022-09-21 21:01:08,298 | INFO | Train MCC Score: 0.981.  StDev for Train MCC: 0.015.  Test MCC Score: 0.501.  StDev for Test MCC: 0.195.

2022-09-21 21:01:08,344 | INFO | Training Accuracy: 0.983, Training MCC: 0.967, Validation Accuracy: 0.800, Validation MCC: 0.629, Fold: 1
2022-09-21 21:01:08,384 | INFO | Training Accuracy: 0.983, Training MCC: 0.968, Validation Accuracy: 0.533, Validation MCC: 0.021, Fold: 2
2022-09-21 21:01:08,425 | INFO | Training Accuracy: 0.983, Training MCC: 0.967, Validation Accuracy: 0.667, Validation MCC: 0.431, Fold: 3
2022-09-21 21:01:08,462 | INFO | Training Accuracy: 0.983, Training MCC: 0.967, Validation Accuracy: 0.800, Validation MCC: 0.648, Fold: 4
2022-09-21 21:01:08,502 | INFO | Training Accuracy: 1.000, Training MCC: 1.000, Validation Accuracy: 0.733, Validation MCC: 0.494, Fold: 5
2022-09-21 21:01:08,502 | INFO | AVG Training Accuracy: 0.986, AVG Training MCC: 0.974, AVG Validation Accuracy: 0.707, AVG Validation MCC: 0.444

2022-09-21 21:01:08,506 | INFO | Results after PCA:
2022-09-21 21:01:08,506 | INFO | ------------------

2022-09-21 21:01:08,509 | INFO | Selecting 22 principal components making up 75% of the variance.

2022-09-21 21:01:39,470 | INFO | Best parameter set: {'leaf_size': 5, 'n_neighbors': 3, 'p': 1, 'weights': 'distance'}
2022-09-21 21:01:39,471 | INFO | -------------------------

2022-09-21 21:01:39,472 | INFO | Train MCC Score: 0.981.  StDev for Train MCC: 0.016.  Test MCC Score: 0.285.  StDev for Test MCC: 0.143.

2022-09-21 21:01:39,528 | INFO | Training Accuracy: 0.983, Training MCC: 0.967, Validation Accuracy: 0.600, Validation MCC: 0.241, Fold: 1
2022-09-21 21:01:39,584 | INFO | Training Accuracy: 0.983, Training MCC: 0.967, Validation Accuracy: 0.600, Validation MCC: 0.220, Fold: 2
2022-09-21 21:01:39,641 | INFO | Training Accuracy: 0.983, Training MCC: 0.967, Validation Accuracy: 0.600, Validation MCC: 0.204, Fold: 3
2022-09-21 21:01:39,698 | INFO | Training Accuracy: 0.983, Training MCC: 0.967, Validation Accuracy: 0.600, Validation MCC: 0.147, Fold: 4
2022-09-21 21:01:39,754 | INFO | Training Accuracy: 1.000, Training MCC: 1.000, Validation Accuracy: 0.600, Validation MCC: 0.125, Fold: 5
2022-09-21 21:01:39,754 | INFO | AVG Training Accuracy: 0.986, AVG Training MCC: 0.974, AVG Validation Accuracy: 0.600, AVG Validation MCC: 0.187

2022-09-21 21:01:39,770 | INFO | Selecting 25 principal components making up 80% of the variance.

2022-09-21 21:02:10,676 | INFO | Best parameter set: {'leaf_size': 5, 'n_neighbors': 1, 'p': 2, 'weights': 'uniform'}
2022-09-21 21:02:10,676 | INFO | -------------------------

2022-09-21 21:02:10,677 | INFO | Train MCC Score: 0.981.  StDev for Train MCC: 0.015.  Test MCC Score: 0.262.  StDev for Test MCC: 0.156.

2022-09-21 21:02:10,736 | INFO | Training Accuracy: 0.983, Training MCC: 0.967, Validation Accuracy: 0.600, Validation MCC: 0.274, Fold: 1
2022-09-21 21:02:10,794 | INFO | Training Accuracy: 0.983, Training MCC: 0.968, Validation Accuracy: 0.533, Validation MCC: 0.124, Fold: 2
2022-09-21 21:02:10,852 | INFO | Training Accuracy: 0.983, Training MCC: 0.967, Validation Accuracy: 0.600, Validation MCC: 0.377, Fold: 3
2022-09-21 21:02:10,910 | INFO | Training Accuracy: 0.983, Training MCC: 0.967, Validation Accuracy: 0.600, Validation MCC: 0.204, Fold: 4
2022-09-21 21:02:10,969 | INFO | Training Accuracy: 1.000, Training MCC: 1.000, Validation Accuracy: 0.600, Validation MCC: 0.225, Fold: 5
2022-09-21 21:02:10,969 | INFO | AVG Training Accuracy: 0.986, AVG Training MCC: 0.974, AVG Validation Accuracy: 0.587, AVG Validation MCC: 0.241

2022-09-21 21:02:10,980 | INFO | Selecting 29 principal components making up 85% of the variance.

2022-09-21 21:02:43,034 | INFO | Best parameter set: {'leaf_size': 5, 'n_neighbors': 3, 'p': 2, 'weights': 'uniform'}
2022-09-21 21:02:43,034 | INFO | -------------------------

2022-09-21 21:02:43,035 | INFO | Train MCC Score: 0.597.  StDev for Train MCC: 0.105.  Test MCC Score: 0.239.  StDev for Test MCC: 0.240.

2022-09-21 21:02:43,095 | INFO | Training Accuracy: 0.810, Training MCC: 0.613, Validation Accuracy: 0.600, Validation MCC: 0.204, Fold: 1
2022-09-21 21:02:43,152 | INFO | Training Accuracy: 0.724, Training MCC: 0.410, Validation Accuracy: 0.600, Validation MCC: 0.000, Fold: 2
2022-09-21 21:02:43,208 | INFO | Training Accuracy: 0.759, Training MCC: 0.491, Validation Accuracy: 0.400, Validation MCC: -0.192, Fold: 3
2022-09-21 21:02:43,266 | INFO | Training Accuracy: 0.776, Training MCC: 0.538, Validation Accuracy: 0.600, Validation MCC: 0.204, Fold: 4
2022-09-21 21:02:43,324 | INFO | Training Accuracy: 0.845, Training MCC: 0.688, Validation Accuracy: 0.400, Validation MCC: -0.318, Fold: 5
2022-09-21 21:02:43,324 | INFO | AVG Training Accuracy: 0.783, AVG Training MCC: 0.548, AVG Validation Accuracy: 0.520, AVG Validation MCC: -0.020

2022-09-21 21:02:43,335 | INFO | Selecting 33 principal components making up 90% of the variance.

2022-09-21 21:03:14,923 | INFO | Best parameter set: {'leaf_size': 5, 'n_neighbors': 1, 'p': 1, 'weights': 'uniform'}
2022-09-21 21:03:14,924 | INFO | -------------------------

2022-09-21 21:03:14,925 | INFO | Train MCC Score: 0.981.  StDev for Train MCC: 0.015.  Test MCC Score: 0.201.  StDev for Test MCC: 0.200.

2022-09-21 21:03:14,966 | INFO | Training Accuracy: 0.983, Training MCC: 0.967, Validation Accuracy: 0.733, Validation MCC: 0.516, Fold: 1
2022-09-21 21:03:15,006 | INFO | Training Accuracy: 0.983, Training MCC: 0.968, Validation Accuracy: 0.600, Validation MCC: 0.222, Fold: 2
2022-09-21 21:03:15,045 | INFO | Training Accuracy: 0.983, Training MCC: 0.967, Validation Accuracy: 0.600, Validation MCC: 0.377, Fold: 3
2022-09-21 21:03:15,082 | INFO | Training Accuracy: 0.983, Training MCC: 0.967, Validation Accuracy: 0.667, Validation MCC: 0.343, Fold: 4
2022-09-21 21:03:15,119 | INFO | Training Accuracy: 1.000, Training MCC: 1.000, Validation Accuracy: 0.667, Validation MCC: 0.389, Fold: 5
2022-09-21 21:03:15,119 | INFO | AVG Training Accuracy: 0.986, AVG Training MCC: 0.974, AVG Validation Accuracy: 0.653, AVG Validation MCC: 0.369

2022-09-21 21:03:15,129 | INFO | Selecting 39 principal components making up 95% of the variance.

2022-09-21 21:03:46,862 | INFO | Best parameter set: {'leaf_size': 5, 'n_neighbors': 1, 'p': 2, 'weights': 'uniform'}
2022-09-21 21:03:46,862 | INFO | -------------------------

2022-09-21 21:03:46,863 | INFO | Train MCC Score: 0.981.  StDev for Train MCC: 0.015.  Test MCC Score: 0.215.  StDev for Test MCC: 0.150.

2022-09-21 21:03:46,921 | INFO | Training Accuracy: 0.983, Training MCC: 0.968, Validation Accuracy: 0.600, Validation MCC: 0.274, Fold: 1
2022-09-21 21:03:46,977 | INFO | Training Accuracy: 0.983, Training MCC: 0.968, Validation Accuracy: 0.467, Validation MCC: -0.055, Fold: 2
2022-09-21 21:03:47,032 | INFO | Training Accuracy: 0.983, Training MCC: 0.967, Validation Accuracy: 0.667, Validation MCC: 0.447, Fold: 3
2022-09-21 21:03:47,087 | INFO | Training Accuracy: 0.983, Training MCC: 0.967, Validation Accuracy: 0.600, Validation MCC: 0.265, Fold: 4
2022-09-21 21:03:47,143 | INFO | Training Accuracy: 1.000, Training MCC: 1.000, Validation Accuracy: 0.600, Validation MCC: 0.225, Fold: 5
2022-09-21 21:03:47,143 | INFO | AVG Training Accuracy: 0.986, AVG Training MCC: 0.974, AVG Validation Accuracy: 0.587, AVG Validation MCC: 0.231

2022-09-21 21:03:47,153 | INFO | Selecting 73 principal components making up 100% of the variance.

2022-09-21 21:04:19,784 | INFO | Best parameter set: {'leaf_size': 5, 'n_neighbors': 1, 'p': 2, 'weights': 'uniform'}
2022-09-21 21:04:19,784 | INFO | -------------------------

2022-09-21 21:04:19,786 | INFO | Train MCC Score: 0.981.  StDev for Train MCC: 0.015.  Test MCC Score: 0.448.  StDev for Test MCC: 0.140.

2022-09-21 21:04:19,852 | INFO | Training Accuracy: 0.983, Training MCC: 0.967, Validation Accuracy: 0.667, Validation MCC: 0.389, Fold: 1
2022-09-21 21:04:19,912 | INFO | Training Accuracy: 0.983, Training MCC: 0.968, Validation Accuracy: 0.533, Validation MCC: -0.062, Fold: 2
2022-09-21 21:04:19,969 | INFO | Training Accuracy: 0.983, Training MCC: 0.967, Validation Accuracy: 0.467, Validation MCC: 0.070, Fold: 3
2022-09-21 21:04:20,026 | INFO | Training Accuracy: 0.983, Training MCC: 0.967, Validation Accuracy: 0.667, Validation MCC: 0.389, Fold: 4
2022-09-21 21:04:20,082 | INFO | Training Accuracy: 1.000, Training MCC: 1.000, Validation Accuracy: 0.600, Validation MCC: 0.191, Fold: 5
2022-09-21 21:04:20,083 | INFO | AVG Training Accuracy: 0.986, AVG Training MCC: 0.974, AVG Validation Accuracy: 0.587, AVG Validation MCC: 0.195

2022-09-21 21:04:20,095 | INFO | -----------------------------------------------------

