2022-11-23 14:29:03,902 | INFO | Threshold of 0.10 provides Large bucket size: 38, Small Bucket size: 26, Extra Bucket size: 9

2022-11-23 14:29:03,912 | INFO | SVC with RBF Kernel Results:

2022-11-23 14:29:03,914 | INFO | GridSearchCV Starting
2022-11-23 14:29:10,888 | INFO | Best parameter set: {'C': 11, 'break_ties': False, 'class_weight': 'balanced', 'gamma': 0.001}
2022-11-23 14:29:10,888 | INFO | -------------------------

2022-11-23 14:29:10,889 | INFO | Train MCC Score: 0.690.  StDev for Train MCC: 0.043.  Test MCC Score: 0.230.  StDev for Test MCC: 0.236.

2022-11-23 14:29:10,889 | INFO | Training:
2022-11-23 14:29:10,894 | INFO | Training Finished.
2022-11-23 14:29:10,902 | INFO | Training Accuracy: 0.759, Training MCC: 0.640, Validation Accuracy: 0.533, Validation MCC: 0.197, Fold: 1
2022-11-23 14:29:10,903 | INFO | Training:
2022-11-23 14:29:10,907 | INFO | Training Finished.
2022-11-23 14:29:10,915 | INFO | Training Accuracy: 0.828, Training MCC: 0.740, Validation Accuracy: 0.533, Validation MCC: 0.273, Fold: 2
2022-11-23 14:29:10,916 | INFO | Training:
2022-11-23 14:29:10,920 | INFO | Training Finished.
2022-11-23 14:29:10,928 | INFO | Training Accuracy: 0.810, Training MCC: 0.718, Validation Accuracy: 0.667, Validation MCC: 0.500, Fold: 3
2022-11-23 14:29:10,928 | INFO | Training:
2022-11-23 14:29:10,933 | INFO | Training Finished.
2022-11-23 14:29:10,941 | INFO | Training Accuracy: 0.776, Training MCC: 0.677, Validation Accuracy: 0.533, Validation MCC: 0.246, Fold: 4
2022-11-23 14:29:10,941 | INFO | Training:
2022-11-23 14:29:10,945 | INFO | Training Finished.
2022-11-23 14:29:10,953 | INFO | Training Accuracy: 0.828, Training MCC: 0.739, Validation Accuracy: 0.600, Validation MCC: 0.321, Fold: 5
2022-11-23 14:29:10,953 | INFO | AVG Training Accuracy: 0.800, AVG Training MCC: 0.703, AVG Validation Accuracy: 0.573, AVG Validation MCC: 0.307

2022-11-23 14:29:10,954 | INFO | Forward Selection Starting
2022-11-23 15:45:57,318 | INFO | Forward Selection Finished
2022-11-23 15:45:57,322 | INFO | SFS only results:

2022-11-23 15:45:57,322 | INFO | GridSearchCV Starting
2022-11-23 15:45:59,841 | INFO | Best parameter set: {'C': 36, 'break_ties': False, 'class_weight': None, 'gamma': 0.001}
2022-11-23 15:45:59,842 | INFO | -------------------------

2022-11-23 15:45:59,843 | INFO | Train MCC Score: 0.710.  StDev for Train MCC: 0.052.  Test MCC Score: 0.283.  StDev for Test MCC: 0.208.

2022-11-23 15:45:59,843 | INFO | Training:
2022-11-23 15:45:59,847 | INFO | Training Finished.
2022-11-23 15:45:59,853 | INFO | Training Accuracy: 0.741, Training MCC: 0.576, Validation Accuracy: 0.600, Validation MCC: 0.296, Fold: 1
2022-11-23 15:45:59,854 | INFO | Training:
2022-11-23 15:45:59,857 | INFO | Training Finished.
2022-11-23 15:45:59,863 | INFO | Training Accuracy: 0.776, Training MCC: 0.635, Validation Accuracy: 0.600, Validation MCC: 0.296, Fold: 2
2022-11-23 15:45:59,863 | INFO | Training:
2022-11-23 15:45:59,868 | INFO | Training Finished.
2022-11-23 15:45:59,874 | INFO | Training Accuracy: 0.810, Training MCC: 0.668, Validation Accuracy: 0.733, Validation MCC: 0.554, Fold: 3
2022-11-23 15:45:59,874 | INFO | Training:
2022-11-23 15:45:59,879 | INFO | Training Finished.
2022-11-23 15:45:59,886 | INFO | Training Accuracy: 0.793, Training MCC: 0.662, Validation Accuracy: 0.533, Validation MCC: 0.072, Fold: 4
2022-11-23 15:45:59,887 | INFO | Training:
2022-11-23 15:45:59,890 | INFO | Training Finished.
2022-11-23 15:45:59,895 | INFO | Training Accuracy: 0.828, Training MCC: 0.718, Validation Accuracy: 0.533, Validation MCC: 0.111, Fold: 5
2022-11-23 15:45:59,896 | INFO | AVG Training Accuracy: 0.790, AVG Training MCC: 0.652, AVG Validation Accuracy: 0.600, AVG Validation MCC: 0.266

2022-11-23 15:45:59,900 | INFO | Results after PCA:
2022-11-23 15:45:59,900 | INFO | ------------------

2022-11-23 15:45:59,900 | INFO | PCA Starting
2022-11-23 15:45:59,924 | INFO | Selecting 23 principal components making up 75% of the variance.

2022-11-23 15:45:59,925 | INFO | PCA Finished
2022-11-23 15:45:59,925 | INFO | GridSearchCV Starting
2022-11-23 15:46:01,379 | INFO | Best parameter set: {'C': 16, 'break_ties': False, 'class_weight': 'balanced', 'gamma': 0.1}
2022-11-23 15:46:01,380 | INFO | -------------------------

2022-11-23 15:46:01,381 | INFO | Train MCC Score: 0.944.  StDev for Train MCC: 0.017.  Test MCC Score: 0.323.  StDev for Test MCC: 0.158.

2022-11-23 15:46:01,381 | INFO | Training:
2022-11-23 15:46:01,384 | INFO | Training Finished.
2022-11-23 15:46:01,388 | INFO | Training Accuracy: 0.966, Training MCC: 0.944, Validation Accuracy: 0.667, Validation MCC: 0.553, Fold: 1
2022-11-23 15:46:01,388 | INFO | Training:
2022-11-23 15:46:01,390 | INFO | Training Finished.
2022-11-23 15:46:01,393 | INFO | Training Accuracy: 0.948, Training MCC: 0.917, Validation Accuracy: 0.733, Validation MCC: 0.545, Fold: 2
2022-11-23 15:46:01,393 | INFO | Training:
2022-11-23 15:46:01,395 | INFO | Training Finished.
2022-11-23 15:46:01,398 | INFO | Training Accuracy: 0.948, Training MCC: 0.917, Validation Accuracy: 0.600, Validation MCC: 0.326, Fold: 3
2022-11-23 15:46:01,399 | INFO | Training:
2022-11-23 15:46:01,401 | INFO | Training Finished.
2022-11-23 15:46:01,404 | INFO | Training Accuracy: 0.948, Training MCC: 0.917, Validation Accuracy: 0.533, Validation MCC: 0.224, Fold: 4
2022-11-23 15:46:01,404 | INFO | Training:
2022-11-23 15:46:01,406 | INFO | Training Finished.
2022-11-23 15:46:01,409 | INFO | Training Accuracy: 0.983, Training MCC: 0.971, Validation Accuracy: 0.667, Validation MCC: 0.402, Fold: 5
2022-11-23 15:46:01,409 | INFO | AVG Training Accuracy: 0.959, AVG Training MCC: 0.933, AVG Validation Accuracy: 0.640, AVG Validation MCC: 0.410

2022-11-23 15:46:01,411 | INFO | PCA Starting
2022-11-23 15:46:01,418 | INFO | Selecting 27 principal components making up 80% of the variance.

2022-11-23 15:46:01,419 | INFO | PCA Finished
2022-11-23 15:46:01,419 | INFO | GridSearchCV Starting
2022-11-23 15:46:02,736 | INFO | Best parameter set: {'C': 16, 'break_ties': False, 'class_weight': 'balanced', 'gamma': 0.1}
2022-11-23 15:46:02,736 | INFO | -------------------------

2022-11-23 15:46:02,737 | INFO | Train MCC Score: 0.944.  StDev for Train MCC: 0.017.  Test MCC Score: 0.327.  StDev for Test MCC: 0.179.

2022-11-23 15:46:02,737 | INFO | Training:
2022-11-23 15:46:02,740 | INFO | Training Finished.
2022-11-23 15:46:02,743 | INFO | Training Accuracy: 0.966, Training MCC: 0.944, Validation Accuracy: 0.667, Validation MCC: 0.505, Fold: 1
2022-11-23 15:46:02,743 | INFO | Training:
2022-11-23 15:46:02,745 | INFO | Training Finished.
2022-11-23 15:46:02,750 | INFO | Training Accuracy: 0.948, Training MCC: 0.917, Validation Accuracy: 0.733, Validation MCC: 0.545, Fold: 2
2022-11-23 15:46:02,750 | INFO | Training:
2022-11-23 15:46:02,752 | INFO | Training Finished.
2022-11-23 15:46:02,756 | INFO | Training Accuracy: 0.948, Training MCC: 0.917, Validation Accuracy: 0.600, Validation MCC: 0.336, Fold: 3
2022-11-23 15:46:02,756 | INFO | Training:
2022-11-23 15:46:02,758 | INFO | Training Finished.
2022-11-23 15:46:02,762 | INFO | Training Accuracy: 0.948, Training MCC: 0.917, Validation Accuracy: 0.600, Validation MCC: 0.352, Fold: 4
2022-11-23 15:46:02,762 | INFO | Training:
2022-11-23 15:46:02,764 | INFO | Training Finished.
2022-11-23 15:46:02,768 | INFO | Training Accuracy: 0.983, Training MCC: 0.971, Validation Accuracy: 0.600, Validation MCC: 0.261, Fold: 5
2022-11-23 15:46:02,768 | INFO | AVG Training Accuracy: 0.959, AVG Training MCC: 0.933, AVG Validation Accuracy: 0.640, AVG Validation MCC: 0.400

2022-11-23 15:46:02,770 | INFO | PCA Starting
2022-11-23 15:46:02,775 | INFO | Selecting 31 principal components making up 85% of the variance.

2022-11-23 15:46:02,776 | INFO | PCA Finished
2022-11-23 15:46:02,776 | INFO | GridSearchCV Starting
2022-11-23 15:46:04,294 | INFO | Best parameter set: {'C': 16, 'break_ties': False, 'class_weight': None, 'gamma': 'scale'}
2022-11-23 15:46:04,294 | INFO | -------------------------

2022-11-23 15:46:04,295 | INFO | Train MCC Score: 0.961.  StDev for Train MCC: 0.022.  Test MCC Score: 0.315.  StDev for Test MCC: 0.123.

2022-11-23 15:46:04,295 | INFO | Training:
2022-11-23 15:46:04,298 | INFO | Training Finished.
2022-11-23 15:46:04,301 | INFO | Training Accuracy: 0.966, Training MCC: 0.944, Validation Accuracy: 0.733, Validation MCC: 0.539, Fold: 1
2022-11-23 15:46:04,301 | INFO | Training:
2022-11-23 15:46:04,303 | INFO | Training Finished.
2022-11-23 15:46:04,306 | INFO | Training Accuracy: 0.966, Training MCC: 0.944, Validation Accuracy: 0.667, Validation MCC: 0.422, Fold: 2
2022-11-23 15:46:04,306 | INFO | Training:
2022-11-23 15:46:04,309 | INFO | Training Finished.
2022-11-23 15:46:04,312 | INFO | Training Accuracy: 0.966, Training MCC: 0.944, Validation Accuracy: 0.667, Validation MCC: 0.409, Fold: 3
2022-11-23 15:46:04,312 | INFO | Training:
2022-11-23 15:46:04,315 | INFO | Training Finished.
2022-11-23 15:46:04,319 | INFO | Training Accuracy: 0.948, Training MCC: 0.917, Validation Accuracy: 0.600, Validation MCC: 0.305, Fold: 4
2022-11-23 15:46:04,319 | INFO | Training:
2022-11-23 15:46:04,321 | INFO | Training Finished.
2022-11-23 15:46:04,324 | INFO | Training Accuracy: 0.983, Training MCC: 0.971, Validation Accuracy: 0.600, Validation MCC: 0.261, Fold: 5
2022-11-23 15:46:04,324 | INFO | AVG Training Accuracy: 0.966, AVG Training MCC: 0.944, AVG Validation Accuracy: 0.653, AVG Validation MCC: 0.387

2022-11-23 15:46:04,326 | INFO | PCA Starting
2022-11-23 15:46:04,333 | INFO | Selecting 37 principal components making up 90% of the variance.

2022-11-23 15:46:04,333 | INFO | PCA Finished
2022-11-23 15:46:04,334 | INFO | GridSearchCV Starting
2022-11-23 15:46:05,688 | INFO | Best parameter set: {'C': 11, 'break_ties': False, 'class_weight': 'balanced', 'gamma': 0.1}
2022-11-23 15:46:05,688 | INFO | -------------------------

2022-11-23 15:46:05,689 | INFO | Train MCC Score: 0.944.  StDev for Train MCC: 0.017.  Test MCC Score: 0.287.  StDev for Test MCC: 0.067.

2022-11-23 15:46:05,689 | INFO | Training:
2022-11-23 15:46:05,692 | INFO | Training Finished.
2022-11-23 15:46:05,695 | INFO | Training Accuracy: 0.966, Training MCC: 0.944, Validation Accuracy: 0.667, Validation MCC: 0.442, Fold: 1
2022-11-23 15:46:05,695 | INFO | Training:
2022-11-23 15:46:05,697 | INFO | Training Finished.
2022-11-23 15:46:05,700 | INFO | Training Accuracy: 0.948, Training MCC: 0.917, Validation Accuracy: 0.600, Validation MCC: 0.296, Fold: 2
2022-11-23 15:46:05,700 | INFO | Training:
2022-11-23 15:46:05,702 | INFO | Training Finished.
2022-11-23 15:46:05,705 | INFO | Training Accuracy: 0.948, Training MCC: 0.917, Validation Accuracy: 0.600, Validation MCC: 0.305, Fold: 3
2022-11-23 15:46:05,706 | INFO | Training:
2022-11-23 15:46:05,707 | INFO | Training Finished.
2022-11-23 15:46:05,710 | INFO | Training Accuracy: 0.948, Training MCC: 0.917, Validation Accuracy: 0.533, Validation MCC: 0.234, Fold: 4
2022-11-23 15:46:05,711 | INFO | Training:
2022-11-23 15:46:05,713 | INFO | Training Finished.
2022-11-23 15:46:05,716 | INFO | Training Accuracy: 0.983, Training MCC: 0.971, Validation Accuracy: 0.667, Validation MCC: 0.402, Fold: 5
2022-11-23 15:46:05,716 | INFO | AVG Training Accuracy: 0.959, AVG Training MCC: 0.933, AVG Validation Accuracy: 0.613, AVG Validation MCC: 0.336

2022-11-23 15:46:05,718 | INFO | PCA Starting
2022-11-23 15:46:05,722 | INFO | Selecting 45 principal components making up 95% of the variance.

2022-11-23 15:46:05,723 | INFO | PCA Finished
2022-11-23 15:46:05,723 | INFO | GridSearchCV Starting
2022-11-23 15:46:07,082 | INFO | Best parameter set: {'C': 71, 'break_ties': False, 'class_weight': 'balanced', 'gamma': 'auto'}
2022-11-23 15:46:07,083 | INFO | -------------------------

2022-11-23 15:46:07,084 | INFO | Train MCC Score: 0.944.  StDev for Train MCC: 0.017.  Test MCC Score: 0.333.  StDev for Test MCC: 0.052.

2022-11-23 15:46:07,084 | INFO | Training:
2022-11-23 15:46:07,086 | INFO | Training Finished.
2022-11-23 15:46:07,089 | INFO | Training Accuracy: 0.966, Training MCC: 0.944, Validation Accuracy: 0.800, Validation MCC: 0.649, Fold: 1
2022-11-23 15:46:07,090 | INFO | Training:
2022-11-23 15:46:07,092 | INFO | Training Finished.
2022-11-23 15:46:07,095 | INFO | Training Accuracy: 0.948, Training MCC: 0.917, Validation Accuracy: 0.667, Validation MCC: 0.422, Fold: 2
2022-11-23 15:46:07,095 | INFO | Training:
2022-11-23 15:46:07,098 | INFO | Training Finished.
2022-11-23 15:46:07,101 | INFO | Training Accuracy: 0.948, Training MCC: 0.917, Validation Accuracy: 0.733, Validation MCC: 0.558, Fold: 3
2022-11-23 15:46:07,101 | INFO | Training:
2022-11-23 15:46:07,103 | INFO | Training Finished.
2022-11-23 15:46:07,107 | INFO | Training Accuracy: 0.948, Training MCC: 0.917, Validation Accuracy: 0.667, Validation MCC: 0.469, Fold: 4
2022-11-23 15:46:07,107 | INFO | Training:
2022-11-23 15:46:07,109 | INFO | Training Finished.
2022-11-23 15:46:07,112 | INFO | Training Accuracy: 0.983, Training MCC: 0.971, Validation Accuracy: 0.667, Validation MCC: 0.470, Fold: 5
2022-11-23 15:46:07,112 | INFO | AVG Training Accuracy: 0.959, AVG Training MCC: 0.933, AVG Validation Accuracy: 0.707, AVG Validation MCC: 0.514

2022-11-23 15:46:07,114 | INFO | PCA Starting
2022-11-23 15:46:07,120 | INFO | Selecting 73 principal components making up 100% of the variance.

2022-11-23 15:46:07,120 | INFO | PCA Finished
2022-11-23 15:46:07,120 | INFO | GridSearchCV Starting
2022-11-23 15:46:08,544 | INFO | Best parameter set: {'C': 36, 'break_ties': False, 'class_weight': None, 'gamma': 0.001}
2022-11-23 15:46:08,544 | INFO | -------------------------

2022-11-23 15:46:08,545 | INFO | Train MCC Score: 0.710.  StDev for Train MCC: 0.052.  Test MCC Score: 0.283.  StDev for Test MCC: 0.208.

2022-11-23 15:46:08,546 | INFO | Training:
2022-11-23 15:46:08,548 | INFO | Training Finished.
2022-11-23 15:46:08,551 | INFO | Training Accuracy: 0.741, Training MCC: 0.576, Validation Accuracy: 0.600, Validation MCC: 0.296, Fold: 1
2022-11-23 15:46:08,552 | INFO | Training:
2022-11-23 15:46:08,554 | INFO | Training Finished.
2022-11-23 15:46:08,557 | INFO | Training Accuracy: 0.776, Training MCC: 0.635, Validation Accuracy: 0.600, Validation MCC: 0.296, Fold: 2
2022-11-23 15:46:08,557 | INFO | Training:
2022-11-23 15:46:08,559 | INFO | Training Finished.
2022-11-23 15:46:08,563 | INFO | Training Accuracy: 0.810, Training MCC: 0.668, Validation Accuracy: 0.733, Validation MCC: 0.554, Fold: 3
2022-11-23 15:46:08,563 | INFO | Training:
2022-11-23 15:46:08,566 | INFO | Training Finished.
2022-11-23 15:46:08,569 | INFO | Training Accuracy: 0.793, Training MCC: 0.662, Validation Accuracy: 0.533, Validation MCC: 0.072, Fold: 4
2022-11-23 15:46:08,569 | INFO | Training:
2022-11-23 15:46:08,571 | INFO | Training Finished.
2022-11-23 15:46:08,574 | INFO | Training Accuracy: 0.828, Training MCC: 0.718, Validation Accuracy: 0.533, Validation MCC: 0.111, Fold: 5
2022-11-23 15:46:08,574 | INFO | AVG Training Accuracy: 0.790, AVG Training MCC: 0.652, AVG Validation Accuracy: 0.600, AVG Validation MCC: 0.266

2022-11-23 15:46:08,582 | INFO | XGBoost Classifier Results:

2022-11-23 15:46:08,583 | INFO | GridSearchCV Starting
2022-11-23 16:04:14,215 | INFO | Best parameter set: {'alpha': 0.0, 'gamma': 2, 'lambda': 1, 'max_depth': 3, 'n_estimators': 5, 'subsample': 1}
2022-11-23 16:04:14,215 | INFO | -------------------------

2022-11-23 16:04:14,224 | INFO | Train MCC Score: 0.931.  StDev for Train MCC: 0.029.  Test MCC Score: 0.363.  StDev for Test MCC: 0.133.

2022-11-23 16:04:14,228 | INFO | Training:
2022-11-23 16:04:14,254 | INFO | Training Finished.
2022-11-23 16:04:14,274 | INFO | Training Accuracy: 0.966, Training MCC: 0.942, Validation Accuracy: 0.533, Validation MCC: 0.131, Fold: 1
2022-11-23 16:04:14,274 | INFO | Training:
2022-11-23 16:04:14,300 | INFO | Training Finished.
2022-11-23 16:04:14,320 | INFO | Training Accuracy: 0.966, Training MCC: 0.944, Validation Accuracy: 0.667, Validation MCC: 0.426, Fold: 2
2022-11-23 16:04:14,320 | INFO | Training:
2022-11-23 16:04:14,346 | INFO | Training Finished.
2022-11-23 16:04:14,366 | INFO | Training Accuracy: 0.914, Training MCC: 0.854, Validation Accuracy: 0.600, Validation MCC: 0.288, Fold: 3
2022-11-23 16:04:14,366 | INFO | Training:
2022-11-23 16:04:14,391 | INFO | Training Finished.
2022-11-23 16:04:14,411 | INFO | Training Accuracy: 0.966, Training MCC: 0.942, Validation Accuracy: 0.600, Validation MCC: 0.296, Fold: 4
2022-11-23 16:04:14,412 | INFO | Training:
2022-11-23 16:04:14,436 | INFO | Training Finished.
2022-11-23 16:04:14,457 | INFO | Training Accuracy: 0.983, Training MCC: 0.971, Validation Accuracy: 0.533, Validation MCC: 0.188, Fold: 5
2022-11-23 16:04:14,457 | INFO | AVG Training Accuracy: 0.959, AVG Training MCC: 0.931, AVG Validation Accuracy: 0.587, AVG Validation MCC: 0.266

2022-11-23 16:04:14,458 | INFO | Forward Selection Starting
2022-11-23 18:48:21,117 | INFO | Forward Selection Finished
2022-11-23 18:48:21,118 | INFO | SFS only results:

2022-11-23 18:48:21,118 | INFO | GridSearchCV Starting
2022-11-23 18:57:30,702 | INFO | Best parameter set: {'alpha': 0.0, 'gamma': 2, 'lambda': 1, 'max_depth': 3, 'n_estimators': 5, 'subsample': 1}
2022-11-23 18:57:30,702 | INFO | -------------------------

2022-11-23 18:57:30,711 | INFO | Train MCC Score: 0.723.  StDev for Train MCC: 0.032.  Test MCC Score: 0.558.  StDev for Test MCC: 0.269.

2022-11-23 18:57:30,716 | INFO | Training:
2022-11-23 18:57:30,732 | INFO | Training Finished.
2022-11-23 18:57:30,745 | INFO | Training Accuracy: 0.828, Training MCC: 0.701, Validation Accuracy: 0.733, Validation MCC: 0.539, Fold: 1
2022-11-23 18:57:30,745 | INFO | Training:
2022-11-23 18:57:30,761 | INFO | Training Finished.
2022-11-23 18:57:30,773 | INFO | Training Accuracy: 0.828, Training MCC: 0.704, Validation Accuracy: 0.667, Validation MCC: 0.409, Fold: 2
2022-11-23 18:57:30,773 | INFO | Training:
2022-11-23 18:57:30,789 | INFO | Training Finished.
2022-11-23 18:57:30,801 | INFO | Training Accuracy: 0.828, Training MCC: 0.700, Validation Accuracy: 0.733, Validation MCC: 0.539, Fold: 3
2022-11-23 18:57:30,802 | INFO | Training:
2022-11-23 18:57:30,817 | INFO | Training Finished.
2022-11-23 18:57:30,829 | INFO | Training Accuracy: 0.879, Training MCC: 0.801, Validation Accuracy: 0.667, Validation MCC: 0.432, Fold: 4
2022-11-23 18:57:30,829 | INFO | Training:
2022-11-23 18:57:30,845 | INFO | Training Finished.
2022-11-23 18:57:30,857 | INFO | Training Accuracy: 0.931, Training MCC: 0.886, Validation Accuracy: 0.600, Validation MCC: 0.261, Fold: 5
2022-11-23 18:57:30,857 | INFO | AVG Training Accuracy: 0.859, AVG Training MCC: 0.758, AVG Validation Accuracy: 0.680, AVG Validation MCC: 0.436

2022-11-23 18:57:30,861 | INFO | Results after PCA:
2022-11-23 18:57:30,861 | INFO | ------------------

2022-11-23 18:57:30,861 | INFO | PCA Starting
2022-11-23 18:57:30,869 | INFO | Selecting 23 principal components making up 75% of the variance.

2022-11-23 18:57:30,870 | INFO | PCA Finished
2022-11-23 18:57:30,870 | INFO | GridSearchCV Starting
2022-11-23 19:01:03,425 | INFO | Best parameter set: {'alpha': 0.0, 'gamma': 2, 'lambda': 1, 'max_depth': 4, 'n_estimators': 8, 'subsample': 1}
2022-11-23 19:01:03,425 | INFO | -------------------------

2022-11-23 19:01:03,433 | INFO | Train MCC Score: 0.779.  StDev for Train MCC: 0.065.  Test MCC Score: 0.227.  StDev for Test MCC: 0.326.

2022-11-23 19:01:03,438 | INFO | Training:
2022-11-23 19:01:03,449 | INFO | Training Finished.
2022-11-23 19:01:03,454 | INFO | Training Accuracy: 0.828, Training MCC: 0.706, Validation Accuracy: 0.667, Validation MCC: 0.402, Fold: 1
2022-11-23 19:01:03,455 | INFO | Training:
2022-11-23 19:01:03,464 | INFO | Training Finished.
2022-11-23 19:01:03,469 | INFO | Training Accuracy: 0.879, Training MCC: 0.791, Validation Accuracy: 0.600, Validation MCC: 0.261, Fold: 2
2022-11-23 19:01:03,469 | INFO | Training:
2022-11-23 19:01:03,479 | INFO | Training Finished.
2022-11-23 19:01:03,483 | INFO | Training Accuracy: 0.897, Training MCC: 0.825, Validation Accuracy: 0.533, Validation MCC: 0.131, Fold: 3
2022-11-23 19:01:03,484 | INFO | Training:
2022-11-23 19:01:03,493 | INFO | Training Finished.
2022-11-23 19:01:03,498 | INFO | Training Accuracy: 0.931, Training MCC: 0.885, Validation Accuracy: 0.600, Validation MCC: 0.305, Fold: 4
2022-11-23 19:01:03,498 | INFO | Training:
2022-11-23 19:01:03,508 | INFO | Training Finished.
2022-11-23 19:01:03,513 | INFO | Training Accuracy: 0.914, Training MCC: 0.853, Validation Accuracy: 0.467, Validation MCC: 0.025, Fold: 5
2022-11-23 19:01:03,513 | INFO | AVG Training Accuracy: 0.890, AVG Training MCC: 0.812, AVG Validation Accuracy: 0.573, AVG Validation MCC: 0.225

2022-11-23 19:01:03,515 | INFO | PCA Starting
2022-11-23 19:01:03,523 | INFO | Selecting 26 principal components making up 80% of the variance.

2022-11-23 19:01:03,524 | INFO | PCA Finished
2022-11-23 19:01:03,524 | INFO | GridSearchCV Starting
2022-11-23 19:04:43,656 | INFO | Best parameter set: {'alpha': 0.0, 'gamma': 2, 'lambda': 1, 'max_depth': 3, 'n_estimators': 3, 'subsample': 1}
2022-11-23 19:04:43,657 | INFO | -------------------------

2022-11-23 19:04:43,665 | INFO | Train MCC Score: 0.825.  StDev for Train MCC: 0.049.  Test MCC Score: 0.230.  StDev for Test MCC: 0.345.

2022-11-23 19:04:43,671 | INFO | Training:
2022-11-23 19:04:43,679 | INFO | Training Finished.
2022-11-23 19:04:43,685 | INFO | Training Accuracy: 0.845, Training MCC: 0.736, Validation Accuracy: 0.667, Validation MCC: 0.402, Fold: 1
2022-11-23 19:04:43,685 | INFO | Training:
2022-11-23 19:04:43,693 | INFO | Training Finished.
2022-11-23 19:04:43,698 | INFO | Training Accuracy: 0.879, Training MCC: 0.795, Validation Accuracy: 0.600, Validation MCC: 0.261, Fold: 2
2022-11-23 19:04:43,698 | INFO | Training:
2022-11-23 19:04:43,706 | INFO | Training Finished.
2022-11-23 19:04:43,711 | INFO | Training Accuracy: 0.914, Training MCC: 0.852, Validation Accuracy: 0.667, Validation MCC: 0.435, Fold: 3
2022-11-23 19:04:43,712 | INFO | Training:
2022-11-23 19:04:43,719 | INFO | Training Finished.
2022-11-23 19:04:43,725 | INFO | Training Accuracy: 0.828, Training MCC: 0.700, Validation Accuracy: 0.467, Validation MCC: 0.131, Fold: 4
2022-11-23 19:04:43,725 | INFO | Training:
2022-11-23 19:04:43,733 | INFO | Training Finished.
2022-11-23 19:04:43,739 | INFO | Training Accuracy: 0.897, Training MCC: 0.822, Validation Accuracy: 0.533, Validation MCC: 0.197, Fold: 5
2022-11-23 19:04:43,739 | INFO | AVG Training Accuracy: 0.872, AVG Training MCC: 0.781, AVG Validation Accuracy: 0.587, AVG Validation MCC: 0.285

2022-11-23 19:04:43,741 | INFO | PCA Starting
2022-11-23 19:04:43,750 | INFO | Selecting 31 principal components making up 85% of the variance.

2022-11-23 19:04:43,750 | INFO | PCA Finished
2022-11-23 19:04:43,751 | INFO | GridSearchCV Starting
2022-11-23 19:08:40,007 | INFO | Best parameter set: {'alpha': 0.0, 'gamma': 1, 'lambda': 1, 'max_depth': 4, 'n_estimators': 1, 'subsample': 1}
2022-11-23 19:08:40,007 | INFO | -------------------------

2022-11-23 19:08:40,017 | INFO | Train MCC Score: 0.873.  StDev for Train MCC: 0.036.  Test MCC Score: 0.230.  StDev for Test MCC: 0.342.

2022-11-23 19:08:40,024 | INFO | Training:
2022-11-23 19:08:40,032 | INFO | Training Finished.
2022-11-23 19:08:40,038 | INFO | Training Accuracy: 0.879, Training MCC: 0.794, Validation Accuracy: 0.533, Validation MCC: 0.151, Fold: 1
2022-11-23 19:08:40,038 | INFO | Training:
2022-11-23 19:08:40,045 | INFO | Training Finished.
2022-11-23 19:08:40,051 | INFO | Training Accuracy: 0.914, Training MCC: 0.852, Validation Accuracy: 0.600, Validation MCC: 0.251, Fold: 2
2022-11-23 19:08:40,051 | INFO | Training:
2022-11-23 19:08:40,058 | INFO | Training Finished.
2022-11-23 19:08:40,063 | INFO | Training Accuracy: 0.897, Training MCC: 0.830, Validation Accuracy: 0.533, Validation MCC: 0.209, Fold: 3
2022-11-23 19:08:40,063 | INFO | Training:
2022-11-23 19:08:40,070 | INFO | Training Finished.
2022-11-23 19:08:40,076 | INFO | Training Accuracy: 0.897, Training MCC: 0.824, Validation Accuracy: 0.533, Validation MCC: 0.173, Fold: 4
2022-11-23 19:08:40,076 | INFO | Training:
2022-11-23 19:08:40,083 | INFO | Training Finished.
2022-11-23 19:08:40,088 | INFO | Training Accuracy: 0.914, Training MCC: 0.853, Validation Accuracy: 0.533, Validation MCC: 0.168, Fold: 5
2022-11-23 19:08:40,088 | INFO | AVG Training Accuracy: 0.900, AVG Training MCC: 0.830, AVG Validation Accuracy: 0.547, AVG Validation MCC: 0.190

2022-11-23 19:08:40,090 | INFO | PCA Starting
2022-11-23 19:08:40,099 | INFO | Selecting 36 principal components making up 90% of the variance.

2022-11-23 19:08:40,099 | INFO | PCA Finished
2022-11-23 19:08:40,099 | INFO | GridSearchCV Starting
2022-11-23 19:12:48,889 | INFO | Best parameter set: {'alpha': 0.0, 'gamma': 0, 'lambda': 1, 'max_depth': 2, 'n_estimators': 1, 'subsample': 1}
2022-11-23 19:12:48,889 | INFO | -------------------------

2022-11-23 19:12:48,900 | INFO | Train MCC Score: 0.657.  StDev for Train MCC: 0.042.  Test MCC Score: 0.183.  StDev for Test MCC: 0.275.

2022-11-23 19:12:48,906 | INFO | Training:
2022-11-23 19:12:48,914 | INFO | Training Finished.
2022-11-23 19:12:48,919 | INFO | Training Accuracy: 0.759, Training MCC: 0.588, Validation Accuracy: 0.533, Validation MCC: 0.151, Fold: 1
2022-11-23 19:12:48,919 | INFO | Training:
2022-11-23 19:12:48,926 | INFO | Training Finished.
2022-11-23 19:12:48,931 | INFO | Training Accuracy: 0.793, Training MCC: 0.646, Validation Accuracy: 0.600, Validation MCC: 0.269, Fold: 2
2022-11-23 19:12:48,932 | INFO | Training:
2022-11-23 19:12:48,938 | INFO | Training Finished.
2022-11-23 19:12:48,944 | INFO | Training Accuracy: 0.810, Training MCC: 0.673, Validation Accuracy: 0.400, Validation MCC: -0.107, Fold: 3
2022-11-23 19:12:48,944 | INFO | Training:
2022-11-23 19:12:48,951 | INFO | Training Finished.
2022-11-23 19:12:48,956 | INFO | Training Accuracy: 0.793, Training MCC: 0.645, Validation Accuracy: 0.467, Validation MCC: 0.112, Fold: 4
2022-11-23 19:12:48,956 | INFO | Training:
2022-11-23 19:12:48,963 | INFO | Training Finished.
2022-11-23 19:12:48,968 | INFO | Training Accuracy: 0.862, Training MCC: 0.764, Validation Accuracy: 0.533, Validation MCC: 0.151, Fold: 5
2022-11-23 19:12:48,968 | INFO | AVG Training Accuracy: 0.803, AVG Training MCC: 0.663, AVG Validation Accuracy: 0.507, AVG Validation MCC: 0.115

2022-11-23 19:12:48,971 | INFO | PCA Starting
2022-11-23 19:12:48,979 | INFO | Selecting 43 principal components making up 95% of the variance.

2022-11-23 19:12:48,980 | INFO | PCA Finished
2022-11-23 19:12:48,980 | INFO | GridSearchCV Starting
2022-11-23 19:17:17,931 | INFO | Best parameter set: {'alpha': 0.0, 'gamma': 1, 'lambda': 1, 'max_depth': 3, 'n_estimators': 2, 'subsample': 0.5}
2022-11-23 19:17:17,931 | INFO | -------------------------

2022-11-23 19:17:17,939 | INFO | Train MCC Score: 0.472.  StDev for Train MCC: 0.073.  Test MCC Score: 0.102.  StDev for Test MCC: 0.253.

2022-11-23 19:17:17,948 | INFO | Training:
2022-11-23 19:17:17,958 | INFO | Training Finished.
2022-11-23 19:17:17,964 | INFO | Training Accuracy: 0.810, Training MCC: 0.677, Validation Accuracy: 0.400, Validation MCC: -0.101, Fold: 1
2022-11-23 19:17:17,964 | INFO | Training:
2022-11-23 19:17:17,972 | INFO | Training Finished.
2022-11-23 19:17:17,977 | INFO | Training Accuracy: 0.759, Training MCC: 0.578, Validation Accuracy: 0.467, Validation MCC: -0.030, Fold: 2
2022-11-23 19:17:17,978 | INFO | Training:
2022-11-23 19:17:17,985 | INFO | Training Finished.
2022-11-23 19:17:17,991 | INFO | Training Accuracy: 0.724, Training MCC: 0.558, Validation Accuracy: 0.400, Validation MCC: 0.000, Fold: 3
2022-11-23 19:17:17,991 | INFO | Training:
2022-11-23 19:17:17,999 | INFO | Training Finished.
2022-11-23 19:17:18,004 | INFO | Training Accuracy: 0.672, Training MCC: 0.456, Validation Accuracy: 0.400, Validation MCC: -0.074, Fold: 4
2022-11-23 19:17:18,004 | INFO | Training:
2022-11-23 19:17:18,012 | INFO | Training Finished.
2022-11-23 19:17:18,018 | INFO | Training Accuracy: 0.741, Training MCC: 0.545, Validation Accuracy: 0.533, Validation MCC: 0.188, Fold: 5
2022-11-23 19:17:18,018 | INFO | AVG Training Accuracy: 0.741, AVG Training MCC: 0.563, AVG Validation Accuracy: 0.440, AVG Validation MCC: -0.003

2022-11-23 19:17:18,020 | INFO | PCA Starting
2022-11-23 19:17:18,029 | INFO | Selecting 73 principal components making up 100% of the variance.

2022-11-23 19:17:18,030 | INFO | PCA Finished
2022-11-23 19:17:18,030 | INFO | GridSearchCV Starting
2022-11-23 19:22:53,068 | INFO | Best parameter set: {'alpha': 0.0, 'gamma': 0, 'lambda': 1, 'max_depth': 2, 'n_estimators': 1, 'subsample': 0.5}
2022-11-23 19:22:53,068 | INFO | -------------------------

2022-11-23 19:22:53,076 | INFO | Train MCC Score: 0.315.  StDev for Train MCC: 0.071.  Test MCC Score: 0.120.  StDev for Test MCC: 0.236.

2022-11-23 19:22:53,082 | INFO | Training:
2022-11-23 19:22:53,091 | INFO | Training Finished.
2022-11-23 19:22:53,098 | INFO | Training Accuracy: 0.603, Training MCC: 0.328, Validation Accuracy: 0.200, Validation MCC: -0.337, Fold: 1
2022-11-23 19:22:53,098 | INFO | Training:
2022-11-23 19:22:53,105 | INFO | Training Finished.
2022-11-23 19:22:53,112 | INFO | Training Accuracy: 0.638, Training MCC: 0.364, Validation Accuracy: 0.467, Validation MCC: 0.070, Fold: 2
2022-11-23 19:22:53,112 | INFO | Training:
2022-11-23 19:22:53,119 | INFO | Training Finished.
2022-11-23 19:22:53,125 | INFO | Training Accuracy: 0.655, Training MCC: 0.431, Validation Accuracy: 0.467, Validation MCC: 0.070, Fold: 3
2022-11-23 19:22:53,126 | INFO | Training:
2022-11-23 19:22:53,133 | INFO | Training Finished.
2022-11-23 19:22:53,139 | INFO | Training Accuracy: 0.638, Training MCC: 0.361, Validation Accuracy: 0.600, Validation MCC: 0.269, Fold: 4
2022-11-23 19:22:53,140 | INFO | Training:
2022-11-23 19:22:53,147 | INFO | Training Finished.
2022-11-23 19:22:53,153 | INFO | Training Accuracy: 0.569, Training MCC: 0.250, Validation Accuracy: 0.333, Validation MCC: -0.022, Fold: 5
2022-11-23 19:22:53,153 | INFO | AVG Training Accuracy: 0.621, AVG Training MCC: 0.347, AVG Validation Accuracy: 0.413, AVG Validation MCC: 0.010

2022-11-23 19:22:53,163 | INFO | Random Forest Classifier Results:

2022-11-23 19:22:53,165 | INFO | GridSearchCV Starting
2022-11-23 19:24:08,889 | INFO | Best parameter set: {'ccp_alpha': 0.0, 'criterion': 'entropy', 'max_depth': 3, 'max_features': 0.3, 'n_estimators': 2}
2022-11-23 19:24:08,889 | INFO | -------------------------

2022-11-23 19:24:08,891 | INFO | Train MCC Score: 0.732.  StDev for Train MCC: 0.060.  Test MCC Score: 0.531.  StDev for Test MCC: 0.186.

2022-11-23 19:24:08,891 | INFO | Training:
2022-11-23 19:24:08,898 | INFO | Training Finished.
2022-11-23 19:24:08,905 | INFO | Training Accuracy: 0.776, Training MCC: 0.612, Validation Accuracy: 0.600, Validation MCC: 0.352, Fold: 1
2022-11-23 19:24:08,905 | INFO | Training:
2022-11-23 19:24:08,911 | INFO | Training Finished.
2022-11-23 19:24:08,919 | INFO | Training Accuracy: 0.741, Training MCC: 0.556, Validation Accuracy: 0.400, Validation MCC: -0.101, Fold: 2
2022-11-23 19:24:08,919 | INFO | Training:
2022-11-23 19:24:08,925 | INFO | Training Finished.
2022-11-23 19:24:08,932 | INFO | Training Accuracy: 0.879, Training MCC: 0.792, Validation Accuracy: 0.533, Validation MCC: 0.131, Fold: 3
2022-11-23 19:24:08,933 | INFO | Training:
2022-11-23 19:24:08,939 | INFO | Training Finished.
2022-11-23 19:24:08,946 | INFO | Training Accuracy: 0.793, Training MCC: 0.663, Validation Accuracy: 0.333, Validation MCC: -0.151, Fold: 4
2022-11-23 19:24:08,946 | INFO | Training:
2022-11-23 19:24:08,952 | INFO | Training Finished.
2022-11-23 19:24:08,959 | INFO | Training Accuracy: 0.793, Training MCC: 0.646, Validation Accuracy: 0.600, Validation MCC: 0.251, Fold: 5
2022-11-23 19:24:08,959 | INFO | AVG Training Accuracy: 0.797, AVG Training MCC: 0.654, AVG Validation Accuracy: 0.493, AVG Validation MCC: 0.096

2022-11-23 19:24:08,960 | INFO | Forward Selection Starting
2022-11-23 21:03:29,328 | INFO | Forward Selection Finished
2022-11-23 21:03:29,329 | INFO | SFS only results:

2022-11-23 21:03:29,329 | INFO | GridSearchCV Starting
2022-11-23 21:04:26,936 | INFO | Best parameter set: {'ccp_alpha': 0.1, 'criterion': 'entropy', 'max_depth': 4, 'max_features': 0.3, 'n_estimators': 17}
2022-11-23 21:04:26,936 | INFO | -------------------------

2022-11-23 21:04:26,938 | INFO | Train MCC Score: 0.919.  StDev for Train MCC: 0.021.  Test MCC Score: 0.506.  StDev for Test MCC: 0.151.

2022-11-23 21:04:26,939 | INFO | Training:
2022-11-23 21:04:26,958 | INFO | Training Finished.
2022-11-23 21:04:26,965 | INFO | Training Accuracy: 0.966, Training MCC: 0.941, Validation Accuracy: 0.667, Validation MCC: 0.392, Fold: 1
2022-11-23 21:04:26,965 | INFO | Training:
2022-11-23 21:04:26,984 | INFO | Training Finished.
2022-11-23 21:04:26,991 | INFO | Training Accuracy: 0.931, Training MCC: 0.883, Validation Accuracy: 0.733, Validation MCC: 0.545, Fold: 2
2022-11-23 21:04:26,991 | INFO | Training:
2022-11-23 21:04:27,011 | INFO | Training Finished.
2022-11-23 21:04:27,018 | INFO | Training Accuracy: 0.931, Training MCC: 0.882, Validation Accuracy: 0.733, Validation MCC: 0.522, Fold: 3
2022-11-23 21:04:27,018 | INFO | Training:
2022-11-23 21:04:27,037 | INFO | Training Finished.
2022-11-23 21:04:27,047 | INFO | Training Accuracy: 0.948, Training MCC: 0.913, Validation Accuracy: 0.533, Validation MCC: 0.160, Fold: 4
2022-11-23 21:04:27,047 | INFO | Training:
2022-11-23 21:04:27,066 | INFO | Training Finished.
2022-11-23 21:04:27,073 | INFO | Training Accuracy: 0.983, Training MCC: 0.971, Validation Accuracy: 0.600, Validation MCC: 0.261, Fold: 5
2022-11-23 21:04:27,073 | INFO | AVG Training Accuracy: 0.952, AVG Training MCC: 0.918, AVG Validation Accuracy: 0.653, AVG Validation MCC: 0.376

2022-11-23 21:04:27,076 | INFO | Results after PCA:
2022-11-23 21:04:27,076 | INFO | ------------------

2022-11-23 21:04:27,077 | INFO | PCA Starting
2022-11-23 21:04:27,083 | INFO | Selecting 22 principal components making up 75% of the variance.

2022-11-23 21:04:27,083 | INFO | PCA Finished
2022-11-23 21:04:27,083 | INFO | GridSearchCV Starting
2022-11-23 21:05:08,779 | INFO | Best parameter set: {'ccp_alpha': 0.1, 'criterion': 'entropy', 'max_depth': 3, 'max_features': 1.0, 'n_estimators': 6}
2022-11-23 21:05:08,779 | INFO | -------------------------

2022-11-23 21:05:08,781 | INFO | Train MCC Score: 0.880.  StDev for Train MCC: 0.028.  Test MCC Score: 0.497.  StDev for Test MCC: 0.186.

2022-11-23 21:05:08,781 | INFO | Training:
2022-11-23 21:05:08,788 | INFO | Training Finished.
2022-11-23 21:05:08,792 | INFO | Training Accuracy: 0.931, Training MCC: 0.883, Validation Accuracy: 0.600, Validation MCC: 0.296, Fold: 1
2022-11-23 21:05:08,792 | INFO | Training:
2022-11-23 21:05:08,799 | INFO | Training Finished.
2022-11-23 21:05:08,803 | INFO | Training Accuracy: 0.845, Training MCC: 0.737, Validation Accuracy: 0.533, Validation MCC: 0.173, Fold: 2
2022-11-23 21:05:08,803 | INFO | Training:
2022-11-23 21:05:08,810 | INFO | Training Finished.
2022-11-23 21:05:08,813 | INFO | Training Accuracy: 0.966, Training MCC: 0.941, Validation Accuracy: 0.867, Validation MCC: 0.773, Fold: 3
2022-11-23 21:05:08,814 | INFO | Training:
2022-11-23 21:05:08,821 | INFO | Training Finished.
2022-11-23 21:05:08,824 | INFO | Training Accuracy: 0.914, Training MCC: 0.852, Validation Accuracy: 0.533, Validation MCC: 0.160, Fold: 4
2022-11-23 21:05:08,824 | INFO | Training:
2022-11-23 21:05:08,831 | INFO | Training Finished.
2022-11-23 21:05:08,835 | INFO | Training Accuracy: 0.879, Training MCC: 0.801, Validation Accuracy: 0.800, Validation MCC: 0.653, Fold: 5
2022-11-23 21:05:08,835 | INFO | AVG Training Accuracy: 0.907, AVG Training MCC: 0.843, AVG Validation Accuracy: 0.667, AVG Validation MCC: 0.411

2022-11-23 21:05:08,836 | INFO | PCA Starting
2022-11-23 21:05:08,842 | INFO | Selecting 26 principal components making up 80% of the variance.

2022-11-23 21:05:08,842 | INFO | PCA Finished
2022-11-23 21:05:08,843 | INFO | GridSearchCV Starting
2022-11-23 21:05:52,157 | INFO | Best parameter set: {'ccp_alpha': 0.2, 'criterion': 'entropy', 'max_depth': 3, 'max_features': 1.0, 'n_estimators': 6}
2022-11-23 21:05:52,157 | INFO | -------------------------

2022-11-23 21:05:52,159 | INFO | Train MCC Score: 0.746.  StDev for Train MCC: 0.046.  Test MCC Score: 0.499.  StDev for Test MCC: 0.080.

2022-11-23 21:05:52,160 | INFO | Training:
2022-11-23 21:05:52,167 | INFO | Training Finished.
2022-11-23 21:05:52,171 | INFO | Training Accuracy: 0.862, Training MCC: 0.785, Validation Accuracy: 0.867, Validation MCC: 0.779, Fold: 1
2022-11-23 21:05:52,171 | INFO | Training:
2022-11-23 21:05:52,178 | INFO | Training Finished.
2022-11-23 21:05:52,182 | INFO | Training Accuracy: 0.948, Training MCC: 0.912, Validation Accuracy: 0.800, Validation MCC: 0.657, Fold: 2
2022-11-23 21:05:52,182 | INFO | Training:
2022-11-23 21:05:52,189 | INFO | Training Finished.
2022-11-23 21:05:52,193 | INFO | Training Accuracy: 0.879, Training MCC: 0.794, Validation Accuracy: 0.867, Validation MCC: 0.774, Fold: 3
2022-11-23 21:05:52,193 | INFO | Training:
2022-11-23 21:05:52,200 | INFO | Training Finished.
2022-11-23 21:05:52,203 | INFO | Training Accuracy: 0.862, Training MCC: 0.764, Validation Accuracy: 0.600, Validation MCC: 0.305, Fold: 4
2022-11-23 21:05:52,203 | INFO | Training:
2022-11-23 21:05:52,211 | INFO | Training Finished.
2022-11-23 21:05:52,214 | INFO | Training Accuracy: 0.897, Training MCC: 0.828, Validation Accuracy: 0.667, Validation MCC: 0.402, Fold: 5
2022-11-23 21:05:52,214 | INFO | AVG Training Accuracy: 0.890, AVG Training MCC: 0.816, AVG Validation Accuracy: 0.760, AVG Validation MCC: 0.583

2022-11-23 21:05:52,216 | INFO | PCA Starting
2022-11-23 21:05:52,222 | INFO | Selecting 31 principal components making up 85% of the variance.

2022-11-23 21:05:52,222 | INFO | PCA Finished
2022-11-23 21:05:52,222 | INFO | GridSearchCV Starting
2022-11-23 21:06:35,045 | INFO | Best parameter set: {'ccp_alpha': 0.2, 'criterion': 'entropy', 'max_depth': 10, 'max_features': 1.0, 'n_estimators': 2}
2022-11-23 21:06:35,045 | INFO | -------------------------

2022-11-23 21:06:35,047 | INFO | Train MCC Score: 0.700.  StDev for Train MCC: 0.136.  Test MCC Score: 0.516.  StDev for Test MCC: 0.198.

2022-11-23 21:06:35,047 | INFO | Training:
2022-11-23 21:06:35,052 | INFO | Training Finished.
2022-11-23 21:06:35,055 | INFO | Training Accuracy: 0.828, Training MCC: 0.701, Validation Accuracy: 0.867, Validation MCC: 0.779, Fold: 1
2022-11-23 21:06:35,055 | INFO | Training:
2022-11-23 21:06:35,059 | INFO | Training Finished.
2022-11-23 21:06:35,062 | INFO | Training Accuracy: 0.810, Training MCC: 0.674, Validation Accuracy: 0.733, Validation MCC: 0.543, Fold: 2
2022-11-23 21:06:35,062 | INFO | Training:
2022-11-23 21:06:35,066 | INFO | Training Finished.
2022-11-23 21:06:35,069 | INFO | Training Accuracy: 0.741, Training MCC: 0.543, Validation Accuracy: 0.600, Validation MCC: 0.276, Fold: 3
2022-11-23 21:06:35,069 | INFO | Training:
2022-11-23 21:06:35,073 | INFO | Training Finished.
2022-11-23 21:06:35,076 | INFO | Training Accuracy: 0.707, Training MCC: 0.492, Validation Accuracy: 0.600, Validation MCC: 0.269, Fold: 4
2022-11-23 21:06:35,076 | INFO | Training:
2022-11-23 21:06:35,080 | INFO | Training Finished.
2022-11-23 21:06:35,083 | INFO | Training Accuracy: 0.862, Training MCC: 0.767, Validation Accuracy: 0.667, Validation MCC: 0.402, Fold: 5
2022-11-23 21:06:35,083 | INFO | AVG Training Accuracy: 0.790, AVG Training MCC: 0.635, AVG Validation Accuracy: 0.693, AVG Validation MCC: 0.454

2022-11-23 21:06:35,085 | INFO | PCA Starting
2022-11-23 21:06:35,091 | INFO | Selecting 37 principal components making up 90% of the variance.

2022-11-23 21:06:35,091 | INFO | PCA Finished
2022-11-23 21:06:35,091 | INFO | GridSearchCV Starting
2022-11-23 21:07:18,788 | INFO | Best parameter set: {'ccp_alpha': 0.1, 'criterion': 'entropy', 'max_depth': 3, 'max_features': 1.0, 'n_estimators': 8}
2022-11-23 21:07:18,788 | INFO | -------------------------

2022-11-23 21:07:18,790 | INFO | Train MCC Score: 0.861.  StDev for Train MCC: 0.060.  Test MCC Score: 0.516.  StDev for Test MCC: 0.188.

2022-11-23 21:07:18,791 | INFO | Training:
2022-11-23 21:07:18,802 | INFO | Training Finished.
2022-11-23 21:07:18,807 | INFO | Training Accuracy: 0.862, Training MCC: 0.764, Validation Accuracy: 0.667, Validation MCC: 0.400, Fold: 1
2022-11-23 21:07:18,807 | INFO | Training:
2022-11-23 21:07:18,817 | INFO | Training Finished.
2022-11-23 21:07:18,821 | INFO | Training Accuracy: 0.931, Training MCC: 0.883, Validation Accuracy: 0.600, Validation MCC: 0.296, Fold: 2
2022-11-23 21:07:18,821 | INFO | Training:
2022-11-23 21:07:18,832 | INFO | Training Finished.
2022-11-23 21:07:18,836 | INFO | Training Accuracy: 0.914, Training MCC: 0.855, Validation Accuracy: 0.733, Validation MCC: 0.558, Fold: 3
2022-11-23 21:07:18,836 | INFO | Training:
2022-11-23 21:07:18,846 | INFO | Training Finished.
2022-11-23 21:07:18,850 | INFO | Training Accuracy: 0.897, Training MCC: 0.821, Validation Accuracy: 0.600, Validation MCC: 0.270, Fold: 4
2022-11-23 21:07:18,850 | INFO | Training:
2022-11-23 21:07:18,861 | INFO | Training Finished.
2022-11-23 21:07:18,865 | INFO | Training Accuracy: 0.897, Training MCC: 0.827, Validation Accuracy: 0.667, Validation MCC: 0.444, Fold: 5
2022-11-23 21:07:18,865 | INFO | AVG Training Accuracy: 0.900, AVG Training MCC: 0.830, AVG Validation Accuracy: 0.653, AVG Validation MCC: 0.394

2022-11-23 21:07:18,867 | INFO | PCA Starting
2022-11-23 21:07:18,872 | INFO | Selecting 45 principal components making up 95% of the variance.

2022-11-23 21:07:18,873 | INFO | PCA Finished
2022-11-23 21:07:18,873 | INFO | GridSearchCV Starting
2022-11-23 21:08:03,340 | INFO | Best parameter set: {'ccp_alpha': 0.2, 'criterion': 'entropy', 'max_depth': 5, 'max_features': 1.0, 'n_estimators': 6}
2022-11-23 21:08:03,340 | INFO | -------------------------

2022-11-23 21:08:03,342 | INFO | Train MCC Score: 0.808.  StDev for Train MCC: 0.031.  Test MCC Score: 0.466.  StDev for Test MCC: 0.103.

2022-11-23 21:08:03,342 | INFO | Training:
2022-11-23 21:08:03,351 | INFO | Training Finished.
2022-11-23 21:08:03,355 | INFO | Training Accuracy: 0.897, Training MCC: 0.822, Validation Accuracy: 0.733, Validation MCC: 0.569, Fold: 1
2022-11-23 21:08:03,355 | INFO | Training:
2022-11-23 21:08:03,367 | INFO | Training Finished.
2022-11-23 21:08:03,372 | INFO | Training Accuracy: 0.862, Training MCC: 0.762, Validation Accuracy: 0.400, Validation MCC: -0.135, Fold: 2
2022-11-23 21:08:03,373 | INFO | Training:
2022-11-23 21:08:03,383 | INFO | Training Finished.
2022-11-23 21:08:03,388 | INFO | Training Accuracy: 0.828, Training MCC: 0.706, Validation Accuracy: 0.667, Validation MCC: 0.422, Fold: 3
2022-11-23 21:08:03,388 | INFO | Training:
2022-11-23 21:08:03,397 | INFO | Training Finished.
2022-11-23 21:08:03,401 | INFO | Training Accuracy: 0.948, Training MCC: 0.914, Validation Accuracy: 0.733, Validation MCC: 0.543, Fold: 4
2022-11-23 21:08:03,401 | INFO | Training:
2022-11-23 21:08:03,410 | INFO | Training Finished.
2022-11-23 21:08:03,414 | INFO | Training Accuracy: 0.897, Training MCC: 0.828, Validation Accuracy: 0.733, Validation MCC: 0.522, Fold: 5
2022-11-23 21:08:03,414 | INFO | AVG Training Accuracy: 0.886, AVG Training MCC: 0.806, AVG Validation Accuracy: 0.653, AVG Validation MCC: 0.384

2022-11-23 21:08:03,416 | INFO | PCA Starting
2022-11-23 21:08:03,421 | INFO | Selecting 73 principal components making up 100% of the variance.

2022-11-23 21:08:03,421 | INFO | PCA Finished
2022-11-23 21:08:03,421 | INFO | GridSearchCV Starting
2022-11-23 21:08:51,048 | INFO | Best parameter set: {'ccp_alpha': 0.0, 'criterion': 'entropy', 'max_depth': 5, 'max_features': 1.0, 'n_estimators': 4}
2022-11-23 21:08:51,049 | INFO | -------------------------

2022-11-23 21:08:51,050 | INFO | Train MCC Score: 0.856.  StDev for Train MCC: 0.068.  Test MCC Score: 0.419.  StDev for Test MCC: 0.189.

2022-11-23 21:08:51,051 | INFO | Training:
2022-11-23 21:08:51,059 | INFO | Training Finished.
2022-11-23 21:08:51,063 | INFO | Training Accuracy: 0.897, Training MCC: 0.824, Validation Accuracy: 0.667, Validation MCC: 0.402, Fold: 1
2022-11-23 21:08:51,063 | INFO | Training:
2022-11-23 21:08:51,070 | INFO | Training Finished.
2022-11-23 21:08:51,074 | INFO | Training Accuracy: 0.897, Training MCC: 0.832, Validation Accuracy: 0.733, Validation MCC: 0.539, Fold: 2
2022-11-23 21:08:51,074 | INFO | Training:
2022-11-23 21:08:51,081 | INFO | Training Finished.
2022-11-23 21:08:51,085 | INFO | Training Accuracy: 0.862, Training MCC: 0.765, Validation Accuracy: 0.533, Validation MCC: 0.151, Fold: 3
2022-11-23 21:08:51,085 | INFO | Training:
2022-11-23 21:08:51,093 | INFO | Training Finished.
2022-11-23 21:08:51,096 | INFO | Training Accuracy: 0.914, Training MCC: 0.853, Validation Accuracy: 0.533, Validation MCC: 0.135, Fold: 4
2022-11-23 21:08:51,096 | INFO | Training:
2022-11-23 21:08:51,104 | INFO | Training Finished.
2022-11-23 21:08:51,108 | INFO | Training Accuracy: 0.914, Training MCC: 0.852, Validation Accuracy: 0.733, Validation MCC: 0.543, Fold: 5
2022-11-23 21:08:51,108 | INFO | AVG Training Accuracy: 0.897, AVG Training MCC: 0.825, AVG Validation Accuracy: 0.640, AVG Validation MCC: 0.354

2022-11-23 21:08:51,115 | INFO | KNN Classifier Results:

2022-11-23 21:08:51,116 | INFO | GridSearchCV Starting
2022-11-23 21:09:35,824 | INFO | Best parameter set: {'leaf_size': 5, 'n_neighbors': 27, 'p': 1, 'weights': 'distance'}
2022-11-23 21:09:35,825 | INFO | -------------------------

2022-11-23 21:09:35,826 | INFO | Train MCC Score: 1.000.  StDev for Train MCC: 0.000.  Test MCC Score: 0.239.  StDev for Test MCC: 0.216.

2022-11-23 21:09:35,826 | INFO | Training:
2022-11-23 21:09:35,830 | INFO | Training Finished.
2022-11-23 21:09:35,957 | INFO | Training Accuracy: 1.000, Training MCC: 1.000, Validation Accuracy: 0.533, Validation MCC: 0.072, Fold: 1
2022-11-23 21:09:35,957 | INFO | Training:
2022-11-23 21:09:35,962 | INFO | Training Finished.
2022-11-23 21:09:36,035 | INFO | Training Accuracy: 1.000, Training MCC: 1.000, Validation Accuracy: 0.467, Validation MCC: -0.062, Fold: 2
2022-11-23 21:09:36,036 | INFO | Training:
2022-11-23 21:09:36,041 | INFO | Training Finished.
2022-11-23 21:09:36,116 | INFO | Training Accuracy: 1.000, Training MCC: 1.000, Validation Accuracy: 0.533, Validation MCC: 0.131, Fold: 3
2022-11-23 21:09:36,116 | INFO | Training:
2022-11-23 21:09:36,122 | INFO | Training Finished.
2022-11-23 21:09:36,196 | INFO | Training Accuracy: 1.000, Training MCC: 1.000, Validation Accuracy: 0.533, Validation MCC: 0.151, Fold: 4
2022-11-23 21:09:36,197 | INFO | Training:
2022-11-23 21:09:36,202 | INFO | Training Finished.
2022-11-23 21:09:36,277 | INFO | Training Accuracy: 1.000, Training MCC: 1.000, Validation Accuracy: 0.600, Validation MCC: 0.261, Fold: 5
2022-11-23 21:09:36,278 | INFO | AVG Training Accuracy: 1.000, AVG Training MCC: 1.000, AVG Validation Accuracy: 0.533, AVG Validation MCC: 0.111

2022-11-23 21:09:36,279 | INFO | Forward Selection Starting
2022-11-24 01:37:47,955 | INFO | Forward Selection Finished
2022-11-24 01:37:47,957 | INFO | SFS only results:

2022-11-24 01:37:47,957 | INFO | GridSearchCV Starting
2022-11-24 01:38:27,649 | INFO | Best parameter set: {'leaf_size': 5, 'n_neighbors': 27, 'p': 1, 'weights': 'distance'}
2022-11-24 01:38:27,650 | INFO | -------------------------

2022-11-24 01:38:27,651 | INFO | Train MCC Score: 1.000.  StDev for Train MCC: 0.000.  Test MCC Score: 0.516.  StDev for Test MCC: 0.118.

2022-11-24 01:38:27,652 | INFO | Training:
2022-11-24 01:38:27,655 | INFO | Training Finished.
2022-11-24 01:38:27,716 | INFO | Training Accuracy: 1.000, Training MCC: 1.000, Validation Accuracy: 0.733, Validation MCC: 0.569, Fold: 1
2022-11-24 01:38:27,716 | INFO | Training:
2022-11-24 01:38:27,720 | INFO | Training Finished.
2022-11-24 01:38:27,789 | INFO | Training Accuracy: 1.000, Training MCC: 1.000, Validation Accuracy: 0.533, Validation MCC: 0.000, Fold: 2
2022-11-24 01:38:27,789 | INFO | Training:
2022-11-24 01:38:27,793 | INFO | Training Finished.
2022-11-24 01:38:27,862 | INFO | Training Accuracy: 1.000, Training MCC: 1.000, Validation Accuracy: 0.600, Validation MCC: 0.270, Fold: 3
2022-11-24 01:38:27,862 | INFO | Training:
2022-11-24 01:38:27,866 | INFO | Training Finished.
2022-11-24 01:38:27,935 | INFO | Training Accuracy: 1.000, Training MCC: 1.000, Validation Accuracy: 0.667, Validation MCC: 0.462, Fold: 4
2022-11-24 01:38:27,935 | INFO | Training:
2022-11-24 01:38:27,939 | INFO | Training Finished.
2022-11-24 01:38:28,009 | INFO | Training Accuracy: 1.000, Training MCC: 1.000, Validation Accuracy: 0.667, Validation MCC: 0.409, Fold: 5
2022-11-24 01:38:28,009 | INFO | AVG Training Accuracy: 1.000, AVG Training MCC: 1.000, AVG Validation Accuracy: 0.640, AVG Validation MCC: 0.342

2022-11-24 01:38:28,012 | INFO | Results after PCA:
2022-11-24 01:38:28,012 | INFO | ------------------

2022-11-24 01:38:28,012 | INFO | PCA Starting
2022-11-24 01:38:28,021 | INFO | Selecting 21 principal components making up 75% of the variance.

2022-11-24 01:38:28,022 | INFO | PCA Finished
2022-11-24 01:38:28,022 | INFO | GridSearchCV Starting
2022-11-24 01:39:03,582 | INFO | Best parameter set: {'leaf_size': 5, 'n_neighbors': 19, 'p': 1, 'weights': 'distance'}
2022-11-24 01:39:03,582 | INFO | -------------------------

2022-11-24 01:39:03,583 | INFO | Train MCC Score: 1.000.  StDev for Train MCC: 0.000.  Test MCC Score: 0.428.  StDev for Test MCC: 0.319.

2022-11-24 01:39:03,584 | INFO | Training:
2022-11-24 01:39:03,585 | INFO | Training Finished.
2022-11-24 01:39:03,643 | INFO | Training Accuracy: 1.000, Training MCC: 1.000, Validation Accuracy: 0.533, Validation MCC: 0.135, Fold: 1
2022-11-24 01:39:03,643 | INFO | Training:
2022-11-24 01:39:03,645 | INFO | Training Finished.
2022-11-24 01:39:03,710 | INFO | Training Accuracy: 1.000, Training MCC: 1.000, Validation Accuracy: 0.600, Validation MCC: 0.246, Fold: 2
2022-11-24 01:39:03,711 | INFO | Training:
2022-11-24 01:39:03,713 | INFO | Training Finished.
2022-11-24 01:39:03,779 | INFO | Training Accuracy: 1.000, Training MCC: 1.000, Validation Accuracy: 0.733, Validation MCC: 0.569, Fold: 3
2022-11-24 01:39:03,780 | INFO | Training:
2022-11-24 01:39:03,782 | INFO | Training Finished.
2022-11-24 01:39:03,847 | INFO | Training Accuracy: 1.000, Training MCC: 1.000, Validation Accuracy: 0.533, Validation MCC: 0.072, Fold: 4
2022-11-24 01:39:03,847 | INFO | Training:
2022-11-24 01:39:03,849 | INFO | Training Finished.
2022-11-24 01:39:03,916 | INFO | Training Accuracy: 1.000, Training MCC: 1.000, Validation Accuracy: 0.533, Validation MCC: 0.111, Fold: 5
2022-11-24 01:39:03,917 | INFO | AVG Training Accuracy: 1.000, AVG Training MCC: 1.000, AVG Validation Accuracy: 0.587, AVG Validation MCC: 0.227

2022-11-24 01:39:03,919 | INFO | PCA Starting
2022-11-24 01:39:03,927 | INFO | Selecting 24 principal components making up 80% of the variance.

2022-11-24 01:39:03,927 | INFO | PCA Finished
2022-11-24 01:39:03,928 | INFO | GridSearchCV Starting
2022-11-24 01:39:39,521 | INFO | Best parameter set: {'leaf_size': 5, 'n_neighbors': 15, 'p': 1, 'weights': 'distance'}
2022-11-24 01:39:39,521 | INFO | -------------------------

2022-11-24 01:39:39,522 | INFO | Train MCC Score: 1.000.  StDev for Train MCC: 0.000.  Test MCC Score: 0.472.  StDev for Test MCC: 0.242.

2022-11-24 01:39:39,523 | INFO | Training:
2022-11-24 01:39:39,524 | INFO | Training Finished.
2022-11-24 01:39:39,581 | INFO | Training Accuracy: 1.000, Training MCC: 1.000, Validation Accuracy: 0.600, Validation MCC: 0.305, Fold: 1
2022-11-24 01:39:39,582 | INFO | Training:
2022-11-24 01:39:39,584 | INFO | Training Finished.
2022-11-24 01:39:39,650 | INFO | Training Accuracy: 1.000, Training MCC: 1.000, Validation Accuracy: 0.667, Validation MCC: 0.462, Fold: 2
2022-11-24 01:39:39,650 | INFO | Training:
2022-11-24 01:39:39,652 | INFO | Training Finished.
2022-11-24 01:39:39,718 | INFO | Training Accuracy: 1.000, Training MCC: 1.000, Validation Accuracy: 0.733, Validation MCC: 0.569, Fold: 3
2022-11-24 01:39:39,718 | INFO | Training:
2022-11-24 01:39:39,720 | INFO | Training Finished.
2022-11-24 01:39:39,786 | INFO | Training Accuracy: 1.000, Training MCC: 1.000, Validation Accuracy: 0.600, Validation MCC: 0.246, Fold: 4
2022-11-24 01:39:39,786 | INFO | Training:
2022-11-24 01:39:39,788 | INFO | Training Finished.
2022-11-24 01:39:39,854 | INFO | Training Accuracy: 1.000, Training MCC: 1.000, Validation Accuracy: 0.600, Validation MCC: 0.261, Fold: 5
2022-11-24 01:39:39,854 | INFO | AVG Training Accuracy: 1.000, AVG Training MCC: 1.000, AVG Validation Accuracy: 0.640, AVG Validation MCC: 0.369

2022-11-24 01:39:39,856 | INFO | PCA Starting
2022-11-24 01:39:39,864 | INFO | Selecting 28 principal components making up 85% of the variance.

2022-11-24 01:39:39,865 | INFO | PCA Finished
2022-11-24 01:39:39,865 | INFO | GridSearchCV Starting
2022-11-24 01:40:15,863 | INFO | Best parameter set: {'leaf_size': 5, 'n_neighbors': 15, 'p': 1, 'weights': 'distance'}
2022-11-24 01:40:15,864 | INFO | -------------------------

2022-11-24 01:40:15,865 | INFO | Train MCC Score: 1.000.  StDev for Train MCC: 0.000.  Test MCC Score: 0.479.  StDev for Test MCC: 0.233.

2022-11-24 01:40:15,865 | INFO | Training:
2022-11-24 01:40:15,867 | INFO | Training Finished.
2022-11-24 01:40:15,926 | INFO | Training Accuracy: 1.000, Training MCC: 1.000, Validation Accuracy: 0.600, Validation MCC: 0.276, Fold: 1
2022-11-24 01:40:15,926 | INFO | Training:
2022-11-24 01:40:15,929 | INFO | Training Finished.
2022-11-24 01:40:15,996 | INFO | Training Accuracy: 1.000, Training MCC: 1.000, Validation Accuracy: 0.600, Validation MCC: 0.296, Fold: 2
2022-11-24 01:40:15,997 | INFO | Training:
2022-11-24 01:40:15,999 | INFO | Training Finished.
2022-11-24 01:40:16,067 | INFO | Training Accuracy: 1.000, Training MCC: 1.000, Validation Accuracy: 0.733, Validation MCC: 0.569, Fold: 3
2022-11-24 01:40:16,067 | INFO | Training:
2022-11-24 01:40:16,070 | INFO | Training Finished.
2022-11-24 01:40:16,137 | INFO | Training Accuracy: 1.000, Training MCC: 1.000, Validation Accuracy: 0.600, Validation MCC: 0.246, Fold: 4
2022-11-24 01:40:16,137 | INFO | Training:
2022-11-24 01:40:16,140 | INFO | Training Finished.
2022-11-24 01:40:16,207 | INFO | Training Accuracy: 1.000, Training MCC: 1.000, Validation Accuracy: 0.667, Validation MCC: 0.409, Fold: 5
2022-11-24 01:40:16,207 | INFO | AVG Training Accuracy: 1.000, AVG Training MCC: 1.000, AVG Validation Accuracy: 0.640, AVG Validation MCC: 0.359

2022-11-24 01:40:16,209 | INFO | PCA Starting
2022-11-24 01:40:16,218 | INFO | Selecting 33 principal components making up 90% of the variance.

2022-11-24 01:40:16,218 | INFO | PCA Finished
2022-11-24 01:40:16,219 | INFO | GridSearchCV Starting
2022-11-24 01:40:51,947 | INFO | Best parameter set: {'leaf_size': 5, 'n_neighbors': 11, 'p': 1, 'weights': 'distance'}
2022-11-24 01:40:51,947 | INFO | -------------------------

2022-11-24 01:40:51,948 | INFO | Train MCC Score: 1.000.  StDev for Train MCC: 0.000.  Test MCC Score: 0.541.  StDev for Test MCC: 0.228.

2022-11-24 01:40:51,949 | INFO | Training:
2022-11-24 01:40:51,951 | INFO | Training Finished.
2022-11-24 01:40:52,009 | INFO | Training Accuracy: 1.000, Training MCC: 1.000, Validation Accuracy: 0.733, Validation MCC: 0.539, Fold: 1
2022-11-24 01:40:52,010 | INFO | Training:
2022-11-24 01:40:52,012 | INFO | Training Finished.
2022-11-24 01:40:52,079 | INFO | Training Accuracy: 1.000, Training MCC: 1.000, Validation Accuracy: 0.467, Validation MCC: 0.159, Fold: 2
2022-11-24 01:40:52,079 | INFO | Training:
2022-11-24 01:40:52,081 | INFO | Training Finished.
2022-11-24 01:40:52,156 | INFO | Training Accuracy: 1.000, Training MCC: 1.000, Validation Accuracy: 0.800, Validation MCC: 0.693, Fold: 3
2022-11-24 01:40:52,156 | INFO | Training:
2022-11-24 01:40:52,159 | INFO | Training Finished.
2022-11-24 01:40:52,227 | INFO | Training Accuracy: 1.000, Training MCC: 1.000, Validation Accuracy: 0.600, Validation MCC: 0.246, Fold: 4
2022-11-24 01:40:52,227 | INFO | Training:
2022-11-24 01:40:52,229 | INFO | Training Finished.
2022-11-24 01:40:52,295 | INFO | Training Accuracy: 1.000, Training MCC: 1.000, Validation Accuracy: 0.667, Validation MCC: 0.409, Fold: 5
2022-11-24 01:40:52,295 | INFO | AVG Training Accuracy: 1.000, AVG Training MCC: 1.000, AVG Validation Accuracy: 0.653, AVG Validation MCC: 0.409

2022-11-24 01:40:52,298 | INFO | PCA Starting
2022-11-24 01:40:52,305 | INFO | Selecting 40 principal components making up 95% of the variance.

2022-11-24 01:40:52,306 | INFO | PCA Finished
2022-11-24 01:40:52,306 | INFO | GridSearchCV Starting
2022-11-24 01:41:28,254 | INFO | Best parameter set: {'leaf_size': 5, 'n_neighbors': 11, 'p': 1, 'weights': 'distance'}
2022-11-24 01:41:28,254 | INFO | -------------------------

2022-11-24 01:41:28,256 | INFO | Train MCC Score: 1.000.  StDev for Train MCC: 0.000.  Test MCC Score: 0.405.  StDev for Test MCC: 0.215.

2022-11-24 01:41:28,256 | INFO | Training:
2022-11-24 01:41:28,258 | INFO | Training Finished.
2022-11-24 01:41:28,316 | INFO | Training Accuracy: 1.000, Training MCC: 1.000, Validation Accuracy: 0.667, Validation MCC: 0.442, Fold: 1
2022-11-24 01:41:28,316 | INFO | Training:
2022-11-24 01:41:28,318 | INFO | Training Finished.
2022-11-24 01:41:28,384 | INFO | Training Accuracy: 1.000, Training MCC: 1.000, Validation Accuracy: 0.400, Validation MCC: 0.024, Fold: 2
2022-11-24 01:41:28,385 | INFO | Training:
2022-11-24 01:41:28,387 | INFO | Training Finished.
2022-11-24 01:41:28,453 | INFO | Training Accuracy: 1.000, Training MCC: 1.000, Validation Accuracy: 0.600, Validation MCC: 0.276, Fold: 3
2022-11-24 01:41:28,453 | INFO | Training:
2022-11-24 01:41:28,455 | INFO | Training Finished.
2022-11-24 01:41:28,521 | INFO | Training Accuracy: 1.000, Training MCC: 1.000, Validation Accuracy: 0.600, Validation MCC: 0.261, Fold: 4
2022-11-24 01:41:28,522 | INFO | Training:
2022-11-24 01:41:28,524 | INFO | Training Finished.
2022-11-24 01:41:28,590 | INFO | Training Accuracy: 1.000, Training MCC: 1.000, Validation Accuracy: 0.600, Validation MCC: 0.261, Fold: 5
2022-11-24 01:41:28,591 | INFO | AVG Training Accuracy: 1.000, AVG Training MCC: 1.000, AVG Validation Accuracy: 0.573, AVG Validation MCC: 0.253

2022-11-24 01:41:28,593 | INFO | PCA Starting
2022-11-24 01:41:28,601 | INFO | Selecting 73 principal components making up 100% of the variance.

2022-11-24 01:41:28,601 | INFO | PCA Finished
2022-11-24 01:41:28,601 | INFO | GridSearchCV Starting
2022-11-24 01:42:05,293 | INFO | Best parameter set: {'leaf_size': 5, 'n_neighbors': 9, 'p': 2, 'weights': 'distance'}
2022-11-24 01:42:05,293 | INFO | -------------------------

2022-11-24 01:42:05,294 | INFO | Train MCC Score: 1.000.  StDev for Train MCC: 0.000.  Test MCC Score: 0.396.  StDev for Test MCC: 0.178.

2022-11-24 01:42:05,295 | INFO | Training:
2022-11-24 01:42:05,297 | INFO | Training Finished.
2022-11-24 01:42:05,363 | INFO | Training Accuracy: 1.000, Training MCC: 1.000, Validation Accuracy: 0.600, Validation MCC: 0.386, Fold: 1
2022-11-24 01:42:05,363 | INFO | Training:
2022-11-24 01:42:05,366 | INFO | Training Finished.
2022-11-24 01:42:05,433 | INFO | Training Accuracy: 1.000, Training MCC: 1.000, Validation Accuracy: 0.333, Validation MCC: 0.047, Fold: 2
2022-11-24 01:42:05,433 | INFO | Training:
2022-11-24 01:42:05,435 | INFO | Training Finished.
2022-11-24 01:42:05,502 | INFO | Training Accuracy: 1.000, Training MCC: 1.000, Validation Accuracy: 0.733, Validation MCC: 0.570, Fold: 3
2022-11-24 01:42:05,502 | INFO | Training:
2022-11-24 01:42:05,505 | INFO | Training Finished.
2022-11-24 01:42:05,572 | INFO | Training Accuracy: 1.000, Training MCC: 1.000, Validation Accuracy: 0.533, Validation MCC: 0.300, Fold: 4
2022-11-24 01:42:05,572 | INFO | Training:
2022-11-24 01:42:05,574 | INFO | Training Finished.
2022-11-24 01:42:05,641 | INFO | Training Accuracy: 1.000, Training MCC: 1.000, Validation Accuracy: 0.667, Validation MCC: 0.409, Fold: 5
2022-11-24 01:42:05,642 | INFO | AVG Training Accuracy: 1.000, AVG Training MCC: 1.000, AVG Validation Accuracy: 0.573, AVG Validation MCC: 0.342

2022-11-24 01:42:05,646 | INFO | -----------------------------------------------------

