2022-12-23 15:40:56,885 | INFO | Classification + Regression Pipeline using SVC with Linear Kernel.

2022-12-23 15:40:57,777 | INFO | Model Results for SVR with RBF Kernel:
2022-12-23 15:40:57,778 | INFO | ---------------------

2022-12-23 15:40:57,778 | INFO | Hyperparameters for the small bucket regression model:
2022-12-23 15:41:01,963 | INFO | Best parameter set: {'C': 16, 'epsilon': 0.9, 'gamma': 'auto'}
2022-12-23 15:41:01,964 | INFO | -------------------------

2022-12-23 15:41:01,964 | INFO | Hyperparameters for the medium bucket regression model:
2022-12-23 15:41:02,786 | INFO | Best parameter set: {'C': 16, 'epsilon': 0.9, 'gamma': 'auto'}
2022-12-23 15:41:02,787 | INFO | -------------------------

2022-12-23 15:41:02,804 | INFO | Fold 1
2022-12-23 15:41:02,804 | INFO | Classifier Training MCC: 0.967, Classifier Validation MCC: 0.882
2022-12-23 15:41:02,805 | INFO | Without removing any of the > 4000 values.
2022-12-23 15:41:02,805 | INFO | Training RMSE: 3850773.346, Training RMSE (log): 1.460, Validation RMSE: 392774.549, Validation RMSE (log): 1.884
2022-12-23 15:41:02,805 | INFO | After removing predicted > 4000 values.
2022-12-23 15:41:02,806 | INFO | Training RMSE: 150.046, Training RMSE (log): 0.900, Validation RMSE: 1107.631, Validation RMSE (log): 1.507
2022-12-23 15:41:02,820 | INFO | Fold 2
2022-12-23 15:41:02,821 | INFO | Classifier Training MCC: 0.967, Classifier Validation MCC: 0.885
2022-12-23 15:41:02,821 | INFO | Without removing any of the > 4000 values.
2022-12-23 15:41:02,822 | INFO | Training RMSE: 304639.544, Training RMSE (log): 1.348, Validation RMSE: 7558579.244, Validation RMSE (log): 2.486
2022-12-23 15:41:02,822 | INFO | After removing predicted > 4000 values.
2022-12-23 15:41:02,822 | INFO | Training RMSE: 576.844, Training RMSE (log): 0.852, Validation RMSE: 133630.629, Validation RMSE (log): 2.199
2022-12-23 15:41:02,838 | INFO | Fold 3
2022-12-23 15:41:02,838 | INFO | Classifier Training MCC: 1.000, Classifier Validation MCC: 0.495
2022-12-23 15:41:02,839 | INFO | Without removing any of the > 4000 values.
2022-12-23 15:41:02,839 | INFO | Training RMSE: 3849093.637, Training RMSE (log): 1.422, Validation RMSE: 451977.692, Validation RMSE (log): 1.892
2022-12-23 15:41:02,839 | INFO | After removing predicted > 4000 values.
2022-12-23 15:41:02,839 | INFO | Training RMSE: 568.082, Training RMSE (log): 0.824, Validation RMSE: 485360.279, Validation RMSE (log): 1.888
2022-12-23 15:41:02,854 | INFO | Fold 4
2022-12-23 15:41:02,854 | INFO | Classifier Training MCC: 0.969, Classifier Validation MCC: 0.836
2022-12-23 15:41:02,855 | INFO | Without removing any of the > 4000 values.
2022-12-23 15:41:02,855 | INFO | Training RMSE: 3823131.673, Training RMSE (log): 1.510, Validation RMSE: 4772.631, Validation RMSE (log): 1.080
2022-12-23 15:41:02,855 | INFO | After removing predicted > 4000 values.
2022-12-23 15:41:02,855 | INFO | Training RMSE: 538.331, Training RMSE (log): 0.827, Validation RMSE: 4772.631, Validation RMSE (log): 1.080
2022-12-23 15:41:02,869 | INFO | Fold 5
2022-12-23 15:41:02,870 | INFO | Classifier Training MCC: 0.968, Classifier Validation MCC: 0.725
2022-12-23 15:41:02,870 | INFO | Without removing any of the > 4000 values.
2022-12-23 15:41:02,870 | INFO | Training RMSE: 3823124.908, Training RMSE (log): 1.484, Validation RMSE: 16324.255, Validation RMSE (log): 2.328
2022-12-23 15:41:02,870 | INFO | After removing predicted > 4000 values.
2022-12-23 15:41:02,870 | INFO | Training RMSE: 563.018, Training RMSE (log): 0.861, Validation RMSE: 11563.195, Validation RMSE (log): 2.169
2022-12-23 15:41:02,871 | INFO | Averaged Results:
2022-12-23 15:41:02,871 | INFO | ---------------------------------------------------------------------------------------------

2022-12-23 15:41:02,871 | INFO | AVG Classifier Training MCC: 0.974, AVG Classifier Validation MCC: 0.765
2022-12-23 15:41:02,871 | INFO | Without removing any of the >4000 values.
2022-12-23 15:41:02,871 | INFO | AVG Training RMSE: 3130152.622, AVG training RMSE (log): 1.445, AVG Validation RMSE: 1684885.674, AVG Validation RMSE (log): 1.934

2022-12-23 15:41:02,871 | INFO | After removing predicted >4000 values.
2022-12-23 15:41:02,872 | INFO | AVG Training RMSE: 479.264, AVG Training RMSE (log): 0.853, AVG Validation RMSE: 127286.873, AVG Validation RMSE (log): 1.769

2022-12-23 15:41:02,873 | INFO | Model Results for SVR with Linear Kernel:
2022-12-23 15:41:02,873 | INFO | ---------------------

2022-12-23 15:41:02,873 | INFO | Hyperparameters for the small bucket regression model:
2022-12-23 15:41:03,741 | INFO | Best parameter set: {'C': 1, 'epsilon': 0.8, 'gamma': 'scale'}
2022-12-23 15:41:03,741 | INFO | -------------------------

2022-12-23 15:41:03,741 | INFO | Hyperparameters for the medium bucket regression model:
2022-12-23 15:41:04,644 | INFO | Best parameter set: {'C': 1, 'epsilon': 0.8, 'gamma': 'scale'}
2022-12-23 15:41:04,644 | INFO | -------------------------

2022-12-23 15:41:04,660 | INFO | Fold 1
2022-12-23 15:41:04,660 | INFO | Classifier Training MCC: 0.967, Classifier Validation MCC: 0.882
2022-12-23 15:41:04,660 | INFO | Without removing any of the > 4000 values.
2022-12-23 15:41:04,660 | INFO | Training RMSE: 3850773.346, Training RMSE (log): 1.478, Validation RMSE: 392774.551, Validation RMSE (log): 1.992
2022-12-23 15:41:04,661 | INFO | After removing predicted > 4000 values.
2022-12-23 15:41:04,661 | INFO | Training RMSE: 146.278, Training RMSE (log): 0.932, Validation RMSE: 1108.498, Validation RMSE (log): 1.659
2022-12-23 15:41:04,677 | INFO | Fold 2
2022-12-23 15:41:04,677 | INFO | Classifier Training MCC: 0.967, Classifier Validation MCC: 0.885
2022-12-23 15:41:04,678 | INFO | Without removing any of the > 4000 values.
2022-12-23 15:41:04,678 | INFO | Training RMSE: 304639.545, Training RMSE (log): 1.365, Validation RMSE: 7558579.244, Validation RMSE (log): 2.478
2022-12-23 15:41:04,678 | INFO | After removing predicted > 4000 values.
2022-12-23 15:41:04,678 | INFO | Training RMSE: 577.826, Training RMSE (log): 0.882, Validation RMSE: 133630.625, Validation RMSE (log): 2.189
2022-12-23 15:41:04,693 | INFO | Fold 3
2022-12-23 15:41:04,693 | INFO | Classifier Training MCC: 1.000, Classifier Validation MCC: 0.495
2022-12-23 15:41:04,693 | INFO | Without removing any of the > 4000 values.
2022-12-23 15:41:04,693 | INFO | Training RMSE: 3849093.638, Training RMSE (log): 1.442, Validation RMSE: 451977.026, Validation RMSE (log): 1.785
2022-12-23 15:41:04,693 | INFO | After removing predicted > 4000 values.
2022-12-23 15:41:04,694 | INFO | Training RMSE: 570.051, Training RMSE (log): 0.862, Validation RMSE: 485359.563, Validation RMSE (log): 1.764
2022-12-23 15:41:04,708 | INFO | Fold 4
2022-12-23 15:41:04,708 | INFO | Classifier Training MCC: 0.969, Classifier Validation MCC: 0.836
2022-12-23 15:41:04,708 | INFO | Without removing any of the > 4000 values.
2022-12-23 15:41:04,709 | INFO | Training RMSE: 3823131.677, Training RMSE (log): 1.541, Validation RMSE: 6673.459, Validation RMSE (log): 0.957
2022-12-23 15:41:04,709 | INFO | After removing predicted > 4000 values.
2022-12-23 15:41:04,709 | INFO | Training RMSE: 572.504, Training RMSE (log): 0.890, Validation RMSE: 6673.459, Validation RMSE (log): 0.957
2022-12-23 15:41:04,723 | INFO | Fold 5
2022-12-23 15:41:04,723 | INFO | Classifier Training MCC: 0.968, Classifier Validation MCC: 0.725
2022-12-23 15:41:04,724 | INFO | Without removing any of the > 4000 values.
2022-12-23 15:41:04,724 | INFO | Training RMSE: 3823124.908, Training RMSE (log): 1.491, Validation RMSE: 16324.309, Validation RMSE (log): 2.334
2022-12-23 15:41:04,724 | INFO | After removing predicted > 4000 values.
2022-12-23 15:41:04,724 | INFO | Training RMSE: 563.941, Training RMSE (log): 0.875, Validation RMSE: 11563.284, Validation RMSE (log): 2.177
2022-12-23 15:41:04,724 | INFO | Averaged Results:
2022-12-23 15:41:04,725 | INFO | ---------------------------------------------------------------------------------------------

2022-12-23 15:41:04,725 | INFO | AVG Classifier Training MCC: 0.974, AVG Classifier Validation MCC: 0.765
2022-12-23 15:41:04,725 | INFO | Without removing any of the >4000 values.
2022-12-23 15:41:04,725 | INFO | AVG Training RMSE: 3130152.623, AVG training RMSE (log): 1.463, AVG Validation RMSE: 1685265.718, AVG Validation RMSE (log): 1.909

2022-12-23 15:41:04,725 | INFO | After removing predicted >4000 values.
2022-12-23 15:41:04,725 | INFO | AVG Training RMSE: 486.120, AVG Training RMSE (log): 0.888, AVG Validation RMSE: 127667.086, AVG Validation RMSE (log): 1.749

2022-12-23 15:41:04,727 | INFO | Model Results for Lasso Regression:
2022-12-23 15:41:04,727 | INFO | ---------------------

2022-12-23 15:41:04,727 | INFO | Hyperparameters for the small bucket regression model:
2022-12-23 15:41:04,791 | INFO | Best parameter set: {'alpha': 0.1, 'selection': 'cyclic'}
2022-12-23 15:41:04,792 | INFO | -------------------------

2022-12-23 15:41:04,792 | INFO | Hyperparameters for the medium bucket regression model:
2022-12-23 15:41:04,856 | INFO | Best parameter set: {'alpha': 0.1, 'selection': 'cyclic'}
2022-12-23 15:41:04,857 | INFO | -------------------------

2022-12-23 15:41:04,872 | INFO | Fold 1
2022-12-23 15:41:04,872 | INFO | Classifier Training MCC: 0.967, Classifier Validation MCC: 0.882
2022-12-23 15:41:04,873 | INFO | Without removing any of the > 4000 values.
2022-12-23 15:41:04,873 | INFO | Training RMSE: 3850773.346, Training RMSE (log): 1.514, Validation RMSE: 392774.550, Validation RMSE (log): 1.902
2022-12-23 15:41:04,873 | INFO | After removing predicted > 4000 values.
2022-12-23 15:41:04,873 | INFO | Training RMSE: 149.268, Training RMSE (log): 0.996, Validation RMSE: 1108.183, Validation RMSE (log): 1.532
2022-12-23 15:41:04,887 | INFO | Fold 2
2022-12-23 15:41:04,887 | INFO | Classifier Training MCC: 0.967, Classifier Validation MCC: 0.885
2022-12-23 15:41:04,887 | INFO | Without removing any of the > 4000 values.
2022-12-23 15:41:04,888 | INFO | Training RMSE: 304639.546, Training RMSE (log): 1.444, Validation RMSE: 7558579.244, Validation RMSE (log): 2.517
2022-12-23 15:41:04,888 | INFO | After removing predicted > 4000 values.
2022-12-23 15:41:04,888 | INFO | Training RMSE: 578.439, Training RMSE (log): 1.015, Validation RMSE: 133630.622, Validation RMSE (log): 2.237
2022-12-23 15:41:04,902 | INFO | Fold 3
2022-12-23 15:41:04,903 | INFO | Classifier Training MCC: 1.000, Classifier Validation MCC: 0.495
2022-12-23 15:41:04,903 | INFO | Without removing any of the > 4000 values.
2022-12-23 15:41:04,903 | INFO | Training RMSE: 3849093.638, Training RMSE (log): 1.512, Validation RMSE: 451976.250, Validation RMSE (log): 1.820
2022-12-23 15:41:04,903 | INFO | After removing predicted > 4000 values.
2022-12-23 15:41:04,903 | INFO | Training RMSE: 571.270, Training RMSE (log): 0.990, Validation RMSE: 485358.730, Validation RMSE (log): 1.805
2022-12-23 15:41:04,917 | INFO | Fold 4
2022-12-23 15:41:04,917 | INFO | Classifier Training MCC: 0.969, Classifier Validation MCC: 0.836
2022-12-23 15:41:04,918 | INFO | Without removing any of the > 4000 values.
2022-12-23 15:41:04,918 | INFO | Training RMSE: 3823131.678, Training RMSE (log): 1.640, Validation RMSE: 6946.427, Validation RMSE (log): 1.071
2022-12-23 15:41:04,918 | INFO | After removing predicted > 4000 values.
2022-12-23 15:41:04,918 | INFO | Training RMSE: 576.828, Training RMSE (log): 1.076, Validation RMSE: 6946.427, Validation RMSE (log): 1.071
2022-12-23 15:41:04,937 | INFO | Fold 5
2022-12-23 15:41:04,937 | INFO | Classifier Training MCC: 0.968, Classifier Validation MCC: 0.725
2022-12-23 15:41:04,937 | INFO | Without removing any of the > 4000 values.
2022-12-23 15:41:04,937 | INFO | Training RMSE: 3823124.908, Training RMSE (log): 1.585, Validation RMSE: 16324.303, Validation RMSE (log): 2.172
2022-12-23 15:41:04,938 | INFO | After removing predicted > 4000 values.
2022-12-23 15:41:04,938 | INFO | Training RMSE: 565.394, Training RMSE (log): 1.046, Validation RMSE: 11563.274, Validation RMSE (log): 1.972
2022-12-23 15:41:04,938 | INFO | Averaged Results:
2022-12-23 15:41:04,938 | INFO | ---------------------------------------------------------------------------------------------

2022-12-23 15:41:04,938 | INFO | AVG Classifier Training MCC: 0.974, AVG Classifier Validation MCC: 0.765
2022-12-23 15:41:04,938 | INFO | Without removing any of the >4000 values.
2022-12-23 15:41:04,939 | INFO | AVG Training RMSE: 3130152.623, AVG training RMSE (log): 1.539, AVG Validation RMSE: 1685320.155, AVG Validation RMSE (log): 1.896

2022-12-23 15:41:04,939 | INFO | After removing predicted >4000 values.
2022-12-23 15:41:04,939 | INFO | AVG Training RMSE: 488.240, AVG Training RMSE (log): 1.025, AVG Validation RMSE: 127721.447, AVG Validation RMSE (log): 1.723

2022-12-23 15:41:04,941 | INFO | Classification + Regression Pipeline using XGBoost Classifier.

2022-12-23 15:41:05,593 | INFO | Model Results for SVR with RBF Kernel:
2022-12-23 15:41:05,594 | INFO | ---------------------

2022-12-23 15:41:05,594 | INFO | Hyperparameters for the small bucket regression model:
2022-12-23 15:41:06,432 | INFO | Best parameter set: {'C': 1, 'epsilon': 0.9, 'gamma': 'scale'}
2022-12-23 15:41:06,432 | INFO | -------------------------

2022-12-23 15:41:06,433 | INFO | Hyperparameters for the medium bucket regression model:
2022-12-23 15:41:07,245 | INFO | Best parameter set: {'C': 1, 'epsilon': 0.9, 'gamma': 'scale'}
2022-12-23 15:41:07,245 | INFO | -------------------------

2022-12-23 15:41:07,270 | INFO | Fold 1
2022-12-23 15:41:07,270 | INFO | Classifier Training MCC: 0.675, Classifier Validation MCC: 0.472
2022-12-23 15:41:07,270 | INFO | Without removing any of the > 4000 values.
2022-12-23 15:41:07,270 | INFO | Training RMSE: 3849094.001, Training RMSE (log): 1.821, Validation RMSE: 451891.962, Validation RMSE (log): 1.469
2022-12-23 15:41:07,271 | INFO | After removing predicted > 4000 values.
2022-12-23 15:41:07,271 | INFO | Training RMSE: 69060.583, Training RMSE (log): 1.602, Validation RMSE: 451891.962, Validation RMSE (log): 1.469
2022-12-23 15:41:07,296 | INFO | Fold 2
2022-12-23 15:41:07,296 | INFO | Classifier Training MCC: 0.651, Classifier Validation MCC: 0.343
2022-12-23 15:41:07,296 | INFO | Without removing any of the > 4000 values.
2022-12-23 15:41:07,296 | INFO | Training RMSE: 311616.196, Training RMSE (log): 1.875, Validation RMSE: 7557479.685, Validation RMSE (log): 1.830
2022-12-23 15:41:07,296 | INFO | After removing predicted > 4000 values.
2022-12-23 15:41:07,296 | INFO | Training RMSE: 247813.418, Training RMSE (log): 1.788, Validation RMSE: 6995.078, Validation RMSE (log): 1.343
2022-12-23 15:41:07,323 | INFO | Fold 3
2022-12-23 15:41:07,323 | INFO | Classifier Training MCC: 0.607, Classifier Validation MCC: 0.752
2022-12-23 15:41:07,324 | INFO | Without removing any of the > 4000 values.
2022-12-23 15:41:07,324 | INFO | Training RMSE: 3850777.742, Training RMSE (log): 1.825, Validation RMSE: 392607.373, Validation RMSE (log): 1.621
2022-12-23 15:41:07,324 | INFO | After removing predicted > 4000 values.
2022-12-23 15:41:07,324 | INFO | Training RMSE: 72934.551, Training RMSE (log): 1.589, Validation RMSE: 11228.823, Validation RMSE (log): 1.301
2022-12-23 15:41:07,348 | INFO | Fold 4
2022-12-23 15:41:07,349 | INFO | Classifier Training MCC: 0.710, Classifier Validation MCC: 0.386
2022-12-23 15:41:07,349 | INFO | Without removing any of the > 4000 values.
2022-12-23 15:41:07,349 | INFO | Training RMSE: 3822578.897, Training RMSE (log): 1.593, Validation RMSE: 133630.776, Validation RMSE (log): 2.330
2022-12-23 15:41:07,349 | INFO | After removing predicted > 4000 values.
2022-12-23 15:41:07,349 | INFO | Training RMSE: 8510.804, Training RMSE (log): 1.170, Validation RMSE: 138675.086, Validation RMSE (log): 2.392
2022-12-23 15:41:07,374 | INFO | Fold 5
2022-12-23 15:41:07,374 | INFO | Classifier Training MCC: 0.704, Classifier Validation MCC: 0.401
2022-12-23 15:41:07,374 | INFO | Without removing any of the > 4000 values.
2022-12-23 15:41:07,374 | INFO | Training RMSE: 3823117.859, Training RMSE (log): 1.652, Validation RMSE: 20385.500, Validation RMSE (log): 2.181
2022-12-23 15:41:07,374 | INFO | After removing predicted > 4000 values.
2022-12-23 15:41:07,375 | INFO | Training RMSE: 243253.473, Training RMSE (log): 1.420, Validation RMSE: 13226.383, Validation RMSE (log): 2.206
2022-12-23 15:41:07,375 | INFO | Averaged Results:
2022-12-23 15:41:07,375 | INFO | ---------------------------------------------------------------------------------------------

2022-12-23 15:41:07,375 | INFO | AVG Classifier Training MCC: 0.670, AVG Classifier Validation MCC: 0.471
2022-12-23 15:41:07,375 | INFO | Without removing any of the >4000 values.
2022-12-23 15:41:07,375 | INFO | AVG Training RMSE: 3131436.939, AVG training RMSE (log): 1.753, AVG Validation RMSE: 1711199.059, AVG Validation RMSE (log): 1.886

2022-12-23 15:41:07,376 | INFO | After removing predicted >4000 values.
2022-12-23 15:41:07,376 | INFO | AVG Training RMSE: 128314.566, AVG Training RMSE (log): 1.514, AVG Validation RMSE: 124403.466, AVG Validation RMSE (log): 1.742

2022-12-23 15:41:07,378 | INFO | Model Results for SVR with Linear Kernel:
2022-12-23 15:41:07,378 | INFO | ---------------------

2022-12-23 15:41:07,378 | INFO | Hyperparameters for the small bucket regression model:
2022-12-23 15:41:08,194 | INFO | Best parameter set: {'C': 1, 'epsilon': 0.5, 'gamma': 'scale'}
2022-12-23 15:41:08,194 | INFO | -------------------------

2022-12-23 15:41:08,194 | INFO | Hyperparameters for the medium bucket regression model:
2022-12-23 15:41:08,993 | INFO | Best parameter set: {'C': 1, 'epsilon': 0.5, 'gamma': 'scale'}
2022-12-23 15:41:08,993 | INFO | -------------------------

2022-12-23 15:41:09,019 | INFO | Fold 1
2022-12-23 15:41:09,019 | INFO | Classifier Training MCC: 0.675, Classifier Validation MCC: 0.472
2022-12-23 15:41:09,019 | INFO | Without removing any of the > 4000 values.
2022-12-23 15:41:09,019 | INFO | Training RMSE: 3849094.062, Training RMSE (log): 1.903, Validation RMSE: 451946.954, Validation RMSE (log): 1.613
2022-12-23 15:41:09,020 | INFO | After removing predicted > 4000 values.
2022-12-23 15:41:09,020 | INFO | Training RMSE: 69064.303, Training RMSE (log): 1.704, Validation RMSE: 451946.954, Validation RMSE (log): 1.613
2022-12-23 15:41:09,046 | INFO | Fold 2
2022-12-23 15:41:09,046 | INFO | Classifier Training MCC: 0.651, Classifier Validation MCC: 0.343
2022-12-23 15:41:09,046 | INFO | Without removing any of the > 4000 values.
2022-12-23 15:41:09,047 | INFO | Training RMSE: 311615.231, Training RMSE (log): 1.881, Validation RMSE: 7557479.694, Validation RMSE (log): 1.903
2022-12-23 15:41:09,047 | INFO | After removing predicted > 4000 values.
2022-12-23 15:41:09,047 | INFO | Training RMSE: 247812.114, Training RMSE (log): 1.795, Validation RMSE: 7004.874, Validation RMSE (log): 1.447
2022-12-23 15:41:09,076 | INFO | Fold 3
2022-12-23 15:41:09,076 | INFO | Classifier Training MCC: 0.607, Classifier Validation MCC: 0.752
2022-12-23 15:41:09,077 | INFO | Without removing any of the > 4000 values.
2022-12-23 15:41:09,077 | INFO | Training RMSE: 3850777.744, Training RMSE (log): 1.902, Validation RMSE: 392608.666, Validation RMSE (log): 1.864
2022-12-23 15:41:09,077 | INFO | After removing predicted > 4000 values.
2022-12-23 15:41:09,077 | INFO | Training RMSE: 72934.699, Training RMSE (log): 1.697, Validation RMSE: 11277.150, Validation RMSE (log): 1.612
2022-12-23 15:41:09,117 | INFO | Fold 4
2022-12-23 15:41:09,118 | INFO | Classifier Training MCC: 0.710, Classifier Validation MCC: 0.386
2022-12-23 15:41:09,118 | INFO | Without removing any of the > 4000 values.
2022-12-23 15:41:09,118 | INFO | Training RMSE: 3822578.975, Training RMSE (log): 1.835, Validation RMSE: 133630.764, Validation RMSE (log): 2.287
2022-12-23 15:41:09,118 | INFO | After removing predicted > 4000 values.
2022-12-23 15:41:09,118 | INFO | Training RMSE: 8551.195, Training RMSE (log): 1.526, Validation RMSE: 138675.074, Validation RMSE (log): 2.347
2022-12-23 15:41:09,144 | INFO | Fold 5
2022-12-23 15:41:09,145 | INFO | Classifier Training MCC: 0.704, Classifier Validation MCC: 0.401
2022-12-23 15:41:09,145 | INFO | Without removing any of the > 4000 values.
2022-12-23 15:41:09,145 | INFO | Training RMSE: 3823119.274, Training RMSE (log): 1.772, Validation RMSE: 20414.187, Validation RMSE (log): 2.178
2022-12-23 15:41:09,145 | INFO | After removing predicted > 4000 values.
2022-12-23 15:41:09,145 | INFO | Training RMSE: 243276.899, Training RMSE (log): 1.565, Validation RMSE: 13277.903, Validation RMSE (log): 2.203
2022-12-23 15:41:09,146 | INFO | Averaged Results:
2022-12-23 15:41:09,146 | INFO | ---------------------------------------------------------------------------------------------

2022-12-23 15:41:09,146 | INFO | AVG Classifier Training MCC: 0.670, AVG Classifier Validation MCC: 0.471
2022-12-23 15:41:09,146 | INFO | Without removing any of the >4000 values.
2022-12-23 15:41:09,146 | INFO | AVG Training RMSE: 3131437.057, AVG training RMSE (log): 1.859, AVG Validation RMSE: 1711216.053, AVG Validation RMSE (log): 1.969

2022-12-23 15:41:09,147 | INFO | After removing predicted >4000 values.
2022-12-23 15:41:09,147 | INFO | AVG Training RMSE: 128327.842, AVG Training RMSE (log): 1.657, AVG Validation RMSE: 124436.391, AVG Validation RMSE (log): 1.845

2022-12-23 15:41:09,149 | INFO | Model Results for Lasso Regression:
2022-12-23 15:41:09,149 | INFO | ---------------------

2022-12-23 15:41:09,149 | INFO | Hyperparameters for the small bucket regression model:
2022-12-23 15:41:09,235 | INFO | Best parameter set: {'alpha': 0.1, 'selection': 'random'}
2022-12-23 15:41:09,236 | INFO | -------------------------

2022-12-23 15:41:09,236 | INFO | Hyperparameters for the medium bucket regression model:
2022-12-23 15:41:09,309 | INFO | Best parameter set: {'alpha': 0.1, 'selection': 'cyclic'}
2022-12-23 15:41:09,309 | INFO | -------------------------

2022-12-23 15:41:09,334 | INFO | Fold 1
2022-12-23 15:41:09,335 | INFO | Classifier Training MCC: 0.675, Classifier Validation MCC: 0.472
2022-12-23 15:41:09,335 | INFO | Without removing any of the > 4000 values.
2022-12-23 15:41:09,335 | INFO | Training RMSE: 3849094.061, Training RMSE (log): 1.923, Validation RMSE: 451936.101, Validation RMSE (log): 1.605
2022-12-23 15:41:09,335 | INFO | After removing predicted > 4000 values.
2022-12-23 15:41:09,335 | INFO | Training RMSE: 69064.246, Training RMSE (log): 1.728, Validation RMSE: 451936.101, Validation RMSE (log): 1.605
2022-12-23 15:41:09,363 | INFO | Fold 2
2022-12-23 15:41:09,363 | INFO | Classifier Training MCC: 0.651, Classifier Validation MCC: 0.343
2022-12-23 15:41:09,363 | INFO | Without removing any of the > 4000 values.
2022-12-23 15:41:09,363 | INFO | Training RMSE: 311616.281, Training RMSE (log): 2.027, Validation RMSE: 7557479.690, Validation RMSE (log): 2.036
2022-12-23 15:41:09,363 | INFO | After removing predicted > 4000 values.
2022-12-23 15:41:09,364 | INFO | Training RMSE: 247813.532, Training RMSE (log): 1.958, Validation RMSE: 7000.768, Validation RMSE (log): 1.629
2022-12-23 15:41:09,390 | INFO | Fold 3
2022-12-23 15:41:09,391 | INFO | Classifier Training MCC: 0.607, Classifier Validation MCC: 0.752
2022-12-23 15:41:09,391 | INFO | Without removing any of the > 4000 values.
2022-12-23 15:41:09,391 | INFO | Training RMSE: 3850777.744, Training RMSE (log): 1.905, Validation RMSE: 392608.608, Validation RMSE (log): 1.792
2022-12-23 15:41:09,391 | INFO | After removing predicted > 4000 values.
2022-12-23 15:41:09,391 | INFO | Training RMSE: 72934.717, Training RMSE (log): 1.701, Validation RMSE: 11274.985, Validation RMSE (log): 1.523
2022-12-23 15:41:09,418 | INFO | Fold 4
2022-12-23 15:41:09,418 | INFO | Classifier Training MCC: 0.710, Classifier Validation MCC: 0.386
2022-12-23 15:41:09,418 | INFO | Without removing any of the > 4000 values.
2022-12-23 15:41:09,418 | INFO | Training RMSE: 3822578.977, Training RMSE (log): 1.795, Validation RMSE: 133630.762, Validation RMSE (log): 2.214
2022-12-23 15:41:09,419 | INFO | After removing predicted > 4000 values.
2022-12-23 15:41:09,419 | INFO | Training RMSE: 8552.606, Training RMSE (log): 1.470, Validation RMSE: 138675.072, Validation RMSE (log): 2.271
2022-12-23 15:41:09,446 | INFO | Fold 5
2022-12-23 15:41:09,446 | INFO | Classifier Training MCC: 0.704, Classifier Validation MCC: 0.401
2022-12-23 15:41:09,446 | INFO | Without removing any of the > 4000 values.
2022-12-23 15:41:09,447 | INFO | Training RMSE: 3823119.319, Training RMSE (log): 1.783, Validation RMSE: 20414.094, Validation RMSE (log): 2.169
2022-12-23 15:41:09,447 | INFO | After removing predicted > 4000 values.
2022-12-23 15:41:09,447 | INFO | Training RMSE: 243277.647, Training RMSE (log): 1.579, Validation RMSE: 13277.736, Validation RMSE (log): 2.193
2022-12-23 15:41:09,447 | INFO | Averaged Results:
2022-12-23 15:41:09,447 | INFO | ---------------------------------------------------------------------------------------------

2022-12-23 15:41:09,448 | INFO | AVG Classifier Training MCC: 0.670, AVG Classifier Validation MCC: 0.471
2022-12-23 15:41:09,448 | INFO | Without removing any of the >4000 values.
2022-12-23 15:41:09,448 | INFO | AVG Training RMSE: 3131437.277, AVG training RMSE (log): 1.887, AVG Validation RMSE: 1711213.851, AVG Validation RMSE (log): 1.963

2022-12-23 15:41:09,448 | INFO | After removing predicted >4000 values.
2022-12-23 15:41:09,448 | INFO | AVG Training RMSE: 128328.550, AVG Training RMSE (log): 1.687, AVG Validation RMSE: 124432.932, AVG Validation RMSE (log): 1.844

2022-12-23 15:41:09,451 | INFO | Classification + Regression Pipeline using Random Forest Classifier.

2022-12-23 15:41:10,127 | INFO | Model Results for SVR with RBF Kernel:
2022-12-23 15:41:10,127 | INFO | ---------------------

2022-12-23 15:41:10,127 | INFO | Hyperparameters for the small bucket regression model:
2022-12-23 15:41:12,478 | INFO | Best parameter set: {'C': 21, 'epsilon': 0.9, 'gamma': 'auto'}
2022-12-23 15:41:12,478 | INFO | -------------------------

2022-12-23 15:41:12,479 | INFO | Hyperparameters for the medium bucket regression model:
2022-12-23 15:41:14,885 | INFO | Best parameter set: {'C': 21, 'epsilon': 0.9, 'gamma': 'auto'}
2022-12-23 15:41:14,885 | INFO | -------------------------

2022-12-23 15:41:14,946 | INFO | Fold 1
2022-12-23 15:41:14,946 | INFO | Classifier Training MCC: 0.935, Classifier Validation MCC: -0.026
2022-12-23 15:41:14,946 | INFO | Without removing any of the > 4000 values.
2022-12-23 15:41:14,946 | INFO | Training RMSE: 3850779.455, Training RMSE (log): 1.376, Validation RMSE: 392521.081, Validation RMSE (log): 2.982
2022-12-23 15:41:14,946 | INFO | After removing predicted > 4000 values.
2022-12-23 15:41:14,947 | INFO | Training RMSE: 242666.294, Training RMSE (log): 0.898, Validation RMSE: 406297.919, Validation RMSE (log): 3.085
2022-12-23 15:41:15,003 | INFO | Fold 2
2022-12-23 15:41:15,003 | INFO | Classifier Training MCC: 0.968, Classifier Validation MCC: 0.311
2022-12-23 15:41:15,003 | INFO | Without removing any of the > 4000 values.
2022-12-23 15:41:15,003 | INFO | Training RMSE: 3855386.690, Training RMSE (log): 1.469, Validation RMSE: 129641.354, Validation RMSE (log): 2.128
2022-12-23 15:41:15,004 | INFO | After removing predicted > 4000 values.
2022-12-23 15:41:15,004 | INFO | Training RMSE: 531.414, Training RMSE (log): 0.878, Validation RMSE: 129641.354, Validation RMSE (log): 2.128
2022-12-23 15:41:15,060 | INFO | Fold 3
2022-12-23 15:41:15,060 | INFO | Classifier Training MCC: 0.801, Classifier Validation MCC: 0.389
2022-12-23 15:41:15,060 | INFO | Without removing any of the > 4000 values.
2022-12-23 15:41:15,060 | INFO | Training RMSE: 311529.684, Training RMSE (log): 1.544, Validation RMSE: 7557424.538, Validation RMSE (log): 2.105
2022-12-23 15:41:15,060 | INFO | After removing predicted > 4000 values.
2022-12-23 15:41:15,061 | INFO | Training RMSE: 6806.916, Training RMSE (log): 1.221, Validation RMSE: 7822677.585, Validation RMSE (log): 2.155
2022-12-23 15:41:15,117 | INFO | Fold 4
2022-12-23 15:41:15,117 | INFO | Classifier Training MCC: 0.970, Classifier Validation MCC: 0.361
2022-12-23 15:41:15,117 | INFO | Without removing any of the > 4000 values.
2022-12-23 15:41:15,118 | INFO | Training RMSE: 3823129.206, Training RMSE (log): 1.465, Validation RMSE: 11301.558, Validation RMSE (log): 1.473
2022-12-23 15:41:15,118 | INFO | After removing predicted > 4000 values.
2022-12-23 15:41:15,118 | INFO | Training RMSE: 530.873, Training RMSE (log): 0.727, Validation RMSE: 13.783, Validation RMSE (log): 1.345
2022-12-23 15:41:15,175 | INFO | Fold 5
2022-12-23 15:41:15,175 | INFO | Classifier Training MCC: 0.873, Classifier Validation MCC: 0.266
2022-12-23 15:41:15,175 | INFO | Without removing any of the > 4000 values.
2022-12-23 15:41:15,175 | INFO | Training RMSE: 3816335.207, Training RMSE (log): 1.607, Validation RMSE: 467762.813, Validation RMSE (log): 1.821
2022-12-23 15:41:15,176 | INFO | After removing predicted > 4000 values.
2022-12-23 15:41:15,176 | INFO | Training RMSE: 3609.211, Training RMSE (log): 1.197, Validation RMSE: 467762.813, Validation RMSE (log): 1.821
2022-12-23 15:41:15,176 | INFO | Averaged Results:
2022-12-23 15:41:15,176 | INFO | ---------------------------------------------------------------------------------------------

2022-12-23 15:41:15,177 | INFO | AVG Classifier Training MCC: 0.909, AVG Classifier Validation MCC: 0.260
2022-12-23 15:41:15,177 | INFO | Without removing any of the >4000 values.
2022-12-23 15:41:15,177 | INFO | AVG Training RMSE: 3131432.048, AVG training RMSE (log): 1.492, AVG Validation RMSE: 1711730.269, AVG Validation RMSE (log): 2.102

2022-12-23 15:41:15,177 | INFO | After removing predicted >4000 values.
2022-12-23 15:41:15,177 | INFO | AVG Training RMSE: 50828.942, AVG Training RMSE (log): 0.984, AVG Validation RMSE: 1765278.691, AVG Validation RMSE (log): 2.107

2022-12-23 15:41:15,179 | INFO | Model Results for SVR with Linear Kernel:
2022-12-23 15:41:15,179 | INFO | ---------------------

2022-12-23 15:41:15,179 | INFO | Hyperparameters for the small bucket regression model:
2022-12-23 15:41:17,504 | INFO | Best parameter set: {'C': 1, 'epsilon': 0.9, 'gamma': 'scale'}
2022-12-23 15:41:17,504 | INFO | -------------------------

2022-12-23 15:41:17,504 | INFO | Hyperparameters for the medium bucket regression model:
2022-12-23 15:41:19,771 | INFO | Best parameter set: {'C': 1, 'epsilon': 0.9, 'gamma': 'scale'}
2022-12-23 15:41:19,771 | INFO | -------------------------

2022-12-23 15:41:19,831 | INFO | Fold 1
2022-12-23 15:41:19,831 | INFO | Classifier Training MCC: 0.838, Classifier Validation MCC: 0.065
2022-12-23 15:41:19,831 | INFO | Without removing any of the > 4000 values.
2022-12-23 15:41:19,831 | INFO | Training RMSE: 3850779.455, Training RMSE (log): 1.428, Validation RMSE: 392521.081, Validation RMSE (log): 2.845
2022-12-23 15:41:19,832 | INFO | After removing predicted > 4000 values.
2022-12-23 15:41:19,832 | INFO | Training RMSE: 242666.295, Training RMSE (log): 0.985, Validation RMSE: 406297.919, Validation RMSE (log): 2.943
2022-12-23 15:41:19,889 | INFO | Fold 2
2022-12-23 15:41:19,889 | INFO | Classifier Training MCC: 1.000, Classifier Validation MCC: 0.513
2022-12-23 15:41:19,889 | INFO | Without removing any of the > 4000 values.
2022-12-23 15:41:19,890 | INFO | Training RMSE: 3855386.690, Training RMSE (log): 1.383, Validation RMSE: 129647.276, Validation RMSE (log): 2.144
2022-12-23 15:41:19,890 | INFO | After removing predicted > 4000 values.
2022-12-23 15:41:19,890 | INFO | Training RMSE: 531.229, Training RMSE (log): 0.702, Validation RMSE: 133630.619, Validation RMSE (log): 2.095
2022-12-23 15:41:19,943 | INFO | Fold 3
2022-12-23 15:41:19,944 | INFO | Classifier Training MCC: 0.838, Classifier Validation MCC: 0.778
2022-12-23 15:41:19,944 | INFO | Without removing any of the > 4000 values.
2022-12-23 15:41:19,944 | INFO | Training RMSE: 311530.274, Training RMSE (log): 1.436, Validation RMSE: 7557493.068, Validation RMSE (log): 2.117
2022-12-23 15:41:19,944 | INFO | After removing predicted > 4000 values.
2022-12-23 15:41:19,944 | INFO | Training RMSE: 529.457, Training RMSE (log): 0.955, Validation RMSE: 130.900, Validation RMSE (log): 1.653
2022-12-23 15:41:20,000 | INFO | Fold 4
2022-12-23 15:41:20,001 | INFO | Classifier Training MCC: 0.941, Classifier Validation MCC: 0.124
2022-12-23 15:41:20,001 | INFO | Without removing any of the > 4000 values.
2022-12-23 15:41:20,001 | INFO | Training RMSE: 3823129.205, Training RMSE (log): 1.494, Validation RMSE: 11306.560, Validation RMSE (log): 1.871
2022-12-23 15:41:20,001 | INFO | After removing predicted > 4000 values.
2022-12-23 15:41:20,001 | INFO | Training RMSE: 529.998, Training RMSE (log): 0.803, Validation RMSE: 12753.929, Validation RMSE (log): 2.001
2022-12-23 15:41:20,059 | INFO | Fold 5
2022-12-23 15:41:20,059 | INFO | Classifier Training MCC: 0.907, Classifier Validation MCC: 0.561
2022-12-23 15:41:20,059 | INFO | Without removing any of the > 4000 values.
2022-12-23 15:41:20,059 | INFO | Training RMSE: 3816335.207, Training RMSE (log): 1.549, Validation RMSE: 467764.594, Validation RMSE (log): 2.211
2022-12-23 15:41:20,059 | INFO | After removing predicted > 4000 values.
2022-12-23 15:41:20,059 | INFO | Training RMSE: 3608.976, Training RMSE (log): 1.109, Validation RMSE: 467764.594, Validation RMSE (log): 2.211
2022-12-23 15:41:20,060 | INFO | Averaged Results:
2022-12-23 15:41:20,060 | INFO | ---------------------------------------------------------------------------------------------

2022-12-23 15:41:20,060 | INFO | AVG Classifier Training MCC: 0.905, AVG Classifier Validation MCC: 0.408
2022-12-23 15:41:20,060 | INFO | Without removing any of the >4000 values.
2022-12-23 15:41:20,060 | INFO | AVG Training RMSE: 3131432.166, AVG training RMSE (log): 1.458, AVG Validation RMSE: 1711746.516, AVG Validation RMSE (log): 2.238

2022-12-23 15:41:20,061 | INFO | After removing predicted >4000 values.
2022-12-23 15:41:20,061 | INFO | AVG Training RMSE: 49573.191, AVG Training RMSE (log): 0.911, AVG Validation RMSE: 204115.592, AVG Validation RMSE (log): 2.181

2022-12-23 15:41:20,062 | INFO | Model Results for Lasso Regression:
2022-12-23 15:41:20,063 | INFO | ---------------------

2022-12-23 15:41:20,063 | INFO | Hyperparameters for the small bucket regression model:
2022-12-23 15:41:20,184 | INFO | Best parameter set: {'alpha': 0.1, 'selection': 'cyclic'}
2022-12-23 15:41:20,184 | INFO | -------------------------

2022-12-23 15:41:20,184 | INFO | Hyperparameters for the medium bucket regression model:
2022-12-23 15:41:20,288 | INFO | Best parameter set: {'alpha': 0.1, 'selection': 'random'}
2022-12-23 15:41:20,289 | INFO | -------------------------

2022-12-23 15:41:20,346 | INFO | Fold 1
2022-12-23 15:41:20,346 | INFO | Classifier Training MCC: 0.968, Classifier Validation MCC: 0.153
2022-12-23 15:41:20,346 | INFO | Without removing any of the > 4000 values.
2022-12-23 15:41:20,346 | INFO | Training RMSE: 3850780.148, Training RMSE (log): 1.372, Validation RMSE: 392516.251, Validation RMSE (log): 2.548
2022-12-23 15:41:20,347 | INFO | After removing predicted > 4000 values.
2022-12-23 15:41:20,347 | INFO | Training RMSE: 5856.270, Training RMSE (log): 0.792, Validation RMSE: 7296.356, Validation RMSE (log): 2.504
2022-12-23 15:41:20,402 | INFO | Fold 2
2022-12-23 15:41:20,403 | INFO | Classifier Training MCC: 0.968, Classifier Validation MCC: 0.770
2022-12-23 15:41:20,403 | INFO | Without removing any of the > 4000 values.
2022-12-23 15:41:20,403 | INFO | Training RMSE: 3855386.693, Training RMSE (log): 1.499, Validation RMSE: 129642.477, Validation RMSE (log): 1.597
2022-12-23 15:41:20,403 | INFO | After removing predicted > 4000 values.
2022-12-23 15:41:20,403 | INFO | Training RMSE: 558.244, Training RMSE (log): 0.933, Validation RMSE: 73.669, Validation RMSE (log): 1.177
2022-12-23 15:41:20,460 | INFO | Fold 3
2022-12-23 15:41:20,460 | INFO | Classifier Training MCC: 0.873, Classifier Validation MCC: 0.518
2022-12-23 15:41:20,460 | INFO | Without removing any of the > 4000 values.
2022-12-23 15:41:20,460 | INFO | Training RMSE: 311523.063, Training RMSE (log): 1.368, Validation RMSE: 7557473.706, Validation RMSE (log): 2.000
2022-12-23 15:41:20,461 | INFO | After removing predicted > 4000 values.
2022-12-23 15:41:20,461 | INFO | Training RMSE: 245036.537, Training RMSE (log): 1.004, Validation RMSE: 7557473.706, Validation RMSE (log): 2.000
2022-12-23 15:41:20,516 | INFO | Fold 4
2022-12-23 15:41:20,516 | INFO | Classifier Training MCC: 0.878, Classifier Validation MCC: 0.011
2022-12-23 15:41:20,517 | INFO | Without removing any of the > 4000 values.
2022-12-23 15:41:20,517 | INFO | Training RMSE: 3823129.208, Training RMSE (log): 1.591, Validation RMSE: 11306.604, Validation RMSE (log): 1.892
2022-12-23 15:41:20,517 | INFO | After removing predicted > 4000 values.
2022-12-23 15:41:20,517 | INFO | Training RMSE: 557.439, Training RMSE (log): 1.005, Validation RMSE: 12753.978, Validation RMSE (log): 2.026
2022-12-23 15:41:20,575 | INFO | Fold 5
2022-12-23 15:41:20,576 | INFO | Classifier Training MCC: 0.808, Classifier Validation MCC: 0.576
2022-12-23 15:41:20,576 | INFO | Without removing any of the > 4000 values.
2022-12-23 15:41:20,576 | INFO | Training RMSE: 3816335.187, Training RMSE (log): 1.563, Validation RMSE: 467797.321, Validation RMSE (log): 1.625
2022-12-23 15:41:20,576 | INFO | After removing predicted > 4000 values.
2022-12-23 15:41:20,576 | INFO | Training RMSE: 6343.733, Training RMSE (log): 1.140, Validation RMSE: 467797.321, Validation RMSE (log): 1.625
2022-12-23 15:41:20,577 | INFO | Averaged Results:
2022-12-23 15:41:20,577 | INFO | ---------------------------------------------------------------------------------------------

2022-12-23 15:41:20,577 | INFO | AVG Classifier Training MCC: 0.899, AVG Classifier Validation MCC: 0.406
2022-12-23 15:41:20,577 | INFO | Without removing any of the >4000 values.
2022-12-23 15:41:20,577 | INFO | AVG Training RMSE: 3131430.860, AVG training RMSE (log): 1.479, AVG Validation RMSE: 1711747.272, AVG Validation RMSE (log): 1.932

2022-12-23 15:41:20,577 | INFO | After removing predicted >4000 values.
2022-12-23 15:41:20,578 | INFO | AVG Training RMSE: 51670.445, AVG Training RMSE (log): 0.975, AVG Validation RMSE: 1609079.006, AVG Validation RMSE (log): 1.866

