2022-10-23 23:13:56,125 | INFO | Threshold of 0.01 provides Large bucket size: 46, Small Bucket size: 18, Extra Bucket size: 9

2022-10-23 23:13:56,135 | INFO | SVC with RBF Kernel Results:

2022-10-23 23:13:56,137 | INFO | GridSearchCV Starting
2022-10-23 23:14:03,643 | INFO | Best parameter set: {'C': 21, 'break_ties': False, 'class_weight': None, 'gamma': 'auto'}
2022-10-23 23:14:03,644 | INFO | -------------------------

2022-10-23 23:14:03,645 | INFO | Train MCC Score: 0.871.  StDev for Train MCC: 0.036.  Test MCC Score: 0.427.  StDev for Test MCC: 0.175.

2022-10-23 23:14:03,645 | INFO | Training:
2022-10-23 23:14:03,650 | INFO | Training Finished.
2022-10-23 23:14:03,659 | INFO | Training Accuracy: 0.948, Training MCC: 0.901, Validation Accuracy: 0.733, Validation MCC: 0.498, Fold: 1
2022-10-23 23:14:03,659 | INFO | Training:
2022-10-23 23:14:03,666 | INFO | Training Finished.
2022-10-23 23:14:03,678 | INFO | Training Accuracy: 0.897, Training MCC: 0.800, Validation Accuracy: 0.667, Validation MCC: 0.339, Fold: 2
2022-10-23 23:14:03,678 | INFO | Training:
2022-10-23 23:14:03,683 | INFO | Training Finished.
2022-10-23 23:14:03,692 | INFO | Training Accuracy: 0.948, Training MCC: 0.901, Validation Accuracy: 0.667, Validation MCC: 0.318, Fold: 3
2022-10-23 23:14:03,692 | INFO | Training:
2022-10-23 23:14:03,696 | INFO | Training Finished.
2022-10-23 23:14:03,704 | INFO | Training Accuracy: 0.948, Training MCC: 0.902, Validation Accuracy: 0.600, Validation MCC: 0.000, Fold: 4
2022-10-23 23:14:03,704 | INFO | Training:
2022-10-23 23:14:03,710 | INFO | Training Finished.
2022-10-23 23:14:03,718 | INFO | Training Accuracy: 0.914, Training MCC: 0.834, Validation Accuracy: 0.800, Validation MCC: 0.635, Fold: 5
2022-10-23 23:14:03,718 | INFO | AVG Training Accuracy: 0.931, AVG Training MCC: 0.868, AVG Validation Accuracy: 0.693, AVG Validation MCC: 0.358

2022-10-23 23:14:03,719 | INFO | Forward Selection Starting
2022-10-24 00:27:02,147 | INFO | Forward Selection Finished
2022-10-24 00:27:02,149 | INFO | SFS only results:

2022-10-24 00:27:02,149 | INFO | GridSearchCV Starting
2022-10-24 00:27:04,328 | INFO | Best parameter set: {'C': 21, 'break_ties': False, 'class_weight': None, 'gamma': 'auto'}
2022-10-24 00:27:04,329 | INFO | -------------------------

2022-10-24 00:27:04,330 | INFO | Train MCC Score: 0.810.  StDev for Train MCC: 0.068.  Test MCC Score: 0.609.  StDev for Test MCC: 0.262.

2022-10-24 00:27:04,330 | INFO | Training:
2022-10-24 00:27:04,333 | INFO | Training Finished.
2022-10-24 00:27:04,339 | INFO | Training Accuracy: 0.914, Training MCC: 0.832, Validation Accuracy: 0.733, Validation MCC: 0.498, Fold: 1
2022-10-24 00:27:04,339 | INFO | Training:
2022-10-24 00:27:04,342 | INFO | Training Finished.
2022-10-24 00:27:04,347 | INFO | Training Accuracy: 0.879, Training MCC: 0.763, Validation Accuracy: 0.800, Validation MCC: 0.639, Fold: 2
2022-10-24 00:27:04,347 | INFO | Training:
2022-10-24 00:27:04,350 | INFO | Training Finished.
2022-10-24 00:27:04,355 | INFO | Training Accuracy: 0.931, Training MCC: 0.866, Validation Accuracy: 0.733, Validation MCC: 0.498, Fold: 3
2022-10-24 00:27:04,355 | INFO | Training:
2022-10-24 00:27:04,358 | INFO | Training Finished.
2022-10-24 00:27:04,363 | INFO | Training Accuracy: 0.914, Training MCC: 0.833, Validation Accuracy: 0.733, Validation MCC: 0.498, Fold: 4
2022-10-24 00:27:04,364 | INFO | Training:
2022-10-24 00:27:04,366 | INFO | Training Finished.
2022-10-24 00:27:04,372 | INFO | Training Accuracy: 0.862, Training MCC: 0.733, Validation Accuracy: 0.800, Validation MCC: 0.635, Fold: 5
2022-10-24 00:27:04,372 | INFO | AVG Training Accuracy: 0.900, AVG Training MCC: 0.805, AVG Validation Accuracy: 0.760, AVG Validation MCC: 0.554

2022-10-24 00:27:04,375 | INFO | Results after PCA:
2022-10-24 00:27:04,375 | INFO | ------------------

2022-10-24 00:27:04,376 | INFO | PCA Starting
2022-10-24 00:27:04,384 | INFO | Selecting 18 principal components making up 75% of the variance.

2022-10-24 00:27:04,385 | INFO | PCA Finished
2022-10-24 00:27:04,385 | INFO | GridSearchCV Starting
2022-10-24 00:27:05,572 | INFO | Best parameter set: {'C': 6, 'break_ties': False, 'class_weight': None, 'gamma': 'scale'}
2022-10-24 00:27:05,572 | INFO | -------------------------

2022-10-24 00:27:05,573 | INFO | Train MCC Score: 0.909.  StDev for Train MCC: 0.033.  Test MCC Score: 0.540.  StDev for Test MCC: 0.135.

2022-10-24 00:27:05,574 | INFO | Training:
2022-10-24 00:27:05,576 | INFO | Training Finished.
2022-10-24 00:27:05,579 | INFO | Training Accuracy: 0.948, Training MCC: 0.900, Validation Accuracy: 0.733, Validation MCC: 0.498, Fold: 1
2022-10-24 00:27:05,579 | INFO | Training:
2022-10-24 00:27:05,581 | INFO | Training Finished.
2022-10-24 00:27:05,584 | INFO | Training Accuracy: 0.948, Training MCC: 0.901, Validation Accuracy: 0.733, Validation MCC: 0.482, Fold: 2
2022-10-24 00:27:05,584 | INFO | Training:
2022-10-24 00:27:05,586 | INFO | Training Finished.
2022-10-24 00:27:05,589 | INFO | Training Accuracy: 0.948, Training MCC: 0.901, Validation Accuracy: 0.533, Validation MCC: 0.104, Fold: 3
2022-10-24 00:27:05,589 | INFO | Training:
2022-10-24 00:27:05,591 | INFO | Training Finished.
2022-10-24 00:27:05,593 | INFO | Training Accuracy: 0.948, Training MCC: 0.902, Validation Accuracy: 0.600, Validation MCC: 0.259, Fold: 4
2022-10-24 00:27:05,593 | INFO | Training:
2022-10-24 00:27:05,595 | INFO | Training Finished.
2022-10-24 00:27:05,598 | INFO | Training Accuracy: 0.948, Training MCC: 0.901, Validation Accuracy: 0.800, Validation MCC: 0.629, Fold: 5
2022-10-24 00:27:05,598 | INFO | AVG Training Accuracy: 0.948, AVG Training MCC: 0.901, AVG Validation Accuracy: 0.680, AVG Validation MCC: 0.394

2022-10-24 00:27:05,600 | INFO | PCA Starting
2022-10-24 00:27:05,606 | INFO | Selecting 22 principal components making up 80% of the variance.

2022-10-24 00:27:05,606 | INFO | PCA Finished
2022-10-24 00:27:05,606 | INFO | GridSearchCV Starting
2022-10-24 00:27:06,768 | INFO | Best parameter set: {'C': 26, 'break_ties': False, 'class_weight': 'balanced', 'gamma': 'scale'}
2022-10-24 00:27:06,768 | INFO | -------------------------

2022-10-24 00:27:06,769 | INFO | Train MCC Score: 0.946.  StDev for Train MCC: 0.030.  Test MCC Score: 0.538.  StDev for Test MCC: 0.174.

2022-10-24 00:27:06,769 | INFO | Training:
2022-10-24 00:27:06,771 | INFO | Training Finished.
2022-10-24 00:27:06,775 | INFO | Training Accuracy: 1.000, Training MCC: 1.000, Validation Accuracy: 0.733, Validation MCC: 0.498, Fold: 1
2022-10-24 00:27:06,775 | INFO | Training:
2022-10-24 00:27:06,777 | INFO | Training Finished.
2022-10-24 00:27:06,780 | INFO | Training Accuracy: 0.966, Training MCC: 0.938, Validation Accuracy: 0.800, Validation MCC: 0.657, Fold: 2
2022-10-24 00:27:06,780 | INFO | Training:
2022-10-24 00:27:06,782 | INFO | Training Finished.
2022-10-24 00:27:06,785 | INFO | Training Accuracy: 0.966, Training MCC: 0.938, Validation Accuracy: 0.600, Validation MCC: 0.191, Fold: 3
2022-10-24 00:27:06,785 | INFO | Training:
2022-10-24 00:27:06,787 | INFO | Training Finished.
2022-10-24 00:27:06,790 | INFO | Training Accuracy: 0.983, Training MCC: 0.968, Validation Accuracy: 0.667, Validation MCC: 0.424, Fold: 4
2022-10-24 00:27:06,790 | INFO | Training:
2022-10-24 00:27:06,792 | INFO | Training Finished.
2022-10-24 00:27:06,795 | INFO | Training Accuracy: 0.983, Training MCC: 0.968, Validation Accuracy: 0.800, Validation MCC: 0.629, Fold: 5
2022-10-24 00:27:06,795 | INFO | AVG Training Accuracy: 0.979, AVG Training MCC: 0.962, AVG Validation Accuracy: 0.720, AVG Validation MCC: 0.480

2022-10-24 00:27:06,797 | INFO | PCA Starting
2022-10-24 00:27:06,801 | INFO | Selecting 27 principal components making up 85% of the variance.

2022-10-24 00:27:06,802 | INFO | PCA Finished
2022-10-24 00:27:06,802 | INFO | GridSearchCV Starting
2022-10-24 00:27:08,031 | INFO | Best parameter set: {'C': 1, 'break_ties': False, 'class_weight': None, 'gamma': 0.1}
2022-10-24 00:27:08,031 | INFO | -------------------------

2022-10-24 00:27:08,032 | INFO | Train MCC Score: 0.753.  StDev for Train MCC: 0.075.  Test MCC Score: 0.540.  StDev for Test MCC: 0.121.

2022-10-24 00:27:08,033 | INFO | Training:
2022-10-24 00:27:08,035 | INFO | Training Finished.
2022-10-24 00:27:08,038 | INFO | Training Accuracy: 0.862, Training MCC: 0.725, Validation Accuracy: 0.733, Validation MCC: 0.498, Fold: 1
2022-10-24 00:27:08,038 | INFO | Training:
2022-10-24 00:27:08,040 | INFO | Training Finished.
2022-10-24 00:27:08,043 | INFO | Training Accuracy: 0.862, Training MCC: 0.728, Validation Accuracy: 0.733, Validation MCC: 0.498, Fold: 2
2022-10-24 00:27:08,043 | INFO | Training:
2022-10-24 00:27:08,045 | INFO | Training Finished.
2022-10-24 00:27:08,048 | INFO | Training Accuracy: 0.914, Training MCC: 0.832, Validation Accuracy: 0.667, Validation MCC: 0.318, Fold: 3
2022-10-24 00:27:08,048 | INFO | Training:
2022-10-24 00:27:08,050 | INFO | Training Finished.
2022-10-24 00:27:08,052 | INFO | Training Accuracy: 0.862, Training MCC: 0.724, Validation Accuracy: 0.733, Validation MCC: 0.498, Fold: 4
2022-10-24 00:27:08,053 | INFO | Training:
2022-10-24 00:27:08,055 | INFO | Training Finished.
2022-10-24 00:27:08,057 | INFO | Training Accuracy: 0.879, Training MCC: 0.761, Validation Accuracy: 0.800, Validation MCC: 0.622, Fold: 5
2022-10-24 00:27:08,058 | INFO | AVG Training Accuracy: 0.876, AVG Training MCC: 0.754, AVG Validation Accuracy: 0.733, AVG Validation MCC: 0.487

2022-10-24 00:27:08,059 | INFO | PCA Starting
2022-10-24 00:27:08,064 | INFO | Selecting 34 principal components making up 90% of the variance.

2022-10-24 00:27:08,065 | INFO | PCA Finished
2022-10-24 00:27:08,065 | INFO | GridSearchCV Starting
2022-10-24 00:27:09,282 | INFO | Best parameter set: {'C': 1, 'break_ties': False, 'class_weight': None, 'gamma': 0.1}
2022-10-24 00:27:09,282 | INFO | -------------------------

2022-10-24 00:27:09,283 | INFO | Train MCC Score: 0.802.  StDev for Train MCC: 0.048.  Test MCC Score: 0.538.  StDev for Test MCC: 0.177.

2022-10-24 00:27:09,284 | INFO | Training:
2022-10-24 00:27:09,286 | INFO | Training Finished.
2022-10-24 00:27:09,289 | INFO | Training Accuracy: 0.897, Training MCC: 0.798, Validation Accuracy: 0.733, Validation MCC: 0.498, Fold: 1
2022-10-24 00:27:09,289 | INFO | Training:
2022-10-24 00:27:09,291 | INFO | Training Finished.
2022-10-24 00:27:09,294 | INFO | Training Accuracy: 0.879, Training MCC: 0.763, Validation Accuracy: 0.733, Validation MCC: 0.498, Fold: 2
2022-10-24 00:27:09,294 | INFO | Training:
2022-10-24 00:27:09,296 | INFO | Training Finished.
2022-10-24 00:27:09,299 | INFO | Training Accuracy: 0.914, Training MCC: 0.832, Validation Accuracy: 0.667, Validation MCC: 0.318, Fold: 3
2022-10-24 00:27:09,299 | INFO | Training:
2022-10-24 00:27:09,301 | INFO | Training Finished.
2022-10-24 00:27:09,304 | INFO | Training Accuracy: 0.897, Training MCC: 0.798, Validation Accuracy: 0.667, Validation MCC: 0.339, Fold: 4
2022-10-24 00:27:09,304 | INFO | Training:
2022-10-24 00:27:09,307 | INFO | Training Finished.
2022-10-24 00:27:09,310 | INFO | Training Accuracy: 0.897, Training MCC: 0.798, Validation Accuracy: 0.800, Validation MCC: 0.622, Fold: 5
2022-10-24 00:27:09,310 | INFO | AVG Training Accuracy: 0.897, AVG Training MCC: 0.798, AVG Validation Accuracy: 0.720, AVG Validation MCC: 0.455

2022-10-24 00:27:09,311 | INFO | PCA Starting
2022-10-24 00:27:09,317 | INFO | Selecting 43 principal components making up 95% of the variance.

2022-10-24 00:27:09,318 | INFO | PCA Finished
2022-10-24 00:27:09,318 | INFO | GridSearchCV Starting
2022-10-24 00:27:10,609 | INFO | Best parameter set: {'C': 71, 'break_ties': False, 'class_weight': None, 'gamma': 0.001}
2022-10-24 00:27:10,609 | INFO | -------------------------

2022-10-24 00:27:10,610 | INFO | Train MCC Score: 0.762.  StDev for Train MCC: 0.075.  Test MCC Score: 0.548.  StDev for Test MCC: 0.213.

2022-10-24 00:27:10,611 | INFO | Training:
2022-10-24 00:27:10,613 | INFO | Training Finished.
2022-10-24 00:27:10,616 | INFO | Training Accuracy: 0.862, Training MCC: 0.728, Validation Accuracy: 0.733, Validation MCC: 0.498, Fold: 1
2022-10-24 00:27:10,616 | INFO | Training:
2022-10-24 00:27:10,618 | INFO | Training Finished.
2022-10-24 00:27:10,621 | INFO | Training Accuracy: 0.862, Training MCC: 0.728, Validation Accuracy: 0.800, Validation MCC: 0.639, Fold: 2
2022-10-24 00:27:10,622 | INFO | Training:
2022-10-24 00:27:10,624 | INFO | Training Finished.
2022-10-24 00:27:10,627 | INFO | Training Accuracy: 0.879, Training MCC: 0.766, Validation Accuracy: 0.733, Validation MCC: 0.498, Fold: 3
2022-10-24 00:27:10,627 | INFO | Training:
2022-10-24 00:27:10,629 | INFO | Training Finished.
2022-10-24 00:27:10,632 | INFO | Training Accuracy: 0.914, Training MCC: 0.833, Validation Accuracy: 0.733, Validation MCC: 0.498, Fold: 4
2022-10-24 00:27:10,632 | INFO | Training:
2022-10-24 00:27:10,634 | INFO | Training Finished.
2022-10-24 00:27:10,637 | INFO | Training Accuracy: 0.862, Training MCC: 0.729, Validation Accuracy: 0.800, Validation MCC: 0.635, Fold: 5
2022-10-24 00:27:10,637 | INFO | AVG Training Accuracy: 0.876, AVG Training MCC: 0.757, AVG Validation Accuracy: 0.760, AVG Validation MCC: 0.554

2022-10-24 00:27:10,639 | INFO | PCA Starting
2022-10-24 00:27:10,643 | INFO | Selecting 71 principal components making up 100% of the variance.

2022-10-24 00:27:10,644 | INFO | PCA Finished
2022-10-24 00:27:10,644 | INFO | GridSearchCV Starting
2022-10-24 00:27:12,008 | INFO | Best parameter set: {'C': 76, 'break_ties': False, 'class_weight': None, 'gamma': 0.001}
2022-10-24 00:27:12,008 | INFO | -------------------------

2022-10-24 00:27:12,009 | INFO | Train MCC Score: 0.810.  StDev for Train MCC: 0.068.  Test MCC Score: 0.609.  StDev for Test MCC: 0.262.

2022-10-24 00:27:12,009 | INFO | Training:
2022-10-24 00:27:12,012 | INFO | Training Finished.
2022-10-24 00:27:12,016 | INFO | Training Accuracy: 0.914, Training MCC: 0.832, Validation Accuracy: 0.733, Validation MCC: 0.498, Fold: 1
2022-10-24 00:27:12,016 | INFO | Training:
2022-10-24 00:27:12,018 | INFO | Training Finished.
2022-10-24 00:27:12,021 | INFO | Training Accuracy: 0.879, Training MCC: 0.763, Validation Accuracy: 0.800, Validation MCC: 0.639, Fold: 2
2022-10-24 00:27:12,022 | INFO | Training:
2022-10-24 00:27:12,024 | INFO | Training Finished.
2022-10-24 00:27:12,027 | INFO | Training Accuracy: 0.948, Training MCC: 0.901, Validation Accuracy: 0.733, Validation MCC: 0.498, Fold: 3
2022-10-24 00:27:12,027 | INFO | Training:
2022-10-24 00:27:12,029 | INFO | Training Finished.
2022-10-24 00:27:12,033 | INFO | Training Accuracy: 0.914, Training MCC: 0.833, Validation Accuracy: 0.733, Validation MCC: 0.498, Fold: 4
2022-10-24 00:27:12,033 | INFO | Training:
2022-10-24 00:27:12,035 | INFO | Training Finished.
2022-10-24 00:27:12,038 | INFO | Training Accuracy: 0.862, Training MCC: 0.729, Validation Accuracy: 0.800, Validation MCC: 0.635, Fold: 5
2022-10-24 00:27:12,038 | INFO | AVG Training Accuracy: 0.903, AVG Training MCC: 0.811, AVG Validation Accuracy: 0.760, AVG Validation MCC: 0.554

2022-10-24 00:27:12,045 | INFO | XGBoost Classifier Results:

2022-10-24 00:27:12,047 | INFO | GridSearchCV Starting
2022-10-24 00:44:27,736 | INFO | Best parameter set: {'alpha': 0.2, 'gamma': 0, 'lambda': 1, 'max_depth': 3, 'n_estimators': 13, 'subsample': 1}
2022-10-24 00:44:27,736 | INFO | -------------------------

2022-10-24 00:44:27,747 | INFO | Train MCC Score: 1.000.  StDev for Train MCC: 0.000.  Test MCC Score: 0.396.  StDev for Test MCC: 0.215.

2022-10-24 00:44:27,751 | INFO | Training:
2022-10-24 00:44:27,789 | INFO | Training Finished.
2022-10-24 00:44:27,809 | INFO | Training Accuracy: 1.000, Training MCC: 1.000, Validation Accuracy: 0.667, Validation MCC: 0.339, Fold: 1
2022-10-24 00:44:27,810 | INFO | Training:
2022-10-24 00:44:27,848 | INFO | Training Finished.
2022-10-24 00:44:27,868 | INFO | Training Accuracy: 1.000, Training MCC: 1.000, Validation Accuracy: 0.533, Validation MCC: 0.041, Fold: 2
2022-10-24 00:44:27,868 | INFO | Training:
2022-10-24 00:44:27,906 | INFO | Training Finished.
2022-10-24 00:44:27,925 | INFO | Training Accuracy: 1.000, Training MCC: 1.000, Validation Accuracy: 0.600, Validation MCC: 0.147, Fold: 3
2022-10-24 00:44:27,926 | INFO | Training:
2022-10-24 00:44:27,963 | INFO | Training Finished.
2022-10-24 00:44:27,983 | INFO | Training Accuracy: 1.000, Training MCC: 1.000, Validation Accuracy: 0.600, Validation MCC: 0.191, Fold: 4
2022-10-24 00:44:27,983 | INFO | Training:
2022-10-24 00:44:28,021 | INFO | Training Finished.
2022-10-24 00:44:28,041 | INFO | Training Accuracy: 1.000, Training MCC: 1.000, Validation Accuracy: 0.467, Validation MCC: -0.096, Fold: 5
2022-10-24 00:44:28,042 | INFO | AVG Training Accuracy: 1.000, AVG Training MCC: 1.000, AVG Validation Accuracy: 0.573, AVG Validation MCC: 0.125

2022-10-24 00:44:28,043 | INFO | Forward Selection Starting
2022-10-24 04:14:05,322 | INFO | Forward Selection Finished
2022-10-24 04:14:05,323 | INFO | SFS only results:

2022-10-24 04:14:05,324 | INFO | GridSearchCV Starting
2022-10-24 04:23:02,388 | INFO | Best parameter set: {'alpha': 0.0, 'gamma': 0, 'lambda': 1, 'max_depth': 3, 'n_estimators': 13, 'subsample': 1}
2022-10-24 04:23:02,389 | INFO | -------------------------

2022-10-24 04:23:02,398 | INFO | Train MCC Score: 0.929.  StDev for Train MCC: 0.038.  Test MCC Score: 0.803.  StDev for Test MCC: 0.138.

2022-10-24 04:23:02,403 | INFO | Training:
2022-10-24 04:23:02,426 | INFO | Training Finished.
2022-10-24 04:23:02,439 | INFO | Training Accuracy: 0.966, Training MCC: 0.934, Validation Accuracy: 0.733, Validation MCC: 0.498, Fold: 1
2022-10-24 04:23:02,439 | INFO | Training:
2022-10-24 04:23:02,462 | INFO | Training Finished.
2022-10-24 04:23:02,474 | INFO | Training Accuracy: 0.966, Training MCC: 0.935, Validation Accuracy: 0.867, Validation MCC: 0.770, Fold: 2
2022-10-24 04:23:02,474 | INFO | Training:
2022-10-24 04:23:02,497 | INFO | Training Finished.
2022-10-24 04:23:02,509 | INFO | Training Accuracy: 0.966, Training MCC: 0.934, Validation Accuracy: 0.667, Validation MCC: 0.318, Fold: 3
2022-10-24 04:23:02,510 | INFO | Training:
2022-10-24 04:23:02,533 | INFO | Training Finished.
2022-10-24 04:23:02,545 | INFO | Training Accuracy: 0.983, Training MCC: 0.968, Validation Accuracy: 0.733, Validation MCC: 0.482, Fold: 4
2022-10-24 04:23:02,545 | INFO | Training:
2022-10-24 04:23:02,568 | INFO | Training Finished.
2022-10-24 04:23:02,580 | INFO | Training Accuracy: 0.966, Training MCC: 0.935, Validation Accuracy: 0.800, Validation MCC: 0.648, Fold: 5
2022-10-24 04:23:02,580 | INFO | AVG Training Accuracy: 0.969, AVG Training MCC: 0.941, AVG Validation Accuracy: 0.760, AVG Validation MCC: 0.543

2022-10-24 04:23:02,585 | INFO | Results after PCA:
2022-10-24 04:23:02,585 | INFO | ------------------

2022-10-24 04:23:02,585 | INFO | PCA Starting
2022-10-24 04:23:02,594 | INFO | Selecting 23 principal components making up 75% of the variance.

2022-10-24 04:23:02,594 | INFO | PCA Finished
2022-10-24 04:23:02,594 | INFO | GridSearchCV Starting
2022-10-24 04:26:32,740 | INFO | Best parameter set: {'alpha': 0.0, 'gamma': 0, 'lambda': 1, 'max_depth': 2, 'n_estimators': 10, 'subsample': 0.5}
2022-10-24 04:26:32,740 | INFO | -------------------------

2022-10-24 04:26:32,750 | INFO | Train MCC Score: 0.743.  StDev for Train MCC: 0.047.  Test MCC Score: 0.291.  StDev for Test MCC: 0.085.

2022-10-24 04:26:32,755 | INFO | Training:
2022-10-24 04:26:32,765 | INFO | Training Finished.
2022-10-24 04:26:32,770 | INFO | Training Accuracy: 0.879, Training MCC: 0.766, Validation Accuracy: 0.667, Validation MCC: 0.339, Fold: 1
2022-10-24 04:26:32,770 | INFO | Training:
2022-10-24 04:26:32,780 | INFO | Training Finished.
2022-10-24 04:26:32,785 | INFO | Training Accuracy: 0.914, Training MCC: 0.831, Validation Accuracy: 0.533, Validation MCC: 0.041, Fold: 2
2022-10-24 04:26:32,785 | INFO | Training:
2022-10-24 04:26:32,795 | INFO | Training Finished.
2022-10-24 04:26:32,800 | INFO | Training Accuracy: 0.879, Training MCC: 0.767, Validation Accuracy: 0.733, Validation MCC: 0.498, Fold: 3
2022-10-24 04:26:32,800 | INFO | Training:
2022-10-24 04:26:32,810 | INFO | Training Finished.
2022-10-24 04:26:32,815 | INFO | Training Accuracy: 0.914, Training MCC: 0.833, Validation Accuracy: 0.467, Validation MCC: -0.249, Fold: 4
2022-10-24 04:26:32,815 | INFO | Training:
2022-10-24 04:26:32,824 | INFO | Training Finished.
2022-10-24 04:26:32,829 | INFO | Training Accuracy: 0.914, Training MCC: 0.832, Validation Accuracy: 0.733, Validation MCC: 0.498, Fold: 5
2022-10-24 04:26:32,829 | INFO | AVG Training Accuracy: 0.900, AVG Training MCC: 0.806, AVG Validation Accuracy: 0.627, AVG Validation MCC: 0.226

2022-10-24 04:26:32,831 | INFO | PCA Starting
2022-10-24 04:26:32,839 | INFO | Selecting 27 principal components making up 80% of the variance.

2022-10-24 04:26:32,840 | INFO | PCA Finished
2022-10-24 04:26:32,840 | INFO | GridSearchCV Starting
2022-10-24 04:30:12,197 | INFO | Best parameter set: {'alpha': 0.0, 'gamma': 1, 'lambda': 1, 'max_depth': 2, 'n_estimators': 7, 'subsample': 0.5}
2022-10-24 04:30:12,197 | INFO | -------------------------

2022-10-24 04:30:12,209 | INFO | Train MCC Score: 0.657.  StDev for Train MCC: 0.040.  Test MCC Score: 0.281.  StDev for Test MCC: 0.085.

2022-10-24 04:30:12,214 | INFO | Training:
2022-10-24 04:30:12,224 | INFO | Training Finished.
2022-10-24 04:30:12,229 | INFO | Training Accuracy: 0.810, Training MCC: 0.612, Validation Accuracy: 0.733, Validation MCC: 0.498, Fold: 1
2022-10-24 04:30:12,229 | INFO | Training:
2022-10-24 04:30:12,238 | INFO | Training Finished.
2022-10-24 04:30:12,243 | INFO | Training Accuracy: 0.862, Training MCC: 0.727, Validation Accuracy: 0.600, Validation MCC: 0.175, Fold: 2
2022-10-24 04:30:12,243 | INFO | Training:
2022-10-24 04:30:12,251 | INFO | Training Finished.
2022-10-24 04:30:12,256 | INFO | Training Accuracy: 0.828, Training MCC: 0.656, Validation Accuracy: 0.733, Validation MCC: 0.498, Fold: 3
2022-10-24 04:30:12,257 | INFO | Training:
2022-10-24 04:30:12,265 | INFO | Training Finished.
2022-10-24 04:30:12,270 | INFO | Training Accuracy: 0.862, Training MCC: 0.725, Validation Accuracy: 0.533, Validation MCC: -0.170, Fold: 4
2022-10-24 04:30:12,270 | INFO | Training:
2022-10-24 04:30:12,278 | INFO | Training Finished.
2022-10-24 04:30:12,283 | INFO | Training Accuracy: 0.897, Training MCC: 0.797, Validation Accuracy: 0.667, Validation MCC: 0.318, Fold: 5
2022-10-24 04:30:12,283 | INFO | AVG Training Accuracy: 0.852, AVG Training MCC: 0.704, AVG Validation Accuracy: 0.653, AVG Validation MCC: 0.264

2022-10-24 04:30:12,285 | INFO | PCA Starting
2022-10-24 04:30:12,293 | INFO | Selecting 31 principal components making up 85% of the variance.

2022-10-24 04:30:12,294 | INFO | PCA Finished
2022-10-24 04:30:12,294 | INFO | GridSearchCV Starting
2022-10-24 04:34:01,590 | INFO | Best parameter set: {'alpha': 0.0, 'gamma': 2, 'lambda': 1, 'max_depth': 2, 'n_estimators': 24, 'subsample': 0.5}
2022-10-24 04:34:01,590 | INFO | -------------------------

2022-10-24 04:34:01,600 | INFO | Train MCC Score: 0.667.  StDev for Train MCC: 0.019.  Test MCC Score: 0.401.  StDev for Test MCC: 0.067.

2022-10-24 04:34:01,606 | INFO | Training:
2022-10-24 04:34:01,621 | INFO | Training Finished.
2022-10-24 04:34:01,626 | INFO | Training Accuracy: 0.810, Training MCC: 0.625, Validation Accuracy: 0.667, Validation MCC: 0.339, Fold: 1
2022-10-24 04:34:01,627 | INFO | Training:
2022-10-24 04:34:01,641 | INFO | Training Finished.
2022-10-24 04:34:01,646 | INFO | Training Accuracy: 0.776, Training MCC: 0.533, Validation Accuracy: 0.533, Validation MCC: -0.037, Fold: 2
2022-10-24 04:34:01,647 | INFO | Training:
2022-10-24 04:34:01,661 | INFO | Training Finished.
2022-10-24 04:34:01,666 | INFO | Training Accuracy: 0.828, Training MCC: 0.656, Validation Accuracy: 0.667, Validation MCC: 0.339, Fold: 3
2022-10-24 04:34:01,666 | INFO | Training:
2022-10-24 04:34:01,680 | INFO | Training Finished.
2022-10-24 04:34:01,685 | INFO | Training Accuracy: 0.879, Training MCC: 0.769, Validation Accuracy: 0.600, Validation MCC: 0.000, Fold: 4
2022-10-24 04:34:01,686 | INFO | Training:
2022-10-24 04:34:01,700 | INFO | Training Finished.
2022-10-24 04:34:01,705 | INFO | Training Accuracy: 0.793, Training MCC: 0.589, Validation Accuracy: 0.667, Validation MCC: 0.339, Fold: 5
2022-10-24 04:34:01,705 | INFO | AVG Training Accuracy: 0.817, AVG Training MCC: 0.634, AVG Validation Accuracy: 0.627, AVG Validation MCC: 0.196

2022-10-24 04:34:01,707 | INFO | PCA Starting
2022-10-24 04:34:01,715 | INFO | Selecting 36 principal components making up 90% of the variance.

2022-10-24 04:34:01,715 | INFO | PCA Finished
2022-10-24 04:34:01,715 | INFO | GridSearchCV Starting
2022-10-24 04:38:05,231 | INFO | Best parameter set: {'alpha': 0.0, 'gamma': 3, 'lambda': 1, 'max_depth': 2, 'n_estimators': 24, 'subsample': 0.5}
2022-10-24 04:38:05,231 | INFO | -------------------------

2022-10-24 04:38:05,241 | INFO | Train MCC Score: 0.538.  StDev for Train MCC: 0.057.  Test MCC Score: 0.369.  StDev for Test MCC: 0.169.

2022-10-24 04:38:05,247 | INFO | Training:
2022-10-24 04:38:05,263 | INFO | Training Finished.
2022-10-24 04:38:05,268 | INFO | Training Accuracy: 0.690, Training MCC: 0.320, Validation Accuracy: 0.667, Validation MCC: 0.339, Fold: 1
2022-10-24 04:38:05,268 | INFO | Training:
2022-10-24 04:38:05,283 | INFO | Training Finished.
2022-10-24 04:38:05,288 | INFO | Training Accuracy: 0.759, Training MCC: 0.507, Validation Accuracy: 0.533, Validation MCC: 0.000, Fold: 2
2022-10-24 04:38:05,288 | INFO | Training:
2022-10-24 04:38:05,303 | INFO | Training Finished.
2022-10-24 04:38:05,308 | INFO | Training Accuracy: 0.759, Training MCC: 0.499, Validation Accuracy: 0.667, Validation MCC: 0.339, Fold: 3
2022-10-24 04:38:05,308 | INFO | Training:
2022-10-24 04:38:05,322 | INFO | Training Finished.
2022-10-24 04:38:05,328 | INFO | Training Accuracy: 0.759, Training MCC: 0.497, Validation Accuracy: 0.600, Validation MCC: 0.000, Fold: 4
2022-10-24 04:38:05,328 | INFO | Training:
2022-10-24 04:38:05,343 | INFO | Training Finished.
2022-10-24 04:38:05,348 | INFO | Training Accuracy: 0.741, Training MCC: 0.465, Validation Accuracy: 0.667, Validation MCC: 0.339, Fold: 5
2022-10-24 04:38:05,348 | INFO | AVG Training Accuracy: 0.741, AVG Training MCC: 0.458, AVG Validation Accuracy: 0.627, AVG Validation MCC: 0.204

2022-10-24 04:38:05,350 | INFO | PCA Starting
2022-10-24 04:38:05,358 | INFO | Selecting 43 principal components making up 95% of the variance.

2022-10-24 04:38:05,359 | INFO | PCA Finished
2022-10-24 04:38:05,359 | INFO | GridSearchCV Starting
2022-10-24 04:42:23,727 | INFO | Best parameter set: {'alpha': 0.0, 'gamma': 0, 'lambda': 1, 'max_depth': 3, 'n_estimators': 19, 'subsample': 0.5}
2022-10-24 04:42:23,727 | INFO | -------------------------

2022-10-24 04:42:23,737 | INFO | Train MCC Score: 0.962.  StDev for Train MCC: 0.012.  Test MCC Score: 0.398.  StDev for Test MCC: 0.067.

2022-10-24 04:42:23,744 | INFO | Training:
2022-10-24 04:42:23,761 | INFO | Training Finished.
2022-10-24 04:42:23,767 | INFO | Training Accuracy: 0.966, Training MCC: 0.934, Validation Accuracy: 0.667, Validation MCC: 0.339, Fold: 1
2022-10-24 04:42:23,768 | INFO | Training:
2022-10-24 04:42:23,784 | INFO | Training Finished.
2022-10-24 04:42:23,790 | INFO | Training Accuracy: 0.931, Training MCC: 0.868, Validation Accuracy: 0.533, Validation MCC: 0.082, Fold: 2
2022-10-24 04:42:23,791 | INFO | Training:
2022-10-24 04:42:23,806 | INFO | Training Finished.
2022-10-24 04:42:23,813 | INFO | Training Accuracy: 1.000, Training MCC: 1.000, Validation Accuracy: 0.600, Validation MCC: 0.125, Fold: 3
2022-10-24 04:42:23,813 | INFO | Training:
2022-10-24 04:42:23,828 | INFO | Training Finished.
2022-10-24 04:42:23,834 | INFO | Training Accuracy: 1.000, Training MCC: 1.000, Validation Accuracy: 0.467, Validation MCC: -0.249, Fold: 4
2022-10-24 04:42:23,835 | INFO | Training:
2022-10-24 04:42:23,851 | INFO | Training Finished.
2022-10-24 04:42:23,857 | INFO | Training Accuracy: 0.983, Training MCC: 0.968, Validation Accuracy: 0.600, Validation MCC: 0.159, Fold: 5
2022-10-24 04:42:23,857 | INFO | AVG Training Accuracy: 0.976, AVG Training MCC: 0.954, AVG Validation Accuracy: 0.573, AVG Validation MCC: 0.091

2022-10-24 04:42:23,859 | INFO | PCA Starting
2022-10-24 04:42:23,868 | INFO | Selecting 73 principal components making up 100% of the variance.

2022-10-24 04:42:23,869 | INFO | PCA Finished
2022-10-24 04:42:23,869 | INFO | GridSearchCV Starting
2022-10-24 04:47:53,183 | INFO | Best parameter set: {'alpha': 0.0, 'gamma': 2, 'lambda': 1, 'max_depth': 2, 'n_estimators': 21, 'subsample': 0.5}
2022-10-24 04:47:53,183 | INFO | -------------------------

2022-10-24 04:47:53,193 | INFO | Train MCC Score: 0.745.  StDev for Train MCC: 0.027.  Test MCC Score: 0.407.  StDev for Test MCC: 0.126.

2022-10-24 04:47:53,200 | INFO | Training:
2022-10-24 04:47:53,218 | INFO | Training Finished.
2022-10-24 04:47:53,224 | INFO | Training Accuracy: 0.845, Training MCC: 0.697, Validation Accuracy: 0.600, Validation MCC: 0.000, Fold: 1
2022-10-24 04:47:53,225 | INFO | Training:
2022-10-24 04:47:53,240 | INFO | Training Finished.
2022-10-24 04:47:53,247 | INFO | Training Accuracy: 0.845, Training MCC: 0.698, Validation Accuracy: 0.600, Validation MCC: 0.125, Fold: 2
2022-10-24 04:47:53,247 | INFO | Training:
2022-10-24 04:47:53,262 | INFO | Training Finished.
2022-10-24 04:47:53,269 | INFO | Training Accuracy: 0.862, Training MCC: 0.728, Validation Accuracy: 0.667, Validation MCC: 0.339, Fold: 3
2022-10-24 04:47:53,269 | INFO | Training:
2022-10-24 04:47:53,285 | INFO | Training Finished.
2022-10-24 04:47:53,291 | INFO | Training Accuracy: 0.897, Training MCC: 0.797, Validation Accuracy: 0.533, Validation MCC: 0.000, Fold: 4
2022-10-24 04:47:53,292 | INFO | Training:
2022-10-24 04:47:53,307 | INFO | Training Finished.
2022-10-24 04:47:53,313 | INFO | Training Accuracy: 0.862, Training MCC: 0.732, Validation Accuracy: 0.533, Validation MCC: -0.170, Fold: 5
2022-10-24 04:47:53,314 | INFO | AVG Training Accuracy: 0.862, AVG Training MCC: 0.730, AVG Validation Accuracy: 0.587, AVG Validation MCC: 0.059

2022-10-24 04:47:53,324 | INFO | Random Forest Classifier Results:

2022-10-24 04:47:53,326 | INFO | GridSearchCV Starting
2022-10-24 04:49:08,322 | INFO | Best parameter set: {'ccp_alpha': 0.0, 'criterion': 'gini', 'max_depth': 10, 'max_features': 'log2', 'n_estimators': 2}
2022-10-24 04:49:08,322 | INFO | -------------------------

2022-10-24 04:49:08,324 | INFO | Train MCC Score: 0.727.  StDev for Train MCC: 0.081.  Test MCC Score: 0.534.  StDev for Test MCC: 0.090.

2022-10-24 04:49:08,325 | INFO | Training:
2022-10-24 04:49:08,330 | INFO | Training Finished.
2022-10-24 04:49:08,337 | INFO | Training Accuracy: 0.845, Training MCC: 0.728, Validation Accuracy: 0.600, Validation MCC: 0.259, Fold: 1
2022-10-24 04:49:08,338 | INFO | Training:
2022-10-24 04:49:08,343 | INFO | Training Finished.
2022-10-24 04:49:08,349 | INFO | Training Accuracy: 0.759, Training MCC: 0.570, Validation Accuracy: 0.533, Validation MCC: 0.212, Fold: 2
2022-10-24 04:49:08,350 | INFO | Training:
2022-10-24 04:49:08,355 | INFO | Training Finished.
2022-10-24 04:49:08,362 | INFO | Training Accuracy: 0.897, Training MCC: 0.827, Validation Accuracy: 0.600, Validation MCC: 0.204, Fold: 3
2022-10-24 04:49:08,362 | INFO | Training:
2022-10-24 04:49:08,367 | INFO | Training Finished.
2022-10-24 04:49:08,374 | INFO | Training Accuracy: 0.793, Training MCC: 0.606, Validation Accuracy: 0.333, Validation MCC: -0.090, Fold: 4
2022-10-24 04:49:08,375 | INFO | Training:
2022-10-24 04:49:08,380 | INFO | Training Finished.
2022-10-24 04:49:08,387 | INFO | Training Accuracy: 0.810, Training MCC: 0.641, Validation Accuracy: 0.400, Validation MCC: 0.000, Fold: 5
2022-10-24 04:49:08,387 | INFO | AVG Training Accuracy: 0.821, AVG Training MCC: 0.674, AVG Validation Accuracy: 0.493, AVG Validation MCC: 0.117

2022-10-24 04:49:08,388 | INFO | Forward Selection Starting
2022-10-24 06:29:47,769 | INFO | Forward Selection Finished
2022-10-24 06:29:47,771 | INFO | SFS only results:

2022-10-24 06:29:47,771 | INFO | GridSearchCV Starting
2022-10-24 06:30:48,279 | INFO | Best parameter set: {'ccp_alpha': 0.0, 'criterion': 'entropy', 'max_depth': 10, 'max_features': 'log2', 'n_estimators': 10}
2022-10-24 06:30:48,279 | INFO | -------------------------

2022-10-24 06:30:48,281 | INFO | Train MCC Score: 0.968.  StDev for Train MCC: 0.020.  Test MCC Score: 0.568.  StDev for Test MCC: 0.238.

2022-10-24 06:30:48,282 | INFO | Training:
2022-10-24 06:30:48,292 | INFO | Training Finished.
2022-10-24 06:30:48,298 | INFO | Training Accuracy: 0.948, Training MCC: 0.901, Validation Accuracy: 0.733, Validation MCC: 0.498, Fold: 1
2022-10-24 06:30:48,299 | INFO | Training:
2022-10-24 06:30:48,309 | INFO | Training Finished.
2022-10-24 06:30:48,315 | INFO | Training Accuracy: 0.983, Training MCC: 0.968, Validation Accuracy: 0.667, Validation MCC: 0.339, Fold: 2
2022-10-24 06:30:48,315 | INFO | Training:
2022-10-24 06:30:48,325 | INFO | Training Finished.
2022-10-24 06:30:48,331 | INFO | Training Accuracy: 0.948, Training MCC: 0.901, Validation Accuracy: 0.600, Validation MCC: 0.125, Fold: 3
2022-10-24 06:30:48,331 | INFO | Training:
2022-10-24 06:30:48,341 | INFO | Training Finished.
2022-10-24 06:30:48,348 | INFO | Training Accuracy: 1.000, Training MCC: 1.000, Validation Accuracy: 0.533, Validation MCC: 0.000, Fold: 4
2022-10-24 06:30:48,348 | INFO | Training:
2022-10-24 06:30:48,358 | INFO | Training Finished.
2022-10-24 06:30:48,363 | INFO | Training Accuracy: 1.000, Training MCC: 1.000, Validation Accuracy: 0.800, Validation MCC: 0.635, Fold: 5
2022-10-24 06:30:48,364 | INFO | AVG Training Accuracy: 0.976, AVG Training MCC: 0.954, AVG Validation Accuracy: 0.667, AVG Validation MCC: 0.319

2022-10-24 06:30:48,369 | INFO | Results after PCA:
2022-10-24 06:30:48,369 | INFO | ------------------

2022-10-24 06:30:48,370 | INFO | PCA Starting
2022-10-24 06:30:48,375 | INFO | Selecting 21 principal components making up 75% of the variance.

2022-10-24 06:30:48,376 | INFO | PCA Finished
2022-10-24 06:30:48,376 | INFO | GridSearchCV Starting
2022-10-24 06:31:32,002 | INFO | Best parameter set: {'ccp_alpha': 0.0, 'criterion': 'gini', 'max_depth': 5, 'max_features': 'log2', 'n_estimators': 8}
2022-10-24 06:31:32,002 | INFO | -------------------------

2022-10-24 06:31:32,004 | INFO | Train MCC Score: 0.936.  StDev for Train MCC: 0.071.  Test MCC Score: 0.483.  StDev for Test MCC: 0.091.

2022-10-24 06:31:32,004 | INFO | Training:
2022-10-24 06:31:32,011 | INFO | Training Finished.
2022-10-24 06:31:32,015 | INFO | Training Accuracy: 0.897, Training MCC: 0.797, Validation Accuracy: 0.600, Validation MCC: 0.191, Fold: 1
2022-10-24 06:31:32,015 | INFO | Training:
2022-10-24 06:31:32,022 | INFO | Training Finished.
2022-10-24 06:31:32,027 | INFO | Training Accuracy: 0.966, Training MCC: 0.934, Validation Accuracy: 0.600, Validation MCC: 0.196, Fold: 2
2022-10-24 06:31:32,027 | INFO | Training:
2022-10-24 06:31:32,034 | INFO | Training Finished.
2022-10-24 06:31:32,037 | INFO | Training Accuracy: 0.948, Training MCC: 0.902, Validation Accuracy: 0.533, Validation MCC: 0.048, Fold: 3
2022-10-24 06:31:32,038 | INFO | Training:
2022-10-24 06:31:32,045 | INFO | Training Finished.
2022-10-24 06:31:32,049 | INFO | Training Accuracy: 0.966, Training MCC: 0.934, Validation Accuracy: 0.467, Validation MCC: -0.249, Fold: 4
2022-10-24 06:31:32,049 | INFO | Training:
2022-10-24 06:31:32,056 | INFO | Training Finished.
2022-10-24 06:31:32,060 | INFO | Training Accuracy: 0.931, Training MCC: 0.866, Validation Accuracy: 0.467, Validation MCC: 0.017, Fold: 5
2022-10-24 06:31:32,060 | INFO | AVG Training Accuracy: 0.941, AVG Training MCC: 0.887, AVG Validation Accuracy: 0.533, AVG Validation MCC: 0.041

2022-10-24 06:31:32,062 | INFO | PCA Starting
2022-10-24 06:31:32,067 | INFO | Selecting 25 principal components making up 80% of the variance.

2022-10-24 06:31:32,067 | INFO | PCA Finished
2022-10-24 06:31:32,068 | INFO | GridSearchCV Starting
2022-10-24 06:32:16,215 | INFO | Best parameter set: {'ccp_alpha': 0.0, 'criterion': 'entropy', 'max_depth': 4, 'max_features': 'sqrt', 'n_estimators': 12}
2022-10-24 06:32:16,215 | INFO | -------------------------

2022-10-24 06:32:16,217 | INFO | Train MCC Score: 0.903.  StDev for Train MCC: 0.055.  Test MCC Score: 0.400.  StDev for Test MCC: 0.153.

2022-10-24 06:32:16,218 | INFO | Training:
2022-10-24 06:32:16,228 | INFO | Training Finished.
2022-10-24 06:32:16,233 | INFO | Training Accuracy: 0.966, Training MCC: 0.935, Validation Accuracy: 0.733, Validation MCC: 0.498, Fold: 1
2022-10-24 06:32:16,233 | INFO | Training:
2022-10-24 06:32:16,245 | INFO | Training Finished.
2022-10-24 06:32:16,250 | INFO | Training Accuracy: 0.948, Training MCC: 0.901, Validation Accuracy: 0.533, Validation MCC: -0.136, Fold: 2
2022-10-24 06:32:16,250 | INFO | Training:
2022-10-24 06:32:16,260 | INFO | Training Finished.
2022-10-24 06:32:16,265 | INFO | Training Accuracy: 0.983, Training MCC: 0.967, Validation Accuracy: 0.667, Validation MCC: 0.339, Fold: 3
2022-10-24 06:32:16,265 | INFO | Training:
2022-10-24 06:32:16,275 | INFO | Training Finished.
2022-10-24 06:32:16,279 | INFO | Training Accuracy: 0.966, Training MCC: 0.934, Validation Accuracy: 0.533, Validation MCC: 0.000, Fold: 4
2022-10-24 06:32:16,279 | INFO | Training:
2022-10-24 06:32:16,289 | INFO | Training Finished.
2022-10-24 06:32:16,293 | INFO | Training Accuracy: 0.948, Training MCC: 0.902, Validation Accuracy: 0.533, Validation MCC: 0.000, Fold: 5
2022-10-24 06:32:16,293 | INFO | AVG Training Accuracy: 0.962, AVG Training MCC: 0.928, AVG Validation Accuracy: 0.600, AVG Validation MCC: 0.140

2022-10-24 06:32:16,295 | INFO | PCA Starting
2022-10-24 06:32:16,301 | INFO | Selecting 30 principal components making up 85% of the variance.

2022-10-24 06:32:16,302 | INFO | PCA Finished
2022-10-24 06:32:16,302 | INFO | GridSearchCV Starting
2022-10-24 06:33:00,969 | INFO | Best parameter set: {'ccp_alpha': 0.1, 'criterion': 'entropy', 'max_depth': 4, 'max_features': 1.0, 'n_estimators': 6}
2022-10-24 06:33:00,969 | INFO | -------------------------

2022-10-24 06:33:00,971 | INFO | Train MCC Score: 0.849.  StDev for Train MCC: 0.047.  Test MCC Score: 0.415.  StDev for Test MCC: 0.070.

2022-10-24 06:33:00,972 | INFO | Training:
2022-10-24 06:33:00,980 | INFO | Training Finished.
2022-10-24 06:33:00,983 | INFO | Training Accuracy: 0.966, Training MCC: 0.935, Validation Accuracy: 0.667, Validation MCC: 0.318, Fold: 1
2022-10-24 06:33:00,984 | INFO | Training:
2022-10-24 06:33:00,992 | INFO | Training Finished.
2022-10-24 06:33:00,996 | INFO | Training Accuracy: 0.948, Training MCC: 0.901, Validation Accuracy: 0.600, Validation MCC: 0.220, Fold: 2
2022-10-24 06:33:00,996 | INFO | Training:
2022-10-24 06:33:01,004 | INFO | Training Finished.
2022-10-24 06:33:01,007 | INFO | Training Accuracy: 0.948, Training MCC: 0.900, Validation Accuracy: 0.400, Validation MCC: -0.085, Fold: 3
2022-10-24 06:33:01,007 | INFO | Training:
2022-10-24 06:33:01,015 | INFO | Training Finished.
2022-10-24 06:33:01,018 | INFO | Training Accuracy: 0.966, Training MCC: 0.933, Validation Accuracy: 0.600, Validation MCC: 0.000, Fold: 4
2022-10-24 06:33:01,018 | INFO | Training:
2022-10-24 06:33:01,026 | INFO | Training Finished.
2022-10-24 06:33:01,029 | INFO | Training Accuracy: 0.914, Training MCC: 0.835, Validation Accuracy: 0.533, Validation MCC: 0.090, Fold: 5
2022-10-24 06:33:01,029 | INFO | AVG Training Accuracy: 0.948, AVG Training MCC: 0.901, AVG Validation Accuracy: 0.560, AVG Validation MCC: 0.108

2022-10-24 06:33:01,031 | INFO | PCA Starting
2022-10-24 06:33:01,037 | INFO | Selecting 36 principal components making up 90% of the variance.

2022-10-24 06:33:01,038 | INFO | PCA Finished
2022-10-24 06:33:01,038 | INFO | GridSearchCV Starting
2022-10-24 06:33:46,502 | INFO | Best parameter set: {'ccp_alpha': 0.0, 'criterion': 'entropy', 'max_depth': 10, 'max_features': 'sqrt', 'n_estimators': 13}
2022-10-24 06:33:46,502 | INFO | -------------------------

2022-10-24 06:33:46,504 | INFO | Train MCC Score: 0.987.  StDev for Train MCC: 0.015.  Test MCC Score: 0.416.  StDev for Test MCC: 0.215.

2022-10-24 06:33:46,505 | INFO | Training:
2022-10-24 06:33:46,516 | INFO | Training Finished.
2022-10-24 06:33:46,520 | INFO | Training Accuracy: 1.000, Training MCC: 1.000, Validation Accuracy: 0.733, Validation MCC: 0.513, Fold: 1
2022-10-24 06:33:46,520 | INFO | Training:
2022-10-24 06:33:46,533 | INFO | Training Finished.
2022-10-24 06:33:46,538 | INFO | Training Accuracy: 0.983, Training MCC: 0.967, Validation Accuracy: 0.667, Validation MCC: 0.339, Fold: 2
2022-10-24 06:33:46,538 | INFO | Training:
2022-10-24 06:33:46,549 | INFO | Training Finished.
2022-10-24 06:33:46,553 | INFO | Training Accuracy: 0.966, Training MCC: 0.935, Validation Accuracy: 0.600, Validation MCC: 0.125, Fold: 3
2022-10-24 06:33:46,553 | INFO | Training:
2022-10-24 06:33:46,565 | INFO | Training Finished.
2022-10-24 06:33:46,570 | INFO | Training Accuracy: 1.000, Training MCC: 1.000, Validation Accuracy: 0.467, Validation MCC: -0.220, Fold: 4
2022-10-24 06:33:46,570 | INFO | Training:
2022-10-24 06:33:46,581 | INFO | Training Finished.
2022-10-24 06:33:46,585 | INFO | Training Accuracy: 0.983, Training MCC: 0.967, Validation Accuracy: 0.600, Validation MCC: 0.191, Fold: 5
2022-10-24 06:33:46,585 | INFO | AVG Training Accuracy: 0.986, AVG Training MCC: 0.974, AVG Validation Accuracy: 0.613, AVG Validation MCC: 0.190

2022-10-24 06:33:46,587 | INFO | PCA Starting
2022-10-24 06:33:46,593 | INFO | Selecting 45 principal components making up 95% of the variance.

2022-10-24 06:33:46,593 | INFO | PCA Finished
2022-10-24 06:33:46,593 | INFO | GridSearchCV Starting
2022-10-24 06:34:33,179 | INFO | Best parameter set: {'ccp_alpha': 0.1, 'criterion': 'entropy', 'max_depth': 5, 'max_features': 'sqrt', 'n_estimators': 20}
2022-10-24 06:34:33,180 | INFO | -------------------------

2022-10-24 06:34:33,182 | INFO | Train MCC Score: 0.935.  StDev for Train MCC: 0.021.  Test MCC Score: 0.399.  StDev for Test MCC: 0.170.

2022-10-24 06:34:33,182 | INFO | Training:
2022-10-24 06:34:33,200 | INFO | Training Finished.
2022-10-24 06:34:33,206 | INFO | Training Accuracy: 0.931, Training MCC: 0.868, Validation Accuracy: 0.667, Validation MCC: 0.339, Fold: 1
2022-10-24 06:34:33,206 | INFO | Training:
2022-10-24 06:34:33,222 | INFO | Training Finished.
2022-10-24 06:34:33,228 | INFO | Training Accuracy: 0.879, Training MCC: 0.767, Validation Accuracy: 0.600, Validation MCC: 0.000, Fold: 2
2022-10-24 06:34:33,228 | INFO | Training:
2022-10-24 06:34:33,245 | INFO | Training Finished.
2022-10-24 06:34:33,250 | INFO | Training Accuracy: 0.931, Training MCC: 0.868, Validation Accuracy: 0.667, Validation MCC: 0.339, Fold: 3
2022-10-24 06:34:33,250 | INFO | Training:
2022-10-24 06:34:33,267 | INFO | Training Finished.
2022-10-24 06:34:33,272 | INFO | Training Accuracy: 0.931, Training MCC: 0.868, Validation Accuracy: 0.667, Validation MCC: 0.339, Fold: 4
2022-10-24 06:34:33,272 | INFO | Training:
2022-10-24 06:34:33,289 | INFO | Training Finished.
2022-10-24 06:34:33,294 | INFO | Training Accuracy: 0.931, Training MCC: 0.867, Validation Accuracy: 0.667, Validation MCC: 0.339, Fold: 5
2022-10-24 06:34:33,294 | INFO | AVG Training Accuracy: 0.921, AVG Training MCC: 0.848, AVG Validation Accuracy: 0.653, AVG Validation MCC: 0.272

2022-10-24 06:34:33,296 | INFO | PCA Starting
2022-10-24 06:34:33,302 | INFO | Selecting 71 principal components making up 100% of the variance.

2022-10-24 06:34:33,302 | INFO | PCA Finished
2022-10-24 06:34:33,302 | INFO | GridSearchCV Starting
2022-10-24 06:35:23,047 | INFO | Best parameter set: {'ccp_alpha': 0.0, 'criterion': 'gini', 'max_depth': 6, 'max_features': 1.0, 'n_estimators': 17}
2022-10-24 06:35:23,048 | INFO | -------------------------

2022-10-24 06:35:23,050 | INFO | Train MCC Score: 1.000.  StDev for Train MCC: 0.000.  Test MCC Score: 0.388.  StDev for Test MCC: 0.060.

2022-10-24 06:35:23,050 | INFO | Training:
2022-10-24 06:35:23,070 | INFO | Training Finished.
2022-10-24 06:35:23,075 | INFO | Training Accuracy: 1.000, Training MCC: 1.000, Validation Accuracy: 0.600, Validation MCC: 0.125, Fold: 1
2022-10-24 06:35:23,075 | INFO | Training:
2022-10-24 06:35:23,095 | INFO | Training Finished.
2022-10-24 06:35:23,100 | INFO | Training Accuracy: 1.000, Training MCC: 1.000, Validation Accuracy: 0.600, Validation MCC: 0.000, Fold: 2
2022-10-24 06:35:23,100 | INFO | Training:
2022-10-24 06:35:23,119 | INFO | Training Finished.
2022-10-24 06:35:23,125 | INFO | Training Accuracy: 0.983, Training MCC: 0.967, Validation Accuracy: 0.533, Validation MCC: -0.170, Fold: 3
2022-10-24 06:35:23,125 | INFO | Training:
2022-10-24 06:35:23,145 | INFO | Training Finished.
2022-10-24 06:35:23,150 | INFO | Training Accuracy: 0.983, Training MCC: 0.967, Validation Accuracy: 0.467, Validation MCC: -0.220, Fold: 4
2022-10-24 06:35:23,150 | INFO | Training:
2022-10-24 06:35:23,169 | INFO | Training Finished.
2022-10-24 06:35:23,175 | INFO | Training Accuracy: 1.000, Training MCC: 1.000, Validation Accuracy: 0.600, Validation MCC: 0.000, Fold: 5
2022-10-24 06:35:23,175 | INFO | AVG Training Accuracy: 0.993, AVG Training MCC: 0.987, AVG Validation Accuracy: 0.560, AVG Validation MCC: -0.053

2022-10-24 06:35:23,182 | INFO | KNN Classifier Results:

2022-10-24 06:35:23,184 | INFO | GridSearchCV Starting
2022-10-24 06:36:16,786 | INFO | Best parameter set: {'leaf_size': 5, 'n_neighbors': 5, 'p': 2, 'weights': 'distance'}
2022-10-24 06:36:16,787 | INFO | -------------------------

2022-10-24 06:36:16,788 | INFO | Train MCC Score: 1.000.  StDev for Train MCC: 0.000.  Test MCC Score: 0.400.  StDev for Test MCC: 0.146.

2022-10-24 06:36:16,788 | INFO | Training:
2022-10-24 06:36:16,792 | INFO | Training Finished.
2022-10-24 06:36:16,947 | INFO | Training Accuracy: 1.000, Training MCC: 1.000, Validation Accuracy: 0.667, Validation MCC: 0.318, Fold: 1
2022-10-24 06:36:16,948 | INFO | Training:
2022-10-24 06:36:16,953 | INFO | Training Finished.
2022-10-24 06:36:17,028 | INFO | Training Accuracy: 1.000, Training MCC: 1.000, Validation Accuracy: 0.600, Validation MCC: 0.125, Fold: 2
2022-10-24 06:36:17,028 | INFO | Training:
2022-10-24 06:36:17,034 | INFO | Training Finished.
2022-10-24 06:36:17,109 | INFO | Training Accuracy: 1.000, Training MCC: 1.000, Validation Accuracy: 0.600, Validation MCC: 0.191, Fold: 3
2022-10-24 06:36:17,109 | INFO | Training:
2022-10-24 06:36:17,115 | INFO | Training Finished.
2022-10-24 06:36:17,190 | INFO | Training Accuracy: 1.000, Training MCC: 1.000, Validation Accuracy: 0.600, Validation MCC: 0.000, Fold: 4
2022-10-24 06:36:17,191 | INFO | Training:
2022-10-24 06:36:17,196 | INFO | Training Finished.
2022-10-24 06:36:17,271 | INFO | Training Accuracy: 1.000, Training MCC: 1.000, Validation Accuracy: 0.867, Validation MCC: 0.766, Fold: 5
2022-10-24 06:36:17,271 | INFO | AVG Training Accuracy: 1.000, AVG Training MCC: 1.000, AVG Validation Accuracy: 0.667, AVG Validation MCC: 0.280

2022-10-24 06:36:17,272 | INFO | Forward Selection Starting
2022-10-24 11:21:29,991 | INFO | Forward Selection Finished
2022-10-24 11:21:29,992 | INFO | SFS only results:

2022-10-24 11:21:29,992 | INFO | GridSearchCV Starting
2022-10-24 11:31:18,732 | INFO | Best parameter set: {'leaf_size': 5, 'n_neighbors': 5, 'p': 2, 'weights': 'uniform'}
2022-10-24 11:31:18,732 | INFO | -------------------------

2022-10-24 11:31:18,733 | INFO | Train MCC Score: 0.542.  StDev for Train MCC: 0.083.  Test MCC Score: 0.634.  StDev for Test MCC: 0.077.

2022-10-24 11:31:18,734 | INFO | Training:
2022-10-24 11:31:18,736 | INFO | Training Finished.
2022-10-24 11:31:18,805 | INFO | Training Accuracy: 0.759, Training MCC: 0.539, Validation Accuracy: 0.600, Validation MCC: 0.191, Fold: 1
2022-10-24 11:31:18,806 | INFO | Training:
2022-10-24 11:31:18,808 | INFO | Training Finished.
2022-10-24 11:31:18,880 | INFO | Training Accuracy: 0.793, Training MCC: 0.580, Validation Accuracy: 0.600, Validation MCC: 0.259, Fold: 2
2022-10-24 11:31:18,880 | INFO | Training:
2022-10-24 11:31:18,883 | INFO | Training Finished.
2022-10-24 11:31:18,953 | INFO | Training Accuracy: 0.793, Training MCC: 0.575, Validation Accuracy: 0.667, Validation MCC: 0.339, Fold: 3
2022-10-24 11:31:18,954 | INFO | Training:
2022-10-24 11:31:18,957 | INFO | Training Finished.
2022-10-24 11:31:19,028 | INFO | Training Accuracy: 0.638, Training MCC: 0.363, Validation Accuracy: 0.533, Validation MCC: 0.170, Fold: 4
2022-10-24 11:31:19,029 | INFO | Training:
2022-10-24 11:31:19,031 | INFO | Training Finished.
2022-10-24 11:31:19,100 | INFO | Training Accuracy: 0.724, Training MCC: 0.451, Validation Accuracy: 0.467, Validation MCC: 0.318, Fold: 5
2022-10-24 11:31:19,100 | INFO | AVG Training Accuracy: 0.741, AVG Training MCC: 0.502, AVG Validation Accuracy: 0.573, AVG Validation MCC: 0.255

2022-10-24 11:31:19,104 | INFO | Results after PCA:
2022-10-24 11:31:19,104 | INFO | ------------------

2022-10-24 11:31:19,104 | INFO | PCA Starting
2022-10-24 11:31:19,110 | INFO | Selecting 22 principal components making up 75% of the variance.

2022-10-24 11:31:19,110 | INFO | PCA Finished
2022-10-24 11:31:19,110 | INFO | GridSearchCV Starting
2022-10-24 11:37:19,524 | INFO | Best parameter set: {'leaf_size': 5, 'n_neighbors': 5, 'p': 2, 'weights': 'uniform'}
2022-10-24 11:37:19,524 | INFO | -------------------------

2022-10-24 11:37:19,525 | INFO | Train MCC Score: 0.421.  StDev for Train MCC: 0.089.  Test MCC Score: 0.324.  StDev for Test MCC: 0.075.

2022-10-24 11:37:19,526 | INFO | Training:
2022-10-24 11:37:19,528 | INFO | Training Finished.
2022-10-24 11:37:19,595 | INFO | Training Accuracy: 0.707, Training MCC: 0.464, Validation Accuracy: 0.667, Validation MCC: 0.318, Fold: 1
2022-10-24 11:37:19,596 | INFO | Training:
2022-10-24 11:37:19,597 | INFO | Training Finished.
2022-10-24 11:37:19,665 | INFO | Training Accuracy: 0.776, Training MCC: 0.543, Validation Accuracy: 0.733, Validation MCC: 0.479, Fold: 2
2022-10-24 11:37:19,665 | INFO | Training:
2022-10-24 11:37:19,667 | INFO | Training Finished.
2022-10-24 11:37:19,734 | INFO | Training Accuracy: 0.741, Training MCC: 0.467, Validation Accuracy: 0.533, Validation MCC: 0.000, Fold: 3
2022-10-24 11:37:19,734 | INFO | Training:
2022-10-24 11:37:19,736 | INFO | Training Finished.
2022-10-24 11:37:19,803 | INFO | Training Accuracy: 0.655, Training MCC: 0.350, Validation Accuracy: 0.533, Validation MCC: 0.170, Fold: 4
2022-10-24 11:37:19,803 | INFO | Training:
2022-10-24 11:37:19,805 | INFO | Training Finished.
2022-10-24 11:37:19,874 | INFO | Training Accuracy: 0.741, Training MCC: 0.480, Validation Accuracy: 0.533, Validation MCC: 0.314, Fold: 5
2022-10-24 11:37:19,874 | INFO | AVG Training Accuracy: 0.724, AVG Training MCC: 0.461, AVG Validation Accuracy: 0.600, AVG Validation MCC: 0.256

2022-10-24 11:37:19,876 | INFO | PCA Starting
2022-10-24 11:37:19,882 | INFO | Selecting 25 principal components making up 80% of the variance.

2022-10-24 11:37:19,883 | INFO | PCA Finished
2022-10-24 11:37:19,883 | INFO | GridSearchCV Starting
2022-10-24 11:41:09,109 | INFO | Best parameter set: {'leaf_size': 5, 'n_neighbors': 3, 'p': 2, 'weights': 'uniform'}
2022-10-24 11:41:09,109 | INFO | -------------------------

2022-10-24 11:41:09,110 | INFO | Train MCC Score: 0.549.  StDev for Train MCC: 0.054.  Test MCC Score: 0.310.  StDev for Test MCC: 0.143.

2022-10-24 11:41:09,111 | INFO | Training:
2022-10-24 11:41:09,113 | INFO | Training Finished.
2022-10-24 11:41:09,180 | INFO | Training Accuracy: 0.759, Training MCC: 0.545, Validation Accuracy: 0.667, Validation MCC: 0.318, Fold: 1
2022-10-24 11:41:09,181 | INFO | Training:
2022-10-24 11:41:09,182 | INFO | Training Finished.
2022-10-24 11:41:09,252 | INFO | Training Accuracy: 0.776, Training MCC: 0.541, Validation Accuracy: 0.600, Validation MCC: 0.225, Fold: 2
2022-10-24 11:41:09,252 | INFO | Training:
2022-10-24 11:41:09,253 | INFO | Training Finished.
2022-10-24 11:41:09,320 | INFO | Training Accuracy: 0.776, Training MCC: 0.557, Validation Accuracy: 0.533, Validation MCC: 0.090, Fold: 3
2022-10-24 11:41:09,320 | INFO | Training:
2022-10-24 11:41:09,322 | INFO | Training Finished.
2022-10-24 11:41:09,389 | INFO | Training Accuracy: 0.759, Training MCC: 0.577, Validation Accuracy: 0.333, Validation MCC: -0.090, Fold: 4
2022-10-24 11:41:09,389 | INFO | Training:
2022-10-24 11:41:09,391 | INFO | Training Finished.
2022-10-24 11:41:09,458 | INFO | Training Accuracy: 0.741, Training MCC: 0.456, Validation Accuracy: 0.733, Validation MCC: 0.494, Fold: 5
2022-10-24 11:41:09,458 | INFO | AVG Training Accuracy: 0.762, AVG Training MCC: 0.535, AVG Validation Accuracy: 0.573, AVG Validation MCC: 0.207

2022-10-24 11:41:09,460 | INFO | PCA Starting
2022-10-24 11:41:09,466 | INFO | Selecting 30 principal components making up 85% of the variance.

2022-10-24 11:41:09,466 | INFO | PCA Finished
2022-10-24 11:41:09,466 | INFO | GridSearchCV Starting
2022-10-24 11:46:11,915 | INFO | Best parameter set: {'leaf_size': 5, 'n_neighbors': 5, 'p': 2, 'weights': 'distance'}
2022-10-24 11:46:11,915 | INFO | -------------------------

2022-10-24 11:46:11,916 | INFO | Train MCC Score: 1.000.  StDev for Train MCC: 0.000.  Test MCC Score: 0.355.  StDev for Test MCC: 0.075.

2022-10-24 11:46:11,917 | INFO | Training:
2022-10-24 11:46:11,919 | INFO | Training Finished.
2022-10-24 11:46:11,987 | INFO | Training Accuracy: 1.000, Training MCC: 1.000, Validation Accuracy: 0.667, Validation MCC: 0.318, Fold: 1
2022-10-24 11:46:11,987 | INFO | Training:
2022-10-24 11:46:11,989 | INFO | Training Finished.
2022-10-24 11:46:12,056 | INFO | Training Accuracy: 1.000, Training MCC: 1.000, Validation Accuracy: 0.667, Validation MCC: 0.359, Fold: 2
2022-10-24 11:46:12,056 | INFO | Training:
2022-10-24 11:46:12,059 | INFO | Training Finished.
2022-10-24 11:46:12,126 | INFO | Training Accuracy: 1.000, Training MCC: 1.000, Validation Accuracy: 0.533, Validation MCC: 0.000, Fold: 3
2022-10-24 11:46:12,126 | INFO | Training:
2022-10-24 11:46:12,128 | INFO | Training Finished.
2022-10-24 11:46:12,196 | INFO | Training Accuracy: 1.000, Training MCC: 1.000, Validation Accuracy: 0.533, Validation MCC: 0.170, Fold: 4
2022-10-24 11:46:12,196 | INFO | Training:
2022-10-24 11:46:12,198 | INFO | Training Finished.
2022-10-24 11:46:12,266 | INFO | Training Accuracy: 1.000, Training MCC: 1.000, Validation Accuracy: 0.467, Validation MCC: 0.180, Fold: 5
2022-10-24 11:46:12,266 | INFO | AVG Training Accuracy: 1.000, AVG Training MCC: 1.000, AVG Validation Accuracy: 0.573, AVG Validation MCC: 0.205

2022-10-24 11:46:12,269 | INFO | PCA Starting
2022-10-24 11:46:12,276 | INFO | Selecting 35 principal components making up 90% of the variance.

2022-10-24 11:46:12,277 | INFO | PCA Finished
2022-10-24 11:46:12,277 | INFO | GridSearchCV Starting
2022-10-24 11:54:12,471 | INFO | Best parameter set: {'leaf_size': 5, 'n_neighbors': 5, 'p': 2, 'weights': 'distance'}
2022-10-24 11:54:12,471 | INFO | -------------------------

2022-10-24 11:54:12,472 | INFO | Train MCC Score: 1.000.  StDev for Train MCC: 0.000.  Test MCC Score: 0.401.  StDev for Test MCC: 0.067.

2022-10-24 11:54:12,473 | INFO | Training:
2022-10-24 11:54:12,474 | INFO | Training Finished.
2022-10-24 11:54:12,543 | INFO | Training Accuracy: 1.000, Training MCC: 1.000, Validation Accuracy: 0.600, Validation MCC: 0.191, Fold: 1
2022-10-24 11:54:12,543 | INFO | Training:
2022-10-24 11:54:12,545 | INFO | Training Finished.
2022-10-24 11:54:12,612 | INFO | Training Accuracy: 1.000, Training MCC: 1.000, Validation Accuracy: 0.600, Validation MCC: 0.259, Fold: 2
2022-10-24 11:54:12,612 | INFO | Training:
2022-10-24 11:54:12,614 | INFO | Training Finished.
2022-10-24 11:54:12,681 | INFO | Training Accuracy: 1.000, Training MCC: 1.000, Validation Accuracy: 0.533, Validation MCC: 0.000, Fold: 3
2022-10-24 11:54:12,682 | INFO | Training:
2022-10-24 11:54:12,684 | INFO | Training Finished.
2022-10-24 11:54:12,750 | INFO | Training Accuracy: 1.000, Training MCC: 1.000, Validation Accuracy: 0.533, Validation MCC: 0.170, Fold: 4
2022-10-24 11:54:12,751 | INFO | Training:
2022-10-24 11:54:12,753 | INFO | Training Finished.
2022-10-24 11:54:12,820 | INFO | Training Accuracy: 1.000, Training MCC: 1.000, Validation Accuracy: 0.533, Validation MCC: 0.383, Fold: 5
2022-10-24 11:54:12,820 | INFO | AVG Training Accuracy: 1.000, AVG Training MCC: 1.000, AVG Validation Accuracy: 0.560, AVG Validation MCC: 0.201

2022-10-24 11:54:12,822 | INFO | PCA Starting
2022-10-24 11:54:12,830 | INFO | Selecting 42 principal components making up 95% of the variance.

2022-10-24 11:54:12,830 | INFO | PCA Finished
2022-10-24 11:54:12,831 | INFO | GridSearchCV Starting
2022-10-24 11:59:23,390 | INFO | Best parameter set: {'leaf_size': 5, 'n_neighbors': 5, 'p': 2, 'weights': 'distance'}
2022-10-24 11:59:23,390 | INFO | -------------------------

2022-10-24 11:59:23,391 | INFO | Train MCC Score: 1.000.  StDev for Train MCC: 0.000.  Test MCC Score: 0.400.  StDev for Test MCC: 0.113.

2022-10-24 11:59:23,392 | INFO | Training:
2022-10-24 11:59:23,393 | INFO | Training Finished.
2022-10-24 11:59:23,462 | INFO | Training Accuracy: 1.000, Training MCC: 1.000, Validation Accuracy: 0.667, Validation MCC: 0.318, Fold: 1
2022-10-24 11:59:23,462 | INFO | Training:
2022-10-24 11:59:23,464 | INFO | Training Finished.
2022-10-24 11:59:23,534 | INFO | Training Accuracy: 1.000, Training MCC: 1.000, Validation Accuracy: 0.600, Validation MCC: 0.259, Fold: 2
2022-10-24 11:59:23,534 | INFO | Training:
2022-10-24 11:59:23,537 | INFO | Training Finished.
2022-10-24 11:59:23,605 | INFO | Training Accuracy: 1.000, Training MCC: 1.000, Validation Accuracy: 0.600, Validation MCC: 0.125, Fold: 3
2022-10-24 11:59:23,605 | INFO | Training:
2022-10-24 11:59:23,607 | INFO | Training Finished.
2022-10-24 11:59:23,675 | INFO | Training Accuracy: 1.000, Training MCC: 1.000, Validation Accuracy: 0.533, Validation MCC: 0.170, Fold: 4
2022-10-24 11:59:23,676 | INFO | Training:
2022-10-24 11:59:23,678 | INFO | Training Finished.
2022-10-24 11:59:23,746 | INFO | Training Accuracy: 1.000, Training MCC: 1.000, Validation Accuracy: 0.533, Validation MCC: 0.383, Fold: 5
2022-10-24 11:59:23,746 | INFO | AVG Training Accuracy: 1.000, AVG Training MCC: 1.000, AVG Validation Accuracy: 0.587, AVG Validation MCC: 0.251

2022-10-24 11:59:23,748 | INFO | PCA Starting
2022-10-24 11:59:23,756 | INFO | Selecting 71 principal components making up 100% of the variance.

2022-10-24 11:59:23,756 | INFO | PCA Finished
2022-10-24 11:59:23,757 | INFO | GridSearchCV Starting
2022-10-24 12:11:12,266 | INFO | Best parameter set: {'leaf_size': 5, 'n_neighbors': 5, 'p': 2, 'weights': 'uniform'}
2022-10-24 12:11:12,266 | INFO | -------------------------

2022-10-24 12:11:12,267 | INFO | Train MCC Score: 0.542.  StDev for Train MCC: 0.083.  Test MCC Score: 0.634.  StDev for Test MCC: 0.077.

2022-10-24 12:11:12,268 | INFO | Training:
2022-10-24 12:11:12,270 | INFO | Training Finished.
2022-10-24 12:11:12,336 | INFO | Training Accuracy: 0.759, Training MCC: 0.539, Validation Accuracy: 0.600, Validation MCC: 0.191, Fold: 1
2022-10-24 12:11:12,337 | INFO | Training:
2022-10-24 12:11:12,338 | INFO | Training Finished.
2022-10-24 12:11:12,406 | INFO | Training Accuracy: 0.793, Training MCC: 0.580, Validation Accuracy: 0.600, Validation MCC: 0.259, Fold: 2
2022-10-24 12:11:12,406 | INFO | Training:
2022-10-24 12:11:12,408 | INFO | Training Finished.
2022-10-24 12:11:12,475 | INFO | Training Accuracy: 0.793, Training MCC: 0.575, Validation Accuracy: 0.667, Validation MCC: 0.339, Fold: 3
2022-10-24 12:11:12,476 | INFO | Training:
2022-10-24 12:11:12,478 | INFO | Training Finished.
2022-10-24 12:11:12,545 | INFO | Training Accuracy: 0.638, Training MCC: 0.363, Validation Accuracy: 0.533, Validation MCC: 0.170, Fold: 4
2022-10-24 12:11:12,545 | INFO | Training:
2022-10-24 12:11:12,547 | INFO | Training Finished.
2022-10-24 12:11:12,615 | INFO | Training Accuracy: 0.724, Training MCC: 0.451, Validation Accuracy: 0.467, Validation MCC: 0.318, Fold: 5
2022-10-24 12:11:12,615 | INFO | AVG Training Accuracy: 0.741, AVG Training MCC: 0.502, AVG Validation Accuracy: 0.573, AVG Validation MCC: 0.255

2022-10-24 12:11:12,619 | INFO | -----------------------------------------------------

