2022-10-24 12:17:58,211 | INFO | Threshold of 0.10 provides Large bucket size: 38, Small Bucket size: 26, Extra Bucket size: 9

2022-10-24 12:17:58,227 | INFO | SVC with RBF Kernel Results:

2022-10-24 12:17:58,229 | INFO | GridSearchCV Starting
2022-10-24 12:18:05,337 | INFO | Best parameter set: {'C': 11, 'break_ties': False, 'class_weight': 'balanced', 'gamma': 0.001}
2022-10-24 12:18:05,337 | INFO | -------------------------

2022-10-24 12:18:05,338 | INFO | Train MCC Score: 0.690.  StDev for Train MCC: 0.043.  Test MCC Score: 0.230.  StDev for Test MCC: 0.236.

2022-10-24 12:18:05,339 | INFO | Training:
2022-10-24 12:18:05,344 | INFO | Training Finished.
2022-10-24 12:18:05,352 | INFO | Training Accuracy: 0.759, Training MCC: 0.640, Validation Accuracy: 0.533, Validation MCC: 0.197, Fold: 1
2022-10-24 12:18:05,352 | INFO | Training:
2022-10-24 12:18:05,357 | INFO | Training Finished.
2022-10-24 12:18:05,365 | INFO | Training Accuracy: 0.828, Training MCC: 0.740, Validation Accuracy: 0.533, Validation MCC: 0.273, Fold: 2
2022-10-24 12:18:05,365 | INFO | Training:
2022-10-24 12:18:05,370 | INFO | Training Finished.
2022-10-24 12:18:05,378 | INFO | Training Accuracy: 0.810, Training MCC: 0.718, Validation Accuracy: 0.667, Validation MCC: 0.500, Fold: 3
2022-10-24 12:18:05,378 | INFO | Training:
2022-10-24 12:18:05,382 | INFO | Training Finished.
2022-10-24 12:18:05,391 | INFO | Training Accuracy: 0.776, Training MCC: 0.677, Validation Accuracy: 0.533, Validation MCC: 0.246, Fold: 4
2022-10-24 12:18:05,391 | INFO | Training:
2022-10-24 12:18:05,395 | INFO | Training Finished.
2022-10-24 12:18:05,403 | INFO | Training Accuracy: 0.828, Training MCC: 0.739, Validation Accuracy: 0.600, Validation MCC: 0.321, Fold: 5
2022-10-24 12:18:05,404 | INFO | AVG Training Accuracy: 0.800, AVG Training MCC: 0.703, AVG Validation Accuracy: 0.573, AVG Validation MCC: 0.307

2022-10-24 12:18:05,405 | INFO | Forward Selection Starting
2022-10-24 13:37:39,805 | INFO | Forward Selection Finished
2022-10-24 13:37:39,807 | INFO | SFS only results:

2022-10-24 13:37:39,807 | INFO | GridSearchCV Starting
2022-10-24 13:37:42,261 | INFO | Best parameter set: {'C': 36, 'break_ties': False, 'class_weight': None, 'gamma': 0.001}
2022-10-24 13:37:42,261 | INFO | -------------------------

2022-10-24 13:37:42,262 | INFO | Train MCC Score: 0.710.  StDev for Train MCC: 0.052.  Test MCC Score: 0.283.  StDev for Test MCC: 0.208.

2022-10-24 13:37:42,262 | INFO | Training:
2022-10-24 13:37:42,266 | INFO | Training Finished.
2022-10-24 13:37:42,271 | INFO | Training Accuracy: 0.741, Training MCC: 0.576, Validation Accuracy: 0.600, Validation MCC: 0.296, Fold: 1
2022-10-24 13:37:42,271 | INFO | Training:
2022-10-24 13:37:42,275 | INFO | Training Finished.
2022-10-24 13:37:42,280 | INFO | Training Accuracy: 0.776, Training MCC: 0.635, Validation Accuracy: 0.600, Validation MCC: 0.296, Fold: 2
2022-10-24 13:37:42,280 | INFO | Training:
2022-10-24 13:37:42,283 | INFO | Training Finished.
2022-10-24 13:37:42,289 | INFO | Training Accuracy: 0.810, Training MCC: 0.668, Validation Accuracy: 0.733, Validation MCC: 0.554, Fold: 3
2022-10-24 13:37:42,289 | INFO | Training:
2022-10-24 13:37:42,292 | INFO | Training Finished.
2022-10-24 13:37:42,297 | INFO | Training Accuracy: 0.793, Training MCC: 0.662, Validation Accuracy: 0.533, Validation MCC: 0.072, Fold: 4
2022-10-24 13:37:42,297 | INFO | Training:
2022-10-24 13:37:42,300 | INFO | Training Finished.
2022-10-24 13:37:42,306 | INFO | Training Accuracy: 0.828, Training MCC: 0.718, Validation Accuracy: 0.533, Validation MCC: 0.111, Fold: 5
2022-10-24 13:37:42,306 | INFO | AVG Training Accuracy: 0.790, AVG Training MCC: 0.652, AVG Validation Accuracy: 0.600, AVG Validation MCC: 0.266

2022-10-24 13:37:42,309 | INFO | Results after PCA:
2022-10-24 13:37:42,309 | INFO | ------------------

2022-10-24 13:37:42,310 | INFO | PCA Starting
2022-10-24 13:37:42,344 | INFO | Selecting 23 principal components making up 75% of the variance.

2022-10-24 13:37:42,345 | INFO | PCA Finished
2022-10-24 13:37:42,345 | INFO | GridSearchCV Starting
2022-10-24 13:37:43,701 | INFO | Best parameter set: {'C': 16, 'break_ties': False, 'class_weight': 'balanced', 'gamma': 0.1}
2022-10-24 13:37:43,701 | INFO | -------------------------

2022-10-24 13:37:43,702 | INFO | Train MCC Score: 0.944.  StDev for Train MCC: 0.017.  Test MCC Score: 0.323.  StDev for Test MCC: 0.158.

2022-10-24 13:37:43,703 | INFO | Training:
2022-10-24 13:37:43,705 | INFO | Training Finished.
2022-10-24 13:37:43,707 | INFO | Training Accuracy: 0.966, Training MCC: 0.944, Validation Accuracy: 0.667, Validation MCC: 0.553, Fold: 1
2022-10-24 13:37:43,708 | INFO | Training:
2022-10-24 13:37:43,710 | INFO | Training Finished.
2022-10-24 13:37:43,712 | INFO | Training Accuracy: 0.948, Training MCC: 0.917, Validation Accuracy: 0.733, Validation MCC: 0.545, Fold: 2
2022-10-24 13:37:43,713 | INFO | Training:
2022-10-24 13:37:43,715 | INFO | Training Finished.
2022-10-24 13:37:43,717 | INFO | Training Accuracy: 0.948, Training MCC: 0.917, Validation Accuracy: 0.600, Validation MCC: 0.326, Fold: 3
2022-10-24 13:37:43,717 | INFO | Training:
2022-10-24 13:37:43,719 | INFO | Training Finished.
2022-10-24 13:37:43,722 | INFO | Training Accuracy: 0.948, Training MCC: 0.917, Validation Accuracy: 0.533, Validation MCC: 0.224, Fold: 4
2022-10-24 13:37:43,722 | INFO | Training:
2022-10-24 13:37:43,724 | INFO | Training Finished.
2022-10-24 13:37:43,727 | INFO | Training Accuracy: 0.983, Training MCC: 0.971, Validation Accuracy: 0.667, Validation MCC: 0.402, Fold: 5
2022-10-24 13:37:43,727 | INFO | AVG Training Accuracy: 0.959, AVG Training MCC: 0.933, AVG Validation Accuracy: 0.640, AVG Validation MCC: 0.410

2022-10-24 13:37:43,729 | INFO | PCA Starting
2022-10-24 13:37:43,734 | INFO | Selecting 27 principal components making up 80% of the variance.

2022-10-24 13:37:43,734 | INFO | PCA Finished
2022-10-24 13:37:43,735 | INFO | GridSearchCV Starting
2022-10-24 13:37:45,120 | INFO | Best parameter set: {'C': 16, 'break_ties': False, 'class_weight': 'balanced', 'gamma': 0.1}
2022-10-24 13:37:45,120 | INFO | -------------------------

2022-10-24 13:37:45,121 | INFO | Train MCC Score: 0.944.  StDev for Train MCC: 0.017.  Test MCC Score: 0.327.  StDev for Test MCC: 0.179.

2022-10-24 13:37:45,122 | INFO | Training:
2022-10-24 13:37:45,124 | INFO | Training Finished.
2022-10-24 13:37:45,126 | INFO | Training Accuracy: 0.966, Training MCC: 0.944, Validation Accuracy: 0.667, Validation MCC: 0.505, Fold: 1
2022-10-24 13:37:45,127 | INFO | Training:
2022-10-24 13:37:45,129 | INFO | Training Finished.
2022-10-24 13:37:45,131 | INFO | Training Accuracy: 0.948, Training MCC: 0.917, Validation Accuracy: 0.733, Validation MCC: 0.545, Fold: 2
2022-10-24 13:37:45,132 | INFO | Training:
2022-10-24 13:37:45,134 | INFO | Training Finished.
2022-10-24 13:37:45,136 | INFO | Training Accuracy: 0.948, Training MCC: 0.917, Validation Accuracy: 0.600, Validation MCC: 0.336, Fold: 3
2022-10-24 13:37:45,137 | INFO | Training:
2022-10-24 13:37:45,139 | INFO | Training Finished.
2022-10-24 13:37:45,141 | INFO | Training Accuracy: 0.948, Training MCC: 0.917, Validation Accuracy: 0.600, Validation MCC: 0.352, Fold: 4
2022-10-24 13:37:45,142 | INFO | Training:
2022-10-24 13:37:45,144 | INFO | Training Finished.
2022-10-24 13:37:45,148 | INFO | Training Accuracy: 0.983, Training MCC: 0.971, Validation Accuracy: 0.600, Validation MCC: 0.261, Fold: 5
2022-10-24 13:37:45,148 | INFO | AVG Training Accuracy: 0.959, AVG Training MCC: 0.933, AVG Validation Accuracy: 0.640, AVG Validation MCC: 0.400

2022-10-24 13:37:45,150 | INFO | PCA Starting
2022-10-24 13:37:45,160 | INFO | Selecting 31 principal components making up 85% of the variance.

2022-10-24 13:37:45,161 | INFO | PCA Finished
2022-10-24 13:37:45,161 | INFO | GridSearchCV Starting
2022-10-24 13:37:46,542 | INFO | Best parameter set: {'C': 16, 'break_ties': False, 'class_weight': None, 'gamma': 'scale'}
2022-10-24 13:37:46,542 | INFO | -------------------------

2022-10-24 13:37:46,543 | INFO | Train MCC Score: 0.961.  StDev for Train MCC: 0.022.  Test MCC Score: 0.315.  StDev for Test MCC: 0.123.

2022-10-24 13:37:46,544 | INFO | Training:
2022-10-24 13:37:46,546 | INFO | Training Finished.
2022-10-24 13:37:46,549 | INFO | Training Accuracy: 0.966, Training MCC: 0.944, Validation Accuracy: 0.733, Validation MCC: 0.539, Fold: 1
2022-10-24 13:37:46,549 | INFO | Training:
2022-10-24 13:37:46,551 | INFO | Training Finished.
2022-10-24 13:37:46,554 | INFO | Training Accuracy: 0.966, Training MCC: 0.944, Validation Accuracy: 0.667, Validation MCC: 0.422, Fold: 2
2022-10-24 13:37:46,554 | INFO | Training:
2022-10-24 13:37:46,556 | INFO | Training Finished.
2022-10-24 13:37:46,558 | INFO | Training Accuracy: 0.966, Training MCC: 0.944, Validation Accuracy: 0.667, Validation MCC: 0.409, Fold: 3
2022-10-24 13:37:46,559 | INFO | Training:
2022-10-24 13:37:46,561 | INFO | Training Finished.
2022-10-24 13:37:46,563 | INFO | Training Accuracy: 0.948, Training MCC: 0.917, Validation Accuracy: 0.600, Validation MCC: 0.305, Fold: 4
2022-10-24 13:37:46,564 | INFO | Training:
2022-10-24 13:37:46,566 | INFO | Training Finished.
2022-10-24 13:37:46,568 | INFO | Training Accuracy: 0.983, Training MCC: 0.971, Validation Accuracy: 0.600, Validation MCC: 0.261, Fold: 5
2022-10-24 13:37:46,569 | INFO | AVG Training Accuracy: 0.966, AVG Training MCC: 0.944, AVG Validation Accuracy: 0.653, AVG Validation MCC: 0.387

2022-10-24 13:37:46,570 | INFO | PCA Starting
2022-10-24 13:37:46,575 | INFO | Selecting 37 principal components making up 90% of the variance.

2022-10-24 13:37:46,576 | INFO | PCA Finished
2022-10-24 13:37:46,576 | INFO | GridSearchCV Starting
2022-10-24 13:37:47,955 | INFO | Best parameter set: {'C': 11, 'break_ties': False, 'class_weight': 'balanced', 'gamma': 0.1}
2022-10-24 13:37:47,955 | INFO | -------------------------

2022-10-24 13:37:47,956 | INFO | Train MCC Score: 0.944.  StDev for Train MCC: 0.017.  Test MCC Score: 0.287.  StDev for Test MCC: 0.067.

2022-10-24 13:37:47,957 | INFO | Training:
2022-10-24 13:37:47,959 | INFO | Training Finished.
2022-10-24 13:37:47,962 | INFO | Training Accuracy: 0.966, Training MCC: 0.944, Validation Accuracy: 0.667, Validation MCC: 0.442, Fold: 1
2022-10-24 13:37:47,962 | INFO | Training:
2022-10-24 13:37:47,964 | INFO | Training Finished.
2022-10-24 13:37:47,967 | INFO | Training Accuracy: 0.948, Training MCC: 0.917, Validation Accuracy: 0.600, Validation MCC: 0.296, Fold: 2
2022-10-24 13:37:47,967 | INFO | Training:
2022-10-24 13:37:47,969 | INFO | Training Finished.
2022-10-24 13:37:47,972 | INFO | Training Accuracy: 0.948, Training MCC: 0.917, Validation Accuracy: 0.600, Validation MCC: 0.305, Fold: 3
2022-10-24 13:37:47,972 | INFO | Training:
2022-10-24 13:37:47,974 | INFO | Training Finished.
2022-10-24 13:37:47,977 | INFO | Training Accuracy: 0.948, Training MCC: 0.917, Validation Accuracy: 0.533, Validation MCC: 0.234, Fold: 4
2022-10-24 13:37:47,977 | INFO | Training:
2022-10-24 13:37:47,979 | INFO | Training Finished.
2022-10-24 13:37:47,982 | INFO | Training Accuracy: 0.983, Training MCC: 0.971, Validation Accuracy: 0.667, Validation MCC: 0.402, Fold: 5
2022-10-24 13:37:47,983 | INFO | AVG Training Accuracy: 0.959, AVG Training MCC: 0.933, AVG Validation Accuracy: 0.613, AVG Validation MCC: 0.336

2022-10-24 13:37:47,984 | INFO | PCA Starting
2022-10-24 13:37:47,990 | INFO | Selecting 45 principal components making up 95% of the variance.

2022-10-24 13:37:47,991 | INFO | PCA Finished
2022-10-24 13:37:47,991 | INFO | GridSearchCV Starting
2022-10-24 13:37:49,468 | INFO | Best parameter set: {'C': 71, 'break_ties': False, 'class_weight': 'balanced', 'gamma': 'auto'}
2022-10-24 13:37:49,468 | INFO | -------------------------

2022-10-24 13:37:49,469 | INFO | Train MCC Score: 0.944.  StDev for Train MCC: 0.017.  Test MCC Score: 0.333.  StDev for Test MCC: 0.052.

2022-10-24 13:37:49,470 | INFO | Training:
2022-10-24 13:37:49,472 | INFO | Training Finished.
2022-10-24 13:37:49,475 | INFO | Training Accuracy: 0.966, Training MCC: 0.944, Validation Accuracy: 0.800, Validation MCC: 0.649, Fold: 1
2022-10-24 13:37:49,475 | INFO | Training:
2022-10-24 13:37:49,477 | INFO | Training Finished.
2022-10-24 13:37:49,480 | INFO | Training Accuracy: 0.948, Training MCC: 0.917, Validation Accuracy: 0.667, Validation MCC: 0.422, Fold: 2
2022-10-24 13:37:49,481 | INFO | Training:
2022-10-24 13:37:49,483 | INFO | Training Finished.
2022-10-24 13:37:49,486 | INFO | Training Accuracy: 0.948, Training MCC: 0.917, Validation Accuracy: 0.733, Validation MCC: 0.558, Fold: 3
2022-10-24 13:37:49,486 | INFO | Training:
2022-10-24 13:37:49,488 | INFO | Training Finished.
2022-10-24 13:37:49,492 | INFO | Training Accuracy: 0.948, Training MCC: 0.917, Validation Accuracy: 0.667, Validation MCC: 0.469, Fold: 4
2022-10-24 13:37:49,492 | INFO | Training:
2022-10-24 13:37:49,494 | INFO | Training Finished.
2022-10-24 13:37:49,497 | INFO | Training Accuracy: 0.983, Training MCC: 0.971, Validation Accuracy: 0.667, Validation MCC: 0.470, Fold: 5
2022-10-24 13:37:49,497 | INFO | AVG Training Accuracy: 0.959, AVG Training MCC: 0.933, AVG Validation Accuracy: 0.707, AVG Validation MCC: 0.514

2022-10-24 13:37:49,499 | INFO | PCA Starting
2022-10-24 13:37:49,505 | INFO | Selecting 73 principal components making up 100% of the variance.

2022-10-24 13:37:49,506 | INFO | PCA Finished
2022-10-24 13:37:49,506 | INFO | GridSearchCV Starting
2022-10-24 13:37:51,007 | INFO | Best parameter set: {'C': 36, 'break_ties': False, 'class_weight': None, 'gamma': 0.001}
2022-10-24 13:37:51,007 | INFO | -------------------------

2022-10-24 13:37:51,008 | INFO | Train MCC Score: 0.710.  StDev for Train MCC: 0.052.  Test MCC Score: 0.283.  StDev for Test MCC: 0.208.

2022-10-24 13:37:51,008 | INFO | Training:
2022-10-24 13:37:51,011 | INFO | Training Finished.
2022-10-24 13:37:51,014 | INFO | Training Accuracy: 0.741, Training MCC: 0.576, Validation Accuracy: 0.600, Validation MCC: 0.296, Fold: 1
2022-10-24 13:37:51,014 | INFO | Training:
2022-10-24 13:37:51,016 | INFO | Training Finished.
2022-10-24 13:37:51,020 | INFO | Training Accuracy: 0.776, Training MCC: 0.635, Validation Accuracy: 0.600, Validation MCC: 0.296, Fold: 2
2022-10-24 13:37:51,020 | INFO | Training:
2022-10-24 13:37:51,022 | INFO | Training Finished.
2022-10-24 13:37:51,025 | INFO | Training Accuracy: 0.810, Training MCC: 0.668, Validation Accuracy: 0.733, Validation MCC: 0.554, Fold: 3
2022-10-24 13:37:51,026 | INFO | Training:
2022-10-24 13:37:51,028 | INFO | Training Finished.
2022-10-24 13:37:51,031 | INFO | Training Accuracy: 0.793, Training MCC: 0.662, Validation Accuracy: 0.533, Validation MCC: 0.072, Fold: 4
2022-10-24 13:37:51,031 | INFO | Training:
2022-10-24 13:37:51,033 | INFO | Training Finished.
2022-10-24 13:37:51,036 | INFO | Training Accuracy: 0.828, Training MCC: 0.718, Validation Accuracy: 0.533, Validation MCC: 0.111, Fold: 5
2022-10-24 13:37:51,036 | INFO | AVG Training Accuracy: 0.790, AVG Training MCC: 0.652, AVG Validation Accuracy: 0.600, AVG Validation MCC: 0.266

2022-10-24 13:37:51,044 | INFO | XGBoost Classifier Results:

2022-10-24 13:37:51,045 | INFO | GridSearchCV Starting
2022-10-24 13:57:10,342 | INFO | Best parameter set: {'alpha': 0.0, 'gamma': 2, 'lambda': 1, 'max_depth': 3, 'n_estimators': 5, 'subsample': 1}
2022-10-24 13:57:10,342 | INFO | -------------------------

2022-10-24 13:57:10,351 | INFO | Train MCC Score: 0.931.  StDev for Train MCC: 0.029.  Test MCC Score: 0.363.  StDev for Test MCC: 0.133.

2022-10-24 13:57:10,355 | INFO | Training:
2022-10-24 13:57:10,380 | INFO | Training Finished.
2022-10-24 13:57:10,401 | INFO | Training Accuracy: 0.966, Training MCC: 0.942, Validation Accuracy: 0.533, Validation MCC: 0.131, Fold: 1
2022-10-24 13:57:10,401 | INFO | Training:
2022-10-24 13:57:10,427 | INFO | Training Finished.
2022-10-24 13:57:10,447 | INFO | Training Accuracy: 0.966, Training MCC: 0.944, Validation Accuracy: 0.667, Validation MCC: 0.426, Fold: 2
2022-10-24 13:57:10,447 | INFO | Training:
2022-10-24 13:57:10,474 | INFO | Training Finished.
2022-10-24 13:57:10,494 | INFO | Training Accuracy: 0.914, Training MCC: 0.854, Validation Accuracy: 0.600, Validation MCC: 0.288, Fold: 3
2022-10-24 13:57:10,494 | INFO | Training:
2022-10-24 13:57:10,520 | INFO | Training Finished.
2022-10-24 13:57:10,540 | INFO | Training Accuracy: 0.966, Training MCC: 0.942, Validation Accuracy: 0.600, Validation MCC: 0.296, Fold: 4
2022-10-24 13:57:10,540 | INFO | Training:
2022-10-24 13:57:10,566 | INFO | Training Finished.
2022-10-24 13:57:10,586 | INFO | Training Accuracy: 0.983, Training MCC: 0.971, Validation Accuracy: 0.533, Validation MCC: 0.188, Fold: 5
2022-10-24 13:57:10,586 | INFO | AVG Training Accuracy: 0.959, AVG Training MCC: 0.931, AVG Validation Accuracy: 0.587, AVG Validation MCC: 0.266

2022-10-24 13:57:10,587 | INFO | Forward Selection Starting
2022-10-24 16:48:20,417 | INFO | Forward Selection Finished
2022-10-24 16:48:20,418 | INFO | SFS only results:

2022-10-24 16:48:20,418 | INFO | GridSearchCV Starting
2022-10-24 16:58:30,006 | INFO | Best parameter set: {'alpha': 0.0, 'gamma': 2, 'lambda': 1, 'max_depth': 3, 'n_estimators': 5, 'subsample': 1}
2022-10-24 16:58:30,006 | INFO | -------------------------

2022-10-24 16:58:30,017 | INFO | Train MCC Score: 0.723.  StDev for Train MCC: 0.032.  Test MCC Score: 0.558.  StDev for Test MCC: 0.269.

2022-10-24 16:58:30,022 | INFO | Training:
2022-10-24 16:58:30,040 | INFO | Training Finished.
2022-10-24 16:58:30,053 | INFO | Training Accuracy: 0.828, Training MCC: 0.701, Validation Accuracy: 0.733, Validation MCC: 0.539, Fold: 1
2022-10-24 16:58:30,053 | INFO | Training:
2022-10-24 16:58:30,070 | INFO | Training Finished.
2022-10-24 16:58:30,083 | INFO | Training Accuracy: 0.828, Training MCC: 0.704, Validation Accuracy: 0.667, Validation MCC: 0.409, Fold: 2
2022-10-24 16:58:30,083 | INFO | Training:
2022-10-24 16:58:30,100 | INFO | Training Finished.
2022-10-24 16:58:30,112 | INFO | Training Accuracy: 0.828, Training MCC: 0.700, Validation Accuracy: 0.733, Validation MCC: 0.539, Fold: 3
2022-10-24 16:58:30,113 | INFO | Training:
2022-10-24 16:58:30,129 | INFO | Training Finished.
2022-10-24 16:58:30,143 | INFO | Training Accuracy: 0.879, Training MCC: 0.801, Validation Accuracy: 0.667, Validation MCC: 0.432, Fold: 4
2022-10-24 16:58:30,143 | INFO | Training:
2022-10-24 16:58:30,160 | INFO | Training Finished.
2022-10-24 16:58:30,173 | INFO | Training Accuracy: 0.931, Training MCC: 0.886, Validation Accuracy: 0.600, Validation MCC: 0.261, Fold: 5
2022-10-24 16:58:30,173 | INFO | AVG Training Accuracy: 0.859, AVG Training MCC: 0.758, AVG Validation Accuracy: 0.680, AVG Validation MCC: 0.436

2022-10-24 16:58:30,178 | INFO | Results after PCA:
2022-10-24 16:58:30,178 | INFO | ------------------

2022-10-24 16:58:30,179 | INFO | PCA Starting
2022-10-24 16:58:30,187 | INFO | Selecting 23 principal components making up 75% of the variance.

2022-10-24 16:58:30,188 | INFO | PCA Finished
2022-10-24 16:58:30,188 | INFO | GridSearchCV Starting
2022-10-24 17:02:17,615 | INFO | Best parameter set: {'alpha': 0.0, 'gamma': 2, 'lambda': 1, 'max_depth': 4, 'n_estimators': 8, 'subsample': 1}
2022-10-24 17:02:17,616 | INFO | -------------------------

2022-10-24 17:02:17,624 | INFO | Train MCC Score: 0.779.  StDev for Train MCC: 0.065.  Test MCC Score: 0.227.  StDev for Test MCC: 0.326.

2022-10-24 17:02:17,629 | INFO | Training:
2022-10-24 17:02:17,639 | INFO | Training Finished.
2022-10-24 17:02:17,644 | INFO | Training Accuracy: 0.828, Training MCC: 0.706, Validation Accuracy: 0.667, Validation MCC: 0.402, Fold: 1
2022-10-24 17:02:17,645 | INFO | Training:
2022-10-24 17:02:17,654 | INFO | Training Finished.
2022-10-24 17:02:17,659 | INFO | Training Accuracy: 0.879, Training MCC: 0.791, Validation Accuracy: 0.600, Validation MCC: 0.261, Fold: 2
2022-10-24 17:02:17,659 | INFO | Training:
2022-10-24 17:02:17,668 | INFO | Training Finished.
2022-10-24 17:02:17,673 | INFO | Training Accuracy: 0.897, Training MCC: 0.825, Validation Accuracy: 0.533, Validation MCC: 0.131, Fold: 3
2022-10-24 17:02:17,674 | INFO | Training:
2022-10-24 17:02:17,683 | INFO | Training Finished.
2022-10-24 17:02:17,688 | INFO | Training Accuracy: 0.931, Training MCC: 0.885, Validation Accuracy: 0.600, Validation MCC: 0.305, Fold: 4
2022-10-24 17:02:17,688 | INFO | Training:
2022-10-24 17:02:17,697 | INFO | Training Finished.
2022-10-24 17:02:17,702 | INFO | Training Accuracy: 0.914, Training MCC: 0.853, Validation Accuracy: 0.467, Validation MCC: 0.025, Fold: 5
2022-10-24 17:02:17,702 | INFO | AVG Training Accuracy: 0.890, AVG Training MCC: 0.812, AVG Validation Accuracy: 0.573, AVG Validation MCC: 0.225

2022-10-24 17:02:17,704 | INFO | PCA Starting
2022-10-24 17:02:17,712 | INFO | Selecting 26 principal components making up 80% of the variance.

2022-10-24 17:02:17,712 | INFO | PCA Finished
2022-10-24 17:02:17,713 | INFO | GridSearchCV Starting
2022-10-24 17:06:16,756 | INFO | Best parameter set: {'alpha': 0.0, 'gamma': 2, 'lambda': 1, 'max_depth': 3, 'n_estimators': 3, 'subsample': 1}
2022-10-24 17:06:16,756 | INFO | -------------------------

2022-10-24 17:06:16,765 | INFO | Train MCC Score: 0.825.  StDev for Train MCC: 0.049.  Test MCC Score: 0.230.  StDev for Test MCC: 0.345.

2022-10-24 17:06:16,770 | INFO | Training:
2022-10-24 17:06:16,779 | INFO | Training Finished.
2022-10-24 17:06:16,784 | INFO | Training Accuracy: 0.845, Training MCC: 0.736, Validation Accuracy: 0.667, Validation MCC: 0.402, Fold: 1
2022-10-24 17:06:16,784 | INFO | Training:
2022-10-24 17:06:16,791 | INFO | Training Finished.
2022-10-24 17:06:16,796 | INFO | Training Accuracy: 0.879, Training MCC: 0.795, Validation Accuracy: 0.600, Validation MCC: 0.261, Fold: 2
2022-10-24 17:06:16,796 | INFO | Training:
2022-10-24 17:06:16,803 | INFO | Training Finished.
2022-10-24 17:06:16,808 | INFO | Training Accuracy: 0.914, Training MCC: 0.852, Validation Accuracy: 0.667, Validation MCC: 0.435, Fold: 3
2022-10-24 17:06:16,808 | INFO | Training:
2022-10-24 17:06:16,815 | INFO | Training Finished.
2022-10-24 17:06:16,821 | INFO | Training Accuracy: 0.828, Training MCC: 0.700, Validation Accuracy: 0.467, Validation MCC: 0.131, Fold: 4
2022-10-24 17:06:16,821 | INFO | Training:
2022-10-24 17:06:16,828 | INFO | Training Finished.
2022-10-24 17:06:16,833 | INFO | Training Accuracy: 0.897, Training MCC: 0.822, Validation Accuracy: 0.533, Validation MCC: 0.197, Fold: 5
2022-10-24 17:06:16,833 | INFO | AVG Training Accuracy: 0.872, AVG Training MCC: 0.781, AVG Validation Accuracy: 0.587, AVG Validation MCC: 0.285

2022-10-24 17:06:16,835 | INFO | PCA Starting
2022-10-24 17:06:16,843 | INFO | Selecting 31 principal components making up 85% of the variance.

2022-10-24 17:06:16,844 | INFO | PCA Finished
2022-10-24 17:06:16,844 | INFO | GridSearchCV Starting
2022-10-24 17:10:26,165 | INFO | Best parameter set: {'alpha': 0.0, 'gamma': 1, 'lambda': 1, 'max_depth': 4, 'n_estimators': 1, 'subsample': 1}
2022-10-24 17:10:26,165 | INFO | -------------------------

2022-10-24 17:10:26,175 | INFO | Train MCC Score: 0.873.  StDev for Train MCC: 0.036.  Test MCC Score: 0.230.  StDev for Test MCC: 0.342.

2022-10-24 17:10:26,181 | INFO | Training:
2022-10-24 17:10:26,189 | INFO | Training Finished.
2022-10-24 17:10:26,195 | INFO | Training Accuracy: 0.879, Training MCC: 0.794, Validation Accuracy: 0.533, Validation MCC: 0.151, Fold: 1
2022-10-24 17:10:26,195 | INFO | Training:
2022-10-24 17:10:26,202 | INFO | Training Finished.
2022-10-24 17:10:26,207 | INFO | Training Accuracy: 0.914, Training MCC: 0.852, Validation Accuracy: 0.600, Validation MCC: 0.251, Fold: 2
2022-10-24 17:10:26,207 | INFO | Training:
2022-10-24 17:10:26,214 | INFO | Training Finished.
2022-10-24 17:10:26,219 | INFO | Training Accuracy: 0.897, Training MCC: 0.830, Validation Accuracy: 0.533, Validation MCC: 0.209, Fold: 3
2022-10-24 17:10:26,219 | INFO | Training:
2022-10-24 17:10:26,226 | INFO | Training Finished.
2022-10-24 17:10:26,231 | INFO | Training Accuracy: 0.897, Training MCC: 0.824, Validation Accuracy: 0.533, Validation MCC: 0.173, Fold: 4
2022-10-24 17:10:26,231 | INFO | Training:
2022-10-24 17:10:26,237 | INFO | Training Finished.
2022-10-24 17:10:26,243 | INFO | Training Accuracy: 0.914, Training MCC: 0.853, Validation Accuracy: 0.533, Validation MCC: 0.168, Fold: 5
2022-10-24 17:10:26,243 | INFO | AVG Training Accuracy: 0.900, AVG Training MCC: 0.830, AVG Validation Accuracy: 0.547, AVG Validation MCC: 0.190

2022-10-24 17:10:26,245 | INFO | PCA Starting
2022-10-24 17:10:26,253 | INFO | Selecting 36 principal components making up 90% of the variance.

2022-10-24 17:10:26,253 | INFO | PCA Finished
2022-10-24 17:10:26,253 | INFO | GridSearchCV Starting
2022-10-24 17:14:51,613 | INFO | Best parameter set: {'alpha': 0.0, 'gamma': 0, 'lambda': 1, 'max_depth': 2, 'n_estimators': 1, 'subsample': 1}
2022-10-24 17:14:51,614 | INFO | -------------------------

2022-10-24 17:14:51,622 | INFO | Train MCC Score: 0.657.  StDev for Train MCC: 0.042.  Test MCC Score: 0.183.  StDev for Test MCC: 0.275.

2022-10-24 17:14:51,628 | INFO | Training:
2022-10-24 17:14:51,635 | INFO | Training Finished.
2022-10-24 17:14:51,641 | INFO | Training Accuracy: 0.759, Training MCC: 0.588, Validation Accuracy: 0.533, Validation MCC: 0.151, Fold: 1
2022-10-24 17:14:51,641 | INFO | Training:
2022-10-24 17:14:51,647 | INFO | Training Finished.
2022-10-24 17:14:51,653 | INFO | Training Accuracy: 0.793, Training MCC: 0.646, Validation Accuracy: 0.600, Validation MCC: 0.269, Fold: 2
2022-10-24 17:14:51,653 | INFO | Training:
2022-10-24 17:14:51,659 | INFO | Training Finished.
2022-10-24 17:14:51,664 | INFO | Training Accuracy: 0.810, Training MCC: 0.673, Validation Accuracy: 0.400, Validation MCC: -0.107, Fold: 3
2022-10-24 17:14:51,665 | INFO | Training:
2022-10-24 17:14:51,671 | INFO | Training Finished.
2022-10-24 17:14:51,676 | INFO | Training Accuracy: 0.793, Training MCC: 0.645, Validation Accuracy: 0.467, Validation MCC: 0.112, Fold: 4
2022-10-24 17:14:51,677 | INFO | Training:
2022-10-24 17:14:51,683 | INFO | Training Finished.
2022-10-24 17:14:51,688 | INFO | Training Accuracy: 0.862, Training MCC: 0.764, Validation Accuracy: 0.533, Validation MCC: 0.151, Fold: 5
2022-10-24 17:14:51,689 | INFO | AVG Training Accuracy: 0.803, AVG Training MCC: 0.663, AVG Validation Accuracy: 0.507, AVG Validation MCC: 0.115

2022-10-24 17:14:51,691 | INFO | PCA Starting
2022-10-24 17:14:51,699 | INFO | Selecting 43 principal components making up 95% of the variance.

2022-10-24 17:14:51,699 | INFO | PCA Finished
2022-10-24 17:14:51,699 | INFO | GridSearchCV Starting
2022-10-24 17:19:32,017 | INFO | Best parameter set: {'alpha': 0.0, 'gamma': 1, 'lambda': 1, 'max_depth': 3, 'n_estimators': 2, 'subsample': 0.5}
2022-10-24 17:19:32,017 | INFO | -------------------------

2022-10-24 17:19:32,025 | INFO | Train MCC Score: 0.472.  StDev for Train MCC: 0.073.  Test MCC Score: 0.102.  StDev for Test MCC: 0.253.

2022-10-24 17:19:32,031 | INFO | Training:
2022-10-24 17:19:32,039 | INFO | Training Finished.
2022-10-24 17:19:32,045 | INFO | Training Accuracy: 0.810, Training MCC: 0.677, Validation Accuracy: 0.400, Validation MCC: -0.101, Fold: 1
2022-10-24 17:19:32,045 | INFO | Training:
2022-10-24 17:19:32,053 | INFO | Training Finished.
2022-10-24 17:19:32,058 | INFO | Training Accuracy: 0.759, Training MCC: 0.578, Validation Accuracy: 0.467, Validation MCC: -0.030, Fold: 2
2022-10-24 17:19:32,059 | INFO | Training:
2022-10-24 17:19:32,066 | INFO | Training Finished.
2022-10-24 17:19:32,072 | INFO | Training Accuracy: 0.724, Training MCC: 0.558, Validation Accuracy: 0.400, Validation MCC: 0.000, Fold: 3
2022-10-24 17:19:32,072 | INFO | Training:
2022-10-24 17:19:32,081 | INFO | Training Finished.
2022-10-24 17:19:32,087 | INFO | Training Accuracy: 0.672, Training MCC: 0.456, Validation Accuracy: 0.400, Validation MCC: -0.074, Fold: 4
2022-10-24 17:19:32,087 | INFO | Training:
2022-10-24 17:19:32,095 | INFO | Training Finished.
2022-10-24 17:19:32,102 | INFO | Training Accuracy: 0.741, Training MCC: 0.545, Validation Accuracy: 0.533, Validation MCC: 0.188, Fold: 5
2022-10-24 17:19:32,102 | INFO | AVG Training Accuracy: 0.741, AVG Training MCC: 0.563, AVG Validation Accuracy: 0.440, AVG Validation MCC: -0.003

2022-10-24 17:19:32,104 | INFO | PCA Starting
2022-10-24 17:19:32,113 | INFO | Selecting 73 principal components making up 100% of the variance.

2022-10-24 17:19:32,113 | INFO | PCA Finished
2022-10-24 17:19:32,113 | INFO | GridSearchCV Starting
2022-10-24 17:25:33,138 | INFO | Best parameter set: {'alpha': 0.0, 'gamma': 0, 'lambda': 1, 'max_depth': 2, 'n_estimators': 1, 'subsample': 0.5}
2022-10-24 17:25:33,139 | INFO | -------------------------

2022-10-24 17:25:33,146 | INFO | Train MCC Score: 0.315.  StDev for Train MCC: 0.071.  Test MCC Score: 0.120.  StDev for Test MCC: 0.236.

2022-10-24 17:25:33,153 | INFO | Training:
2022-10-24 17:25:33,161 | INFO | Training Finished.
2022-10-24 17:25:33,168 | INFO | Training Accuracy: 0.603, Training MCC: 0.328, Validation Accuracy: 0.200, Validation MCC: -0.337, Fold: 1
2022-10-24 17:25:33,168 | INFO | Training:
2022-10-24 17:25:33,176 | INFO | Training Finished.
2022-10-24 17:25:33,182 | INFO | Training Accuracy: 0.638, Training MCC: 0.364, Validation Accuracy: 0.467, Validation MCC: 0.070, Fold: 2
2022-10-24 17:25:33,182 | INFO | Training:
2022-10-24 17:25:33,190 | INFO | Training Finished.
2022-10-24 17:25:33,197 | INFO | Training Accuracy: 0.655, Training MCC: 0.431, Validation Accuracy: 0.467, Validation MCC: 0.070, Fold: 3
2022-10-24 17:25:33,197 | INFO | Training:
2022-10-24 17:25:33,205 | INFO | Training Finished.
2022-10-24 17:25:33,211 | INFO | Training Accuracy: 0.638, Training MCC: 0.361, Validation Accuracy: 0.600, Validation MCC: 0.269, Fold: 4
2022-10-24 17:25:33,212 | INFO | Training:
2022-10-24 17:25:33,219 | INFO | Training Finished.
2022-10-24 17:25:33,226 | INFO | Training Accuracy: 0.569, Training MCC: 0.250, Validation Accuracy: 0.333, Validation MCC: -0.022, Fold: 5
2022-10-24 17:25:33,226 | INFO | AVG Training Accuracy: 0.621, AVG Training MCC: 0.347, AVG Validation Accuracy: 0.413, AVG Validation MCC: 0.010

2022-10-24 17:25:33,238 | INFO | Random Forest Classifier Results:

2022-10-24 17:25:33,240 | INFO | GridSearchCV Starting
2022-10-24 17:26:54,656 | INFO | Best parameter set: {'ccp_alpha': 0.0, 'criterion': 'gini', 'max_depth': 7, 'max_features': 'log2', 'n_estimators': 15}
2022-10-24 17:26:54,657 | INFO | -------------------------

2022-10-24 17:26:54,659 | INFO | Train MCC Score: 0.977.  StDev for Train MCC: 0.022.  Test MCC Score: 0.450.  StDev for Test MCC: 0.147.

2022-10-24 17:26:54,659 | INFO | Training:
2022-10-24 17:26:54,674 | INFO | Training Finished.
2022-10-24 17:26:54,683 | INFO | Training Accuracy: 0.966, Training MCC: 0.941, Validation Accuracy: 0.533, Validation MCC: 0.111, Fold: 1
2022-10-24 17:26:54,683 | INFO | Training:
2022-10-24 17:26:54,697 | INFO | Training Finished.
2022-10-24 17:26:54,706 | INFO | Training Accuracy: 0.983, Training MCC: 0.971, Validation Accuracy: 0.467, Validation MCC: -0.030, Fold: 2
2022-10-24 17:26:54,706 | INFO | Training:
2022-10-24 17:26:54,721 | INFO | Training Finished.
2022-10-24 17:26:54,729 | INFO | Training Accuracy: 0.966, Training MCC: 0.944, Validation Accuracy: 0.667, Validation MCC: 0.442, Fold: 3
2022-10-24 17:26:54,730 | INFO | Training:
2022-10-24 17:26:54,744 | INFO | Training Finished.
2022-10-24 17:26:54,753 | INFO | Training Accuracy: 1.000, Training MCC: 1.000, Validation Accuracy: 0.533, Validation MCC: 0.173, Fold: 4
2022-10-24 17:26:54,753 | INFO | Training:
2022-10-24 17:26:54,768 | INFO | Training Finished.
2022-10-24 17:26:54,776 | INFO | Training Accuracy: 0.983, Training MCC: 0.971, Validation Accuracy: 0.600, Validation MCC: 0.261, Fold: 5
2022-10-24 17:26:54,777 | INFO | AVG Training Accuracy: 0.979, AVG Training MCC: 0.965, AVG Validation Accuracy: 0.560, AVG Validation MCC: 0.191

2022-10-24 17:26:54,778 | INFO | Forward Selection Starting
2022-10-24 21:32:17,393 | INFO | Forward Selection Finished
2022-10-24 21:32:17,395 | INFO | SFS only results:

2022-10-24 21:32:17,396 | INFO | GridSearchCV Starting
2022-10-24 21:33:17,169 | INFO | Best parameter set: {'ccp_alpha': 0.0, 'criterion': 'entropy', 'max_depth': 5, 'max_features': 'sqrt', 'n_estimators': 13}
2022-10-24 21:33:17,169 | INFO | -------------------------

2022-10-24 21:33:17,172 | INFO | Train MCC Score: 0.931.  StDev for Train MCC: 0.029.  Test MCC Score: 0.513.  StDev for Test MCC: 0.102.

2022-10-24 21:33:17,172 | INFO | Training:
2022-10-24 21:33:17,185 | INFO | Training Finished.
2022-10-24 21:33:17,192 | INFO | Training Accuracy: 0.948, Training MCC: 0.912, Validation Accuracy: 0.533, Validation MCC: 0.111, Fold: 1
2022-10-24 21:33:17,193 | INFO | Training:
2022-10-24 21:33:17,205 | INFO | Training Finished.
2022-10-24 21:33:17,212 | INFO | Training Accuracy: 0.983, Training MCC: 0.971, Validation Accuracy: 0.667, Validation MCC: 0.435, Fold: 2
2022-10-24 21:33:17,212 | INFO | Training:
2022-10-24 21:33:17,225 | INFO | Training Finished.
2022-10-24 21:33:17,231 | INFO | Training Accuracy: 0.914, Training MCC: 0.853, Validation Accuracy: 0.667, Validation MCC: 0.392, Fold: 3
2022-10-24 21:33:17,232 | INFO | Training:
2022-10-24 21:33:17,244 | INFO | Training Finished.
2022-10-24 21:33:17,251 | INFO | Training Accuracy: 0.983, Training MCC: 0.971, Validation Accuracy: 0.533, Validation MCC: 0.107, Fold: 4
2022-10-24 21:33:17,251 | INFO | Training:
2022-10-24 21:33:17,263 | INFO | Training Finished.
2022-10-24 21:33:17,270 | INFO | Training Accuracy: 0.983, Training MCC: 0.971, Validation Accuracy: 0.600, Validation MCC: 0.276, Fold: 5
2022-10-24 21:33:17,270 | INFO | AVG Training Accuracy: 0.962, AVG Training MCC: 0.936, AVG Validation Accuracy: 0.600, AVG Validation MCC: 0.264

2022-10-24 21:33:17,277 | INFO | Results after PCA:
2022-10-24 21:33:17,278 | INFO | ------------------

2022-10-24 21:33:17,278 | INFO | PCA Starting
2022-10-24 21:33:17,284 | INFO | Selecting 22 principal components making up 75% of the variance.

2022-10-24 21:33:17,285 | INFO | PCA Finished
2022-10-24 21:33:17,285 | INFO | GridSearchCV Starting
2022-10-24 21:34:00,183 | INFO | Best parameter set: {'ccp_alpha': 0.1, 'criterion': 'gini', 'max_depth': 8, 'max_features': 1.0, 'n_estimators': 4}
2022-10-24 21:34:00,183 | INFO | -------------------------

2022-10-24 21:34:00,185 | INFO | Train MCC Score: 0.629.  StDev for Train MCC: 0.024.  Test MCC Score: 0.538.  StDev for Test MCC: 0.099.

2022-10-24 21:34:00,186 | INFO | Training:
2022-10-24 21:34:00,192 | INFO | Training Finished.
2022-10-24 21:34:00,195 | INFO | Training Accuracy: 0.879, Training MCC: 0.794, Validation Accuracy: 0.600, Validation MCC: 0.261, Fold: 1
2022-10-24 21:34:00,196 | INFO | Training:
2022-10-24 21:34:00,201 | INFO | Training Finished.
2022-10-24 21:34:00,204 | INFO | Training Accuracy: 0.810, Training MCC: 0.684, Validation Accuracy: 0.533, Validation MCC: 0.111, Fold: 2
2022-10-24 21:34:00,204 | INFO | Training:
2022-10-24 21:34:00,210 | INFO | Training Finished.
2022-10-24 21:34:00,213 | INFO | Training Accuracy: 0.776, Training MCC: 0.616, Validation Accuracy: 0.533, Validation MCC: 0.209, Fold: 3
2022-10-24 21:34:00,213 | INFO | Training:
2022-10-24 21:34:00,218 | INFO | Training Finished.
2022-10-24 21:34:00,222 | INFO | Training Accuracy: 0.810, Training MCC: 0.676, Validation Accuracy: 0.600, Validation MCC: 0.276, Fold: 4
2022-10-24 21:34:00,222 | INFO | Training:
2022-10-24 21:34:00,227 | INFO | Training Finished.
2022-10-24 21:34:00,231 | INFO | Training Accuracy: 0.759, Training MCC: 0.574, Validation Accuracy: 0.600, Validation MCC: 0.276, Fold: 5
2022-10-24 21:34:00,231 | INFO | AVG Training Accuracy: 0.807, AVG Training MCC: 0.669, AVG Validation Accuracy: 0.573, AVG Validation MCC: 0.227

2022-10-24 21:34:00,233 | INFO | PCA Starting
2022-10-24 21:34:00,239 | INFO | Selecting 26 principal components making up 80% of the variance.

2022-10-24 21:34:00,239 | INFO | PCA Finished
2022-10-24 21:34:00,239 | INFO | GridSearchCV Starting
2022-10-24 21:34:43,695 | INFO | Best parameter set: {'ccp_alpha': 0.2, 'criterion': 'entropy', 'max_depth': 5, 'max_features': 1.0, 'n_estimators': 5}
2022-10-24 21:34:43,696 | INFO | -------------------------

2022-10-24 21:34:43,697 | INFO | Train MCC Score: 0.737.  StDev for Train MCC: 0.052.  Test MCC Score: 0.552.  StDev for Test MCC: 0.107.

2022-10-24 21:34:43,698 | INFO | Training:
2022-10-24 21:34:43,705 | INFO | Training Finished.
2022-10-24 21:34:43,709 | INFO | Training Accuracy: 0.845, Training MCC: 0.740, Validation Accuracy: 0.733, Validation MCC: 0.522, Fold: 1
2022-10-24 21:34:43,709 | INFO | Training:
2022-10-24 21:34:43,716 | INFO | Training Finished.
2022-10-24 21:34:43,719 | INFO | Training Accuracy: 0.845, Training MCC: 0.734, Validation Accuracy: 0.733, Validation MCC: 0.528, Fold: 2
2022-10-24 21:34:43,719 | INFO | Training:
2022-10-24 21:34:43,726 | INFO | Training Finished.
2022-10-24 21:34:43,730 | INFO | Training Accuracy: 0.759, Training MCC: 0.600, Validation Accuracy: 0.600, Validation MCC: 0.296, Fold: 3
2022-10-24 21:34:43,730 | INFO | Training:
2022-10-24 21:34:43,737 | INFO | Training Finished.
2022-10-24 21:34:43,740 | INFO | Training Accuracy: 0.759, Training MCC: 0.573, Validation Accuracy: 0.600, Validation MCC: 0.276, Fold: 4
2022-10-24 21:34:43,740 | INFO | Training:
2022-10-24 21:34:43,747 | INFO | Training Finished.
2022-10-24 21:34:43,751 | INFO | Training Accuracy: 0.845, Training MCC: 0.736, Validation Accuracy: 0.600, Validation MCC: 0.246, Fold: 5
2022-10-24 21:34:43,751 | INFO | AVG Training Accuracy: 0.810, AVG Training MCC: 0.677, AVG Validation Accuracy: 0.653, AVG Validation MCC: 0.374

2022-10-24 21:34:43,752 | INFO | PCA Starting
2022-10-24 21:34:43,757 | INFO | Selecting 31 principal components making up 85% of the variance.

2022-10-24 21:34:43,758 | INFO | PCA Finished
2022-10-24 21:34:43,758 | INFO | GridSearchCV Starting
2022-10-24 21:35:27,743 | INFO | Best parameter set: {'ccp_alpha': 0.2, 'criterion': 'entropy', 'max_depth': 10, 'max_features': 1.0, 'n_estimators': 21}
2022-10-24 21:35:27,744 | INFO | -------------------------

2022-10-24 21:35:27,745 | INFO | Train MCC Score: 0.805.  StDev for Train MCC: 0.072.  Test MCC Score: 0.530.  StDev for Test MCC: 0.083.

2022-10-24 21:35:27,746 | INFO | Training:
2022-10-24 21:35:27,770 | INFO | Training Finished.
2022-10-24 21:35:27,776 | INFO | Training Accuracy: 0.828, Training MCC: 0.702, Validation Accuracy: 0.600, Validation MCC: 0.321, Fold: 1
2022-10-24 21:35:27,776 | INFO | Training:
2022-10-24 21:35:27,800 | INFO | Training Finished.
2022-10-24 21:35:27,805 | INFO | Training Accuracy: 0.879, Training MCC: 0.795, Validation Accuracy: 0.667, Validation MCC: 0.404, Fold: 2
2022-10-24 21:35:27,806 | INFO | Training:
2022-10-24 21:35:27,829 | INFO | Training Finished.
2022-10-24 21:35:27,834 | INFO | Training Accuracy: 0.862, Training MCC: 0.764, Validation Accuracy: 0.800, Validation MCC: 0.653, Fold: 3
2022-10-24 21:35:27,835 | INFO | Training:
2022-10-24 21:35:27,858 | INFO | Training Finished.
2022-10-24 21:35:27,863 | INFO | Training Accuracy: 0.914, Training MCC: 0.853, Validation Accuracy: 0.600, Validation MCC: 0.336, Fold: 4
2022-10-24 21:35:27,864 | INFO | Training:
2022-10-24 21:35:27,887 | INFO | Training Finished.
2022-10-24 21:35:27,892 | INFO | Training Accuracy: 0.914, Training MCC: 0.852, Validation Accuracy: 0.667, Validation MCC: 0.419, Fold: 5
2022-10-24 21:35:27,893 | INFO | AVG Training Accuracy: 0.879, AVG Training MCC: 0.793, AVG Validation Accuracy: 0.667, AVG Validation MCC: 0.427

2022-10-24 21:35:27,894 | INFO | PCA Starting
2022-10-24 21:35:27,900 | INFO | Selecting 36 principal components making up 90% of the variance.

2022-10-24 21:35:27,901 | INFO | PCA Finished
2022-10-24 21:35:27,901 | INFO | GridSearchCV Starting
2022-10-24 21:36:12,564 | INFO | Best parameter set: {'ccp_alpha': 0.1, 'criterion': 'entropy', 'max_depth': 4, 'max_features': 1.0, 'n_estimators': 8}
2022-10-24 21:36:12,564 | INFO | -------------------------

2022-10-24 21:36:12,566 | INFO | Train MCC Score: 0.919.  StDev for Train MCC: 0.050.  Test MCC Score: 0.561.  StDev for Test MCC: 0.177.

2022-10-24 21:36:12,567 | INFO | Training:
2022-10-24 21:36:12,578 | INFO | Training Finished.
2022-10-24 21:36:12,582 | INFO | Training Accuracy: 0.897, Training MCC: 0.825, Validation Accuracy: 0.667, Validation MCC: 0.392, Fold: 1
2022-10-24 21:36:12,582 | INFO | Training:
2022-10-24 21:36:12,593 | INFO | Training Finished.
2022-10-24 21:36:12,597 | INFO | Training Accuracy: 0.931, Training MCC: 0.883, Validation Accuracy: 0.667, Validation MCC: 0.479, Fold: 2
2022-10-24 21:36:12,597 | INFO | Training:
2022-10-24 21:36:12,607 | INFO | Training Finished.
2022-10-24 21:36:12,611 | INFO | Training Accuracy: 0.948, Training MCC: 0.913, Validation Accuracy: 0.667, Validation MCC: 0.400, Fold: 3
2022-10-24 21:36:12,612 | INFO | Training:
2022-10-24 21:36:12,622 | INFO | Training Finished.
2022-10-24 21:36:12,626 | INFO | Training Accuracy: 0.983, Training MCC: 0.971, Validation Accuracy: 0.667, Validation MCC: 0.419, Fold: 4
2022-10-24 21:36:12,626 | INFO | Training:
2022-10-24 21:36:12,637 | INFO | Training Finished.
2022-10-24 21:36:12,641 | INFO | Training Accuracy: 0.931, Training MCC: 0.882, Validation Accuracy: 0.667, Validation MCC: 0.419, Fold: 5
2022-10-24 21:36:12,641 | INFO | AVG Training Accuracy: 0.938, AVG Training MCC: 0.895, AVG Validation Accuracy: 0.667, AVG Validation MCC: 0.422

2022-10-24 21:36:12,643 | INFO | PCA Starting
2022-10-24 21:36:12,649 | INFO | Selecting 45 principal components making up 95% of the variance.

2022-10-24 21:36:12,650 | INFO | PCA Finished
2022-10-24 21:36:12,650 | INFO | GridSearchCV Starting
2022-10-24 21:36:58,372 | INFO | Best parameter set: {'ccp_alpha': 0.0, 'criterion': 'gini', 'max_depth': 9, 'max_features': 1.0, 'n_estimators': 13}
2022-10-24 21:36:58,372 | INFO | -------------------------

2022-10-24 21:36:58,374 | INFO | Train MCC Score: 0.983.  StDev for Train MCC: 0.023.  Test MCC Score: 0.533.  StDev for Test MCC: 0.192.

2022-10-24 21:36:58,375 | INFO | Training:
2022-10-24 21:36:58,388 | INFO | Training Finished.
2022-10-24 21:36:58,393 | INFO | Training Accuracy: 0.983, Training MCC: 0.971, Validation Accuracy: 0.467, Validation MCC: 0.000, Fold: 1
2022-10-24 21:36:58,394 | INFO | Training:
2022-10-24 21:36:58,407 | INFO | Training Finished.
2022-10-24 21:36:58,411 | INFO | Training Accuracy: 0.966, Training MCC: 0.941, Validation Accuracy: 0.800, Validation MCC: 0.673, Fold: 2
2022-10-24 21:36:58,412 | INFO | Training:
2022-10-24 21:36:58,425 | INFO | Training Finished.
2022-10-24 21:36:58,429 | INFO | Training Accuracy: 1.000, Training MCC: 1.000, Validation Accuracy: 0.733, Validation MCC: 0.554, Fold: 3
2022-10-24 21:36:58,430 | INFO | Training:
2022-10-24 21:36:58,443 | INFO | Training Finished.
2022-10-24 21:36:58,447 | INFO | Training Accuracy: 0.966, Training MCC: 0.942, Validation Accuracy: 0.667, Validation MCC: 0.426, Fold: 4
2022-10-24 21:36:58,447 | INFO | Training:
2022-10-24 21:36:58,461 | INFO | Training Finished.
2022-10-24 21:36:58,465 | INFO | Training Accuracy: 1.000, Training MCC: 1.000, Validation Accuracy: 0.667, Validation MCC: 0.419, Fold: 5
2022-10-24 21:36:58,466 | INFO | AVG Training Accuracy: 0.983, AVG Training MCC: 0.971, AVG Validation Accuracy: 0.667, AVG Validation MCC: 0.415

2022-10-24 21:36:58,467 | INFO | PCA Starting
2022-10-24 21:36:58,474 | INFO | Selecting 73 principal components making up 100% of the variance.

2022-10-24 21:36:58,474 | INFO | PCA Finished
2022-10-24 21:36:58,474 | INFO | GridSearchCV Starting
2022-10-24 21:37:47,552 | INFO | Best parameter set: {'ccp_alpha': 0.1, 'criterion': 'entropy', 'max_depth': 4, 'max_features': 1.0, 'n_estimators': 17}
2022-10-24 21:37:47,553 | INFO | -------------------------

2022-10-24 21:37:47,554 | INFO | Train MCC Score: 0.971.  StDev for Train MCC: 0.045.  Test MCC Score: 0.540.  StDev for Test MCC: 0.089.

2022-10-24 21:37:47,555 | INFO | Training:
2022-10-24 21:37:47,580 | INFO | Training Finished.
2022-10-24 21:37:47,585 | INFO | Training Accuracy: 0.983, Training MCC: 0.971, Validation Accuracy: 0.600, Validation MCC: 0.246, Fold: 1
2022-10-24 21:37:47,586 | INFO | Training:
2022-10-24 21:37:47,612 | INFO | Training Finished.
2022-10-24 21:37:47,617 | INFO | Training Accuracy: 1.000, Training MCC: 1.000, Validation Accuracy: 0.600, Validation MCC: 0.246, Fold: 2
2022-10-24 21:37:47,617 | INFO | Training:
2022-10-24 21:37:47,643 | INFO | Training Finished.
2022-10-24 21:37:47,648 | INFO | Training Accuracy: 1.000, Training MCC: 1.000, Validation Accuracy: 0.667, Validation MCC: 0.400, Fold: 3
2022-10-24 21:37:47,648 | INFO | Training:
2022-10-24 21:37:47,674 | INFO | Training Finished.
2022-10-24 21:37:47,680 | INFO | Training Accuracy: 0.983, Training MCC: 0.971, Validation Accuracy: 0.533, Validation MCC: 0.173, Fold: 4
2022-10-24 21:37:47,680 | INFO | Training:
2022-10-24 21:37:47,706 | INFO | Training Finished.
2022-10-24 21:37:47,711 | INFO | Training Accuracy: 0.983, Training MCC: 0.971, Validation Accuracy: 0.667, Validation MCC: 0.419, Fold: 5
2022-10-24 21:37:47,712 | INFO | AVG Training Accuracy: 0.990, AVG Training MCC: 0.983, AVG Validation Accuracy: 0.613, AVG Validation MCC: 0.297

2022-10-24 21:37:47,720 | INFO | KNN Classifier Results:

2022-10-24 21:37:47,722 | INFO | GridSearchCV Starting
2022-10-24 21:38:41,451 | INFO | Best parameter set: {'leaf_size': 5, 'n_neighbors': 27, 'p': 1, 'weights': 'distance'}
2022-10-24 21:38:41,452 | INFO | -------------------------

2022-10-24 21:38:41,453 | INFO | Train MCC Score: 1.000.  StDev for Train MCC: 0.000.  Test MCC Score: 0.239.  StDev for Test MCC: 0.216.

2022-10-24 21:38:41,453 | INFO | Training:
2022-10-24 21:38:41,457 | INFO | Training Finished.
2022-10-24 21:38:41,591 | INFO | Training Accuracy: 1.000, Training MCC: 1.000, Validation Accuracy: 0.533, Validation MCC: 0.072, Fold: 1
2022-10-24 21:38:41,592 | INFO | Training:
2022-10-24 21:38:41,597 | INFO | Training Finished.
2022-10-24 21:38:41,673 | INFO | Training Accuracy: 1.000, Training MCC: 1.000, Validation Accuracy: 0.467, Validation MCC: -0.062, Fold: 2
2022-10-24 21:38:41,673 | INFO | Training:
2022-10-24 21:38:41,679 | INFO | Training Finished.
2022-10-24 21:38:41,754 | INFO | Training Accuracy: 1.000, Training MCC: 1.000, Validation Accuracy: 0.533, Validation MCC: 0.131, Fold: 3
2022-10-24 21:38:41,754 | INFO | Training:
2022-10-24 21:38:41,759 | INFO | Training Finished.
2022-10-24 21:38:41,834 | INFO | Training Accuracy: 1.000, Training MCC: 1.000, Validation Accuracy: 0.533, Validation MCC: 0.151, Fold: 4
2022-10-24 21:38:41,834 | INFO | Training:
2022-10-24 21:38:41,840 | INFO | Training Finished.
2022-10-24 21:38:41,915 | INFO | Training Accuracy: 1.000, Training MCC: 1.000, Validation Accuracy: 0.600, Validation MCC: 0.261, Fold: 5
2022-10-24 21:38:41,915 | INFO | AVG Training Accuracy: 1.000, AVG Training MCC: 1.000, AVG Validation Accuracy: 0.533, AVG Validation MCC: 0.111

2022-10-24 21:38:41,916 | INFO | Forward Selection Starting
2022-10-25 02:26:17,757 | INFO | Forward Selection Finished
2022-10-25 02:26:17,758 | INFO | SFS only results:

2022-10-25 02:26:17,759 | INFO | GridSearchCV Starting
2022-10-25 02:27:06,079 | INFO | Best parameter set: {'leaf_size': 5, 'n_neighbors': 27, 'p': 1, 'weights': 'distance'}
2022-10-25 02:27:06,079 | INFO | -------------------------

2022-10-25 02:27:06,081 | INFO | Train MCC Score: 1.000.  StDev for Train MCC: 0.000.  Test MCC Score: 0.516.  StDev for Test MCC: 0.118.

2022-10-25 02:27:06,081 | INFO | Training:
2022-10-25 02:27:06,084 | INFO | Training Finished.
2022-10-25 02:27:06,144 | INFO | Training Accuracy: 1.000, Training MCC: 1.000, Validation Accuracy: 0.733, Validation MCC: 0.569, Fold: 1
2022-10-25 02:27:06,145 | INFO | Training:
2022-10-25 02:27:06,149 | INFO | Training Finished.
2022-10-25 02:27:06,219 | INFO | Training Accuracy: 1.000, Training MCC: 1.000, Validation Accuracy: 0.533, Validation MCC: 0.000, Fold: 2
2022-10-25 02:27:06,220 | INFO | Training:
2022-10-25 02:27:06,224 | INFO | Training Finished.
2022-10-25 02:27:06,294 | INFO | Training Accuracy: 1.000, Training MCC: 1.000, Validation Accuracy: 0.600, Validation MCC: 0.270, Fold: 3
2022-10-25 02:27:06,295 | INFO | Training:
2022-10-25 02:27:06,299 | INFO | Training Finished.
2022-10-25 02:27:06,370 | INFO | Training Accuracy: 1.000, Training MCC: 1.000, Validation Accuracy: 0.667, Validation MCC: 0.462, Fold: 4
2022-10-25 02:27:06,370 | INFO | Training:
2022-10-25 02:27:06,375 | INFO | Training Finished.
2022-10-25 02:27:06,447 | INFO | Training Accuracy: 1.000, Training MCC: 1.000, Validation Accuracy: 0.667, Validation MCC: 0.409, Fold: 5
2022-10-25 02:27:06,447 | INFO | AVG Training Accuracy: 1.000, AVG Training MCC: 1.000, AVG Validation Accuracy: 0.640, AVG Validation MCC: 0.342

2022-10-25 02:27:06,451 | INFO | Results after PCA:
2022-10-25 02:27:06,451 | INFO | ------------------

2022-10-25 02:27:06,452 | INFO | PCA Starting
2022-10-25 02:27:06,460 | INFO | Selecting 21 principal components making up 75% of the variance.

2022-10-25 02:27:06,461 | INFO | PCA Finished
2022-10-25 02:27:06,461 | INFO | GridSearchCV Starting
2022-10-25 02:27:48,998 | INFO | Best parameter set: {'leaf_size': 5, 'n_neighbors': 19, 'p': 1, 'weights': 'distance'}
2022-10-25 02:27:48,998 | INFO | -------------------------

2022-10-25 02:27:49,000 | INFO | Train MCC Score: 1.000.  StDev for Train MCC: 0.000.  Test MCC Score: 0.428.  StDev for Test MCC: 0.319.

2022-10-25 02:27:49,000 | INFO | Training:
2022-10-25 02:27:49,002 | INFO | Training Finished.
2022-10-25 02:27:49,061 | INFO | Training Accuracy: 1.000, Training MCC: 1.000, Validation Accuracy: 0.533, Validation MCC: 0.135, Fold: 1
2022-10-25 02:27:49,062 | INFO | Training:
2022-10-25 02:27:49,064 | INFO | Training Finished.
2022-10-25 02:27:49,132 | INFO | Training Accuracy: 1.000, Training MCC: 1.000, Validation Accuracy: 0.600, Validation MCC: 0.246, Fold: 2
2022-10-25 02:27:49,133 | INFO | Training:
2022-10-25 02:27:49,135 | INFO | Training Finished.
2022-10-25 02:27:49,202 | INFO | Training Accuracy: 1.000, Training MCC: 1.000, Validation Accuracy: 0.733, Validation MCC: 0.569, Fold: 3
2022-10-25 02:27:49,203 | INFO | Training:
2022-10-25 02:27:49,205 | INFO | Training Finished.
2022-10-25 02:27:49,273 | INFO | Training Accuracy: 1.000, Training MCC: 1.000, Validation Accuracy: 0.533, Validation MCC: 0.072, Fold: 4
2022-10-25 02:27:49,273 | INFO | Training:
2022-10-25 02:27:49,275 | INFO | Training Finished.
2022-10-25 02:27:49,344 | INFO | Training Accuracy: 1.000, Training MCC: 1.000, Validation Accuracy: 0.533, Validation MCC: 0.111, Fold: 5
2022-10-25 02:27:49,344 | INFO | AVG Training Accuracy: 1.000, AVG Training MCC: 1.000, AVG Validation Accuracy: 0.587, AVG Validation MCC: 0.227

2022-10-25 02:27:49,346 | INFO | PCA Starting
2022-10-25 02:27:49,354 | INFO | Selecting 24 principal components making up 80% of the variance.

2022-10-25 02:27:49,355 | INFO | PCA Finished
2022-10-25 02:27:49,355 | INFO | GridSearchCV Starting
2022-10-25 02:28:34,627 | INFO | Best parameter set: {'leaf_size': 5, 'n_neighbors': 15, 'p': 1, 'weights': 'distance'}
2022-10-25 02:28:34,627 | INFO | -------------------------

2022-10-25 02:28:34,628 | INFO | Train MCC Score: 1.000.  StDev for Train MCC: 0.000.  Test MCC Score: 0.472.  StDev for Test MCC: 0.242.

2022-10-25 02:28:34,629 | INFO | Training:
2022-10-25 02:28:34,631 | INFO | Training Finished.
2022-10-25 02:28:34,702 | INFO | Training Accuracy: 1.000, Training MCC: 1.000, Validation Accuracy: 0.600, Validation MCC: 0.305, Fold: 1
2022-10-25 02:28:34,703 | INFO | Training:
2022-10-25 02:28:34,705 | INFO | Training Finished.
2022-10-25 02:28:34,773 | INFO | Training Accuracy: 1.000, Training MCC: 1.000, Validation Accuracy: 0.667, Validation MCC: 0.462, Fold: 2
2022-10-25 02:28:34,773 | INFO | Training:
2022-10-25 02:28:34,775 | INFO | Training Finished.
2022-10-25 02:28:34,843 | INFO | Training Accuracy: 1.000, Training MCC: 1.000, Validation Accuracy: 0.733, Validation MCC: 0.569, Fold: 3
2022-10-25 02:28:34,843 | INFO | Training:
2022-10-25 02:28:34,845 | INFO | Training Finished.
2022-10-25 02:28:34,913 | INFO | Training Accuracy: 1.000, Training MCC: 1.000, Validation Accuracy: 0.600, Validation MCC: 0.246, Fold: 4
2022-10-25 02:28:34,913 | INFO | Training:
2022-10-25 02:28:34,915 | INFO | Training Finished.
2022-10-25 02:28:34,984 | INFO | Training Accuracy: 1.000, Training MCC: 1.000, Validation Accuracy: 0.600, Validation MCC: 0.261, Fold: 5
2022-10-25 02:28:34,984 | INFO | AVG Training Accuracy: 1.000, AVG Training MCC: 1.000, AVG Validation Accuracy: 0.640, AVG Validation MCC: 0.369

2022-10-25 02:28:34,986 | INFO | PCA Starting
2022-10-25 02:28:34,994 | INFO | Selecting 28 principal components making up 85% of the variance.

2022-10-25 02:28:34,995 | INFO | PCA Finished
2022-10-25 02:28:34,995 | INFO | GridSearchCV Starting
2022-10-25 02:29:20,818 | INFO | Best parameter set: {'leaf_size': 5, 'n_neighbors': 15, 'p': 1, 'weights': 'distance'}
2022-10-25 02:29:20,818 | INFO | -------------------------

2022-10-25 02:29:20,819 | INFO | Train MCC Score: 1.000.  StDev for Train MCC: 0.000.  Test MCC Score: 0.479.  StDev for Test MCC: 0.233.

2022-10-25 02:29:20,820 | INFO | Training:
2022-10-25 02:29:20,822 | INFO | Training Finished.
2022-10-25 02:29:20,880 | INFO | Training Accuracy: 1.000, Training MCC: 1.000, Validation Accuracy: 0.600, Validation MCC: 0.276, Fold: 1
2022-10-25 02:29:20,881 | INFO | Training:
2022-10-25 02:29:20,883 | INFO | Training Finished.
2022-10-25 02:29:20,952 | INFO | Training Accuracy: 1.000, Training MCC: 1.000, Validation Accuracy: 0.600, Validation MCC: 0.296, Fold: 2
2022-10-25 02:29:20,952 | INFO | Training:
2022-10-25 02:29:20,954 | INFO | Training Finished.
2022-10-25 02:29:21,022 | INFO | Training Accuracy: 1.000, Training MCC: 1.000, Validation Accuracy: 0.733, Validation MCC: 0.569, Fold: 3
2022-10-25 02:29:21,022 | INFO | Training:
2022-10-25 02:29:21,024 | INFO | Training Finished.
2022-10-25 02:29:21,093 | INFO | Training Accuracy: 1.000, Training MCC: 1.000, Validation Accuracy: 0.600, Validation MCC: 0.246, Fold: 4
2022-10-25 02:29:21,093 | INFO | Training:
2022-10-25 02:29:21,095 | INFO | Training Finished.
2022-10-25 02:29:21,167 | INFO | Training Accuracy: 1.000, Training MCC: 1.000, Validation Accuracy: 0.667, Validation MCC: 0.409, Fold: 5
2022-10-25 02:29:21,167 | INFO | AVG Training Accuracy: 1.000, AVG Training MCC: 1.000, AVG Validation Accuracy: 0.640, AVG Validation MCC: 0.359

2022-10-25 02:29:21,169 | INFO | PCA Starting
2022-10-25 02:29:21,177 | INFO | Selecting 33 principal components making up 90% of the variance.

2022-10-25 02:29:21,178 | INFO | PCA Finished
2022-10-25 02:29:21,178 | INFO | GridSearchCV Starting
2022-10-25 02:30:07,039 | INFO | Best parameter set: {'leaf_size': 5, 'n_neighbors': 11, 'p': 1, 'weights': 'distance'}
2022-10-25 02:30:07,039 | INFO | -------------------------

2022-10-25 02:30:07,040 | INFO | Train MCC Score: 1.000.  StDev for Train MCC: 0.000.  Test MCC Score: 0.541.  StDev for Test MCC: 0.228.

2022-10-25 02:30:07,041 | INFO | Training:
2022-10-25 02:30:07,042 | INFO | Training Finished.
2022-10-25 02:30:07,101 | INFO | Training Accuracy: 1.000, Training MCC: 1.000, Validation Accuracy: 0.733, Validation MCC: 0.539, Fold: 1
2022-10-25 02:30:07,102 | INFO | Training:
2022-10-25 02:30:07,104 | INFO | Training Finished.
2022-10-25 02:30:07,173 | INFO | Training Accuracy: 1.000, Training MCC: 1.000, Validation Accuracy: 0.467, Validation MCC: 0.159, Fold: 2
2022-10-25 02:30:07,173 | INFO | Training:
2022-10-25 02:30:07,175 | INFO | Training Finished.
2022-10-25 02:30:07,243 | INFO | Training Accuracy: 1.000, Training MCC: 1.000, Validation Accuracy: 0.800, Validation MCC: 0.693, Fold: 3
2022-10-25 02:30:07,244 | INFO | Training:
2022-10-25 02:30:07,246 | INFO | Training Finished.
2022-10-25 02:30:07,315 | INFO | Training Accuracy: 1.000, Training MCC: 1.000, Validation Accuracy: 0.600, Validation MCC: 0.246, Fold: 4
2022-10-25 02:30:07,315 | INFO | Training:
2022-10-25 02:30:07,317 | INFO | Training Finished.
2022-10-25 02:30:07,386 | INFO | Training Accuracy: 1.000, Training MCC: 1.000, Validation Accuracy: 0.667, Validation MCC: 0.409, Fold: 5
2022-10-25 02:30:07,386 | INFO | AVG Training Accuracy: 1.000, AVG Training MCC: 1.000, AVG Validation Accuracy: 0.653, AVG Validation MCC: 0.409

2022-10-25 02:30:07,389 | INFO | PCA Starting
2022-10-25 02:30:07,397 | INFO | Selecting 40 principal components making up 95% of the variance.

2022-10-25 02:30:07,397 | INFO | PCA Finished
2022-10-25 02:30:07,397 | INFO | GridSearchCV Starting
2022-10-25 02:30:53,405 | INFO | Best parameter set: {'leaf_size': 5, 'n_neighbors': 11, 'p': 1, 'weights': 'distance'}
2022-10-25 02:30:53,405 | INFO | -------------------------

2022-10-25 02:30:53,406 | INFO | Train MCC Score: 1.000.  StDev for Train MCC: 0.000.  Test MCC Score: 0.405.  StDev for Test MCC: 0.215.

2022-10-25 02:30:53,407 | INFO | Training:
2022-10-25 02:30:53,409 | INFO | Training Finished.
2022-10-25 02:30:53,468 | INFO | Training Accuracy: 1.000, Training MCC: 1.000, Validation Accuracy: 0.667, Validation MCC: 0.442, Fold: 1
2022-10-25 02:30:53,469 | INFO | Training:
2022-10-25 02:30:53,471 | INFO | Training Finished.
2022-10-25 02:30:53,541 | INFO | Training Accuracy: 1.000, Training MCC: 1.000, Validation Accuracy: 0.400, Validation MCC: 0.024, Fold: 2
2022-10-25 02:30:53,541 | INFO | Training:
2022-10-25 02:30:53,543 | INFO | Training Finished.
2022-10-25 02:30:53,613 | INFO | Training Accuracy: 1.000, Training MCC: 1.000, Validation Accuracy: 0.600, Validation MCC: 0.276, Fold: 3
2022-10-25 02:30:53,613 | INFO | Training:
2022-10-25 02:30:53,615 | INFO | Training Finished.
2022-10-25 02:30:53,684 | INFO | Training Accuracy: 1.000, Training MCC: 1.000, Validation Accuracy: 0.600, Validation MCC: 0.261, Fold: 4
2022-10-25 02:30:53,685 | INFO | Training:
2022-10-25 02:30:53,687 | INFO | Training Finished.
2022-10-25 02:30:53,758 | INFO | Training Accuracy: 1.000, Training MCC: 1.000, Validation Accuracy: 0.600, Validation MCC: 0.261, Fold: 5
2022-10-25 02:30:53,759 | INFO | AVG Training Accuracy: 1.000, AVG Training MCC: 1.000, AVG Validation Accuracy: 0.573, AVG Validation MCC: 0.253

2022-10-25 02:30:53,761 | INFO | PCA Starting
2022-10-25 02:30:53,769 | INFO | Selecting 73 principal components making up 100% of the variance.

2022-10-25 02:30:53,769 | INFO | PCA Finished
2022-10-25 02:30:53,770 | INFO | GridSearchCV Starting
2022-10-25 02:31:40,300 | INFO | Best parameter set: {'leaf_size': 5, 'n_neighbors': 9, 'p': 2, 'weights': 'distance'}
2022-10-25 02:31:40,300 | INFO | -------------------------

2022-10-25 02:31:40,301 | INFO | Train MCC Score: 1.000.  StDev for Train MCC: 0.000.  Test MCC Score: 0.396.  StDev for Test MCC: 0.178.

2022-10-25 02:31:40,302 | INFO | Training:
2022-10-25 02:31:40,303 | INFO | Training Finished.
2022-10-25 02:31:40,375 | INFO | Training Accuracy: 1.000, Training MCC: 1.000, Validation Accuracy: 0.600, Validation MCC: 0.386, Fold: 1
2022-10-25 02:31:40,375 | INFO | Training:
2022-10-25 02:31:40,378 | INFO | Training Finished.
2022-10-25 02:31:40,446 | INFO | Training Accuracy: 1.000, Training MCC: 1.000, Validation Accuracy: 0.333, Validation MCC: 0.047, Fold: 2
2022-10-25 02:31:40,446 | INFO | Training:
2022-10-25 02:31:40,449 | INFO | Training Finished.
2022-10-25 02:31:40,518 | INFO | Training Accuracy: 1.000, Training MCC: 1.000, Validation Accuracy: 0.733, Validation MCC: 0.570, Fold: 3
2022-10-25 02:31:40,518 | INFO | Training:
2022-10-25 02:31:40,521 | INFO | Training Finished.
2022-10-25 02:31:40,589 | INFO | Training Accuracy: 1.000, Training MCC: 1.000, Validation Accuracy: 0.533, Validation MCC: 0.300, Fold: 4
2022-10-25 02:31:40,589 | INFO | Training:
2022-10-25 02:31:40,592 | INFO | Training Finished.
2022-10-25 02:31:40,662 | INFO | Training Accuracy: 1.000, Training MCC: 1.000, Validation Accuracy: 0.667, Validation MCC: 0.409, Fold: 5
2022-10-25 02:31:40,662 | INFO | AVG Training Accuracy: 1.000, AVG Training MCC: 1.000, AVG Validation Accuracy: 0.573, AVG Validation MCC: 0.342

2022-10-25 02:31:40,668 | INFO | -----------------------------------------------------

